<?xml version="1.0" encoding="utf-8"?>
<TestRun id="ee4019ab-df52-423f-b8cd-8ccde0ae25f2" name="sexto@SEXTONXPS 2026-06-02 00:52:41" runUser="SEXTONXPS\sexto" xmlns="http://microsoft.com/schemas/VisualStudio/TeamTest/2010">
  <Times creation="2026-06-02T00:52:41.6320754+01:00" queuing="2026-06-02T00:52:41.6320760+01:00" start="2026-06-02T00:52:39.3887582+01:00" finish="2026-06-02T00:52:43.4081796+01:00" />
  <TestSettings name="default" id="2927ce47-87c5-4f47-8132-c7fbebd8461c">
    <Deployment runDeploymentRoot="sexto_SEXTONXPS_2026-06-02_00_52_41" />
  </TestSettings>
  <Results>
    <UnitTestResult executionId="eccc7917-1d39-40c9-9152-a396f4f4bf6d" testId="9d84e32e-19e5-faf7-f259-9585d1f83948" testName="Syrx.Sqlite.Tests.Integration.DatabaseCommanderTests.SqliteQueryAsync.TwoTypes" computerName="SEXTONXPS" duration="00:00:00.0010000" startTime="2026-06-02T00:52:41.5761880+01:00" endTime="2026-06-02T00:52:41.5770008+01:00" testType="13cdc9d9-ddb5-4fa4-a97d-d965ccfc6d4b" outcome="NotExecuted" testListId="8c84fa94-04c1-424b-9868-57a2d4851a1d" relativeResultsDirectory="eccc7917-1d39-40c9-9152-a396f4f4bf6d">
      <Output>
        <ErrorInfo>
          <Message>Change to the integration test breaks non-parameterized assertion.</Message>
        </ErrorInfo>
      </Output>
    </UnitTestResult>
    <UnitTestResult executionId="c8cc5877-00c9-48c0-aba3-5fed798a30b5" testId="6d368e3f-5bff-3c7a-b9c0-89e54409b8b5" testName="Syrx.Sqlite.Tests.Integration.DatabaseCommanderTests.SqliteDispose.Successfully" computerName="SEXTONXPS" duration="00:00:00.0005304" startTime="2026-06-02T00:52:42.6686184+01:00" endTime="2026-06-02T00:52:42.6690957+01:00" testType="13cdc9d9-ddb5-4fa4-a97d-d965ccfc6d4b" outcome="Passed" testListId="8c84fa94-04c1-424b-9868-57a2d4851a1d" relativeResultsDirectory="c8cc5877-00c9-48c0-aba3-5fed798a30b5" />
    <UnitTestResult executionId="b2470a46-0fb5-483f-882b-cb7395955b33" testId="df687636-e118-b7a4-6cc8-15616a86ca22" testName="Syrx.Sqlite.Tests.Integration.DatabaseCommanderTests.SqliteQueryAsync.SixTypesWithParameters&lt;ImmutableType, ImmutableType, ImmutableType, ImmutableType, ImmutableType, ImmutableType, ImmutableSixType&lt;ImmutableType, ImmutableType, ImmutableType, ImmutableType, ImmutableType, ImmutableType, ImmutableType&gt;&gt;(input: SixType { One = ImmutableType { Id = 1, Name = entry 1, Value = 10, Modified = 01/06/2026 00:00:00 }, Two = ImmutableType { Id = 2, Name = entry 2, Value = 20, Modified = 01/06/2026 00:00:00 }, Three = ImmutableType { Id = 3, Name = entry 3, Value = 30, Modified = 01/06/2026 00:00:00 }, Four = ImmutableType { Id = 4, Name = entry 4, Value = 40, Modified = 01/06/2026 00:00:00 }, Five = ImmutableType { Id = 5, Name = entry 5, Value = 50, Modified = 01/06/2026 00:00:00 }, Six = ImmutableType { Id = 6, Name = entry 6, Value = 60, Modified = 01/06/2026 00:00:00 }, Map = System.Func`7[Syrx.Commanders.Databases.Tests.Integration.Models.Immutable.ImmutableType,Syrx.Commanders.Databases.Tests.Integration.Models.Immutable.ImmutableType,Syrx.Commanders.Databases.Tests.Integration.Models.Immutable.ImmutableType,Syrx.Commanders.Databases.Tests.Integration.Models.Immutable.ImmutableType,Syrx.Commanders.Databases.Tests.Integration.Models.Immutable.ImmutableType,Syrx.Commanders.Databases.Tests.Integration.Models.Immutable.ImmutableType,Syrx.Commanders.Databases.Tests.Integration.Models.Immutable.ImmutableSixType`7[Syrx.Commanders.Databases.Tests.Integration.Models.Immutable.ImmutableType,Syrx.Commanders.Databases.Tests.Integration.Models.Immutable.ImmutableType,Syrx.Commanders.Databases.Tests.Integration.Models.Immutable.ImmutableType,Syrx.Commanders.Databases.Tests.Integration.Models.Immutable.ImmutableType,Syrx.Commanders.Databases.Tests.Integration.Models.Immutable.ImmutableType,Syrx.Commanders.Databases.Tests.Integration.Models.Immutable.ImmutableType,Syrx.Commanders.Databases.Tests.Integration.Models.Immutable.ImmutableType]], Parameters = { id = 1 }, Method =  })" computerName="SEXTONXPS" duration="00:00:00.0084035" startTime="2026-06-02T00:52:41.7592552+01:00" endTime="2026-06-02T00:52:41.7676864+01:00" testType="13cdc9d9-ddb5-4fa4-a97d-d965ccfc6d4b" outcome="Passed" testListId="8c84fa94-04c1-424b-9868-57a2d4851a1d" relativeResultsDirectory="b2470a46-0fb5-483f-882b-cb7395955b33" />
    <UnitTestResult executionId="7c6102ee-69e7-4741-a047-29cae98e751f" testId="1dc8e557-ae56-58be-c496-f8c383092585" testName="Syrx.Sqlite.Tests.Integration.DatabaseCommanderTests.SqliteExecute.SingleType&lt;PrimaryConstructorImmutableType&gt;(input: SingleType { One = Syrx.Commanders.Databases.Tests.Integration.Models.Immutable.PrimaryConstructorImmutableType, Parameters = { id = 3 } })" computerName="SEXTONXPS" duration="00:00:00.0058489" startTime="2026-06-02T00:52:42.6422599+01:00" endTime="2026-06-02T00:52:42.6480172+01:00" testType="13cdc9d9-ddb5-4fa4-a97d-d965ccfc6d4b" outcome="Passed" testListId="8c84fa94-04c1-424b-9868-57a2d4851a1d" relativeResultsDirectory="7c6102ee-69e7-4741-a047-29cae98e751f" />
    <UnitTestResult executionId="12d508d9-3987-413d-983d-9e57cfe231e2" testId="70397c13-eb37-5692-967f-fbecf0bf3249" testName="Syrx.Sqlite.Tests.Integration.DatabaseCommanderTests.SqliteExecuteAsync.Successful" computerName="SEXTONXPS" duration="00:00:00.0096776" startTime="2026-06-02T00:52:42.4909319+01:00" endTime="2026-06-02T00:52:42.5004835+01:00" testType="13cdc9d9-ddb5-4fa4-a97d-d965ccfc6d4b" outcome="Passed" testListId="8c84fa94-04c1-424b-9868-57a2d4851a1d" relativeResultsDirectory="12d508d9-3987-413d-983d-9e57cfe231e2" />
    <UnitTestResult executionId="4758dff7-c765-4be1-9e84-6fbea6d3b6c9" testId="41fd5f24-508b-d15d-cece-38a46273b6cc" testName="Syrx.Sqlite.Tests.Integration.DatabaseCommanderTests.SqliteQuery.FiveTypesWithParameters&lt;ImmutableType, ImmutableType, ImmutableType, ImmutableType, ImmutableType, ImmutableFiveType&lt;ImmutableType, ImmutableType, ImmutableType, ImmutableType, ImmutableType, ImmutableType&gt;&gt;(input: FiveType { One = ImmutableType { Id = 1, Name = entry 1, Value = 10, Modified = 01/06/2026 00:00:00 }, Two = ImmutableType { Id = 2, Name = entry 2, Value = 20, Modified = 01/06/2026 00:00:00 }, Three = ImmutableType { Id = 3, Name = entry 3, Value = 30, Modified = 01/06/2026 00:00:00 }, Four = ImmutableType { Id = 4, Name = entry 4, Value = 40, Modified = 01/06/2026 00:00:00 }, Five = ImmutableType { Id = 5, Name = entry 5, Value = 50, Modified = 01/06/2026 00:00:00 }, Map = System.Func`6[Syrx.Commanders.Databases.Tests.Integration.Models.Immutable.ImmutableType,Syrx.Commanders.Databases.Tests.Integration.Models.Immutable.ImmutableType,Syrx.Commanders.Databases.Tests.Integration.Models.Immutable.ImmutableType,Syrx.Commanders.Databases.Tests.Integration.Models.Immutable.ImmutableType,Syrx.Commanders.Databases.Tests.Integration.Models.Immutable.ImmutableType,Syrx.Commanders.Databases.Tests.Integration.Models.Immutable.ImmutableFiveType`6[Syrx.Commanders.Databases.Tests.Integration.Models.Immutable.ImmutableType,Syrx.Commanders.Databases.Tests.Integration.Models.Immutable.ImmutableType,Syrx.Commanders.Databases.Tests.Integration.Models.Immutable.ImmutableType,Syrx.Commanders.Databases.Tests.Integration.Models.Immutable.ImmutableType,Syrx.Commanders.Databases.Tests.Integration.Models.Immutable.ImmutableType,Syrx.Commanders.Databases.Tests.Integration.Models.Immutable.ImmutableType]], Parameters = { id = 1 }, Method =  })" computerName="SEXTONXPS" duration="00:00:00.0064671" startTime="2026-06-02T00:52:42.2464557+01:00" endTime="2026-06-02T00:52:42.2521937+01:00" testType="13cdc9d9-ddb5-4fa4-a97d-d965ccfc6d4b" outcome="Passed" testListId="8c84fa94-04c1-424b-9868-57a2d4851a1d" relativeResultsDirectory="4758dff7-c765-4be1-9e84-6fbea6d3b6c9" />
    <UnitTestResult executionId="bb23e589-1821-45f7-a3af-c15494e2706c" testId="8aa10dbd-a2fe-830b-f057-f6b9612abbbd" testName="Syrx.Sqlite.Tests.Integration.DatabaseCommanderTests.SqliteQuery.ThreeTypeMultiple&lt;ImmutableType, ImmutableType, ImmutableType, ImmutableThreeType&lt;IEnumerable&lt;ImmutableType&gt;, IEnumerable&lt;ImmutableType&gt;, IEnumerable&lt;ImmutableType&gt;, IEnumerable&lt;ImmutableType&gt;&gt;&gt;(input: ThreeType { One = System.Linq.Enumerable+RangeSelectIterator`2[System.Int32,Syrx.Commanders.Databases.Tests.Integration.Models.Immutable.ImmutableType], Two = System.Linq.Enumerable+RangeSelectIterator`2[System.Int32,Syrx.Commanders.Databases.Tests.Integration.Models.Immutable.ImmutableType], Three = System.Linq.Enumerable+RangeSelectIterator`2[System.Int32,Syrx.Commanders.Databases.Tests.Integration.Models.Immutable.ImmutableType], Map = System.Func`4[System.Collections.Generic.IEnumerable`1[Syrx.Commanders.Databases.Tests.Integration.Models.Immutable.ImmutableType],System.Collections.Generic.IEnumerable`1[Syrx.Commanders.Databases.Tests.Integration.Models.Immutable.ImmutableType],System.Collections.Generic.IEnumerable`1[Syrx.Commanders.Databases.Tests.Integration.Models.Immutable.ImmutableType],System.Collections.Generic.IEnumerable`1[Syrx.Commanders.Databases.Tests.Integration.Models.Immutable.ImmutableThreeType`4[System.Collections.Generic.IEnumerable`1[Syrx.Commanders.Databases.Tests.Integration.Models.Immutable.ImmutableType],System.Collections.Generic.IEnumerable`1[Syrx.Commanders.Databases.Tests.Integration.Models.Immutable.ImmutableType],System.Collections.Generic.IEnumerable`1[Syrx.Commanders.Databases.Tests.Integration.Models.Immutable.ImmutableType],System.Collections.Generic.IEnumerable`1[Syrx.Commanders.Databases.Tests.Integration.Models.Immutable.ImmutableType]]]], Parameters = , Method =  })" computerName="SEXTONXPS" duration="00:00:00.0104396" startTime="2026-06-02T00:52:42.2859063+01:00" endTime="2026-06-02T00:52:42.2955179+01:00" testType="13cdc9d9-ddb5-4fa4-a97d-d965ccfc6d4b" outcome="Passed" testListId="8c84fa94-04c1-424b-9868-57a2d4851a1d" relativeResultsDirectory="bb23e589-1821-45f7-a3af-c15494e2706c" />
    <UnitTestResult executionId="be192b4e-39b8-438c-a363-94f98136aeda" testId="e4994040-8480-cc6d-10eb-11bc4f1bf144" testName="Syrx.Sqlite.Tests.Integration.DatabaseCommanderTests.SqliteQuery.SingleTypeWithParameters&lt;MutableType&gt;(input: SingleType { One = MutableType { Id = 1, Name = entry 1, Value = 10, Modified = 01/06/2026 00:00:00 }, Parameters = { id = 1 } })" computerName="SEXTONXPS" duration="00:00:00.0056527" startTime="2026-06-02T00:52:42.1937189+01:00" endTime="2026-06-02T00:52:42.1981120+01:00" testType="13cdc9d9-ddb5-4fa4-a97d-d965ccfc6d4b" outcome="Passed" testListId="8c84fa94-04c1-424b-9868-57a2d4851a1d" relativeResultsDirectory="be192b4e-39b8-438c-a363-94f98136aeda" />
    <UnitTestResult executionId="7e23431d-210a-4921-a34f-a87591ecf96c" testId="9623ed9f-dfd5-e05d-27bc-bf762a285b8e" testName="Syrx.Sqlite.Tests.Integration.DatabaseCommanderTests.SqliteExecuteAsync.NullModelThrowsArgumentNullException" computerName="SEXTONXPS" duration="00:00:00.0027646" startTime="2026-06-02T00:52:42.5007896+01:00" endTime="2026-06-02T00:52:42.5034370+01:00" testType="13cdc9d9-ddb5-4fa4-a97d-d965ccfc6d4b" outcome="Passed" testListId="8c84fa94-04c1-424b-9868-57a2d4851a1d" relativeResultsDirectory="7e23431d-210a-4921-a34f-a87591ecf96c" />
    <UnitTestResult executionId="8c2c9512-73d4-4a22-93aa-6502f4b829b2" testId="f8f8cc99-4adc-3ed9-8e48-90850769cd47" testName="Syrx.Sqlite.Tests.Integration.DatabaseCommanderTests.SqliteQueryAsync.FifteenTypesWithParameters&lt;ImmutableType, ImmutableType, ImmutableType, ImmutableType, ImmutableType, ImmutableType, ImmutableType, ImmutableType, ImmutableType, ImmutableType, ImmutableType, ImmutableType, ImmutableType, ImmutableType, ImmutableType, ImmutableFifteenType&lt;ImmutableType, ImmutableType, ImmutableType, ImmutableType, ImmutableType, ImmutableType, ImmutableType, ImmutableType, ImmutableType, ImmutableType, ImmutableType, ImmutableType, ImmutableType, ImmutableType, ImmutableType, ImmutableType&gt;&gt;(input: FifteenType { One = ImmutableType { Id = 1, Name = entry 1, Value = 10, Modified = 01/06/2026 00:00:00 }, Two = ImmutableType { Id = 2, Name = entry 2, Value = 20, Modified = 01/06/2026 00:00:00 }, Three = ImmutableType { Id = 3, Name = entry 3, Value = 30, Modified = 01/06/2026 00:00:00 }, Four = ImmutableType { Id = 4, Name = entry 4, Value = 40, Modified = 01/06/2026 00:00:00 }, Five = ImmutableType { Id = 5, Name = entry 5, Value = 50, Modified = 01/06/2026 00:00:00 }, Six = ImmutableType { Id = 6, Name = entry 6, Value = 60, Modified = 01/06/2026 00:00:00 }, Seven = ImmutableType { Id = 7, Name = entry 7, Value = 70, Modified = 01/06/2026 00:00:00 }, Eight = ImmutableType { Id = 8, Name = entry 8, Value = 80, Modified = 01/06/2026 00:00:00 }, Nine = ImmutableType { Id = 9, Name = entry 9, Value = 90, Modified = 01/06/2026 00:00:00 }, Ten = ImmutableType { Id = 10, Name = entry 10, Value = 100, Modified = 01/06/2026 00:00:00 }, Eleven = ImmutableType { Id = 11, Name = entry 11, Value = 110, Modified = 01/06/2026 00:00:00 }, Twelve = ImmutableType { Id = 12, Name = entry 12, Value = 120, Modified = 01/06/2026 00:00:00 }, Thirteen = ImmutableType { Id = 13, Name = entry 13, Value = 130, Modified = 01/06/2026 00:00:00 }, Fourteen = ImmutableType { Id = 14, Name = entry 14, Value = 140, Modified = 01/06/2026 00:00:00 }, Fifteen = ImmutableType { Id = 15, Name = entry 15, Value = 150, Modified = 01/06/2026 00:00:00 }, Map = System.Func`16[Syrx.Commanders.Databases.Tests.Integration.Models.Immutable.ImmutableType,Syrx.Commanders.Databases.Tests.Integration.Models.Immutable.ImmutableType,Syrx.Commanders.Databases.Tests.Integration.Models.Immutable.ImmutableType,Syrx.Commanders.Databases.Tests.Integration.Models.Immutable.ImmutableType,Syrx.Commanders.Databases.Tests.Integration.Models.Immutable.ImmutableType,Syrx.Commanders.Databases.Tests.Integration.Models.Immutable.ImmutableType,Syrx.Commanders.Databases.Tests.Integration.Models.Immutable.ImmutableType,Syrx.Commanders.Databases.Tests.Integration.Models.Immutable.ImmutableType,Syrx.Commanders.Databases.Tests.Integration.Models.Immutable.ImmutableType,Syrx.Commanders.Databases.Tests.Integration.Models.Immutable.ImmutableType,Syrx.Commanders.Databases.Tests.Integration.Models.Immutable.ImmutableType,Syrx.Commanders.Databases.Tests.Integration.Models.Immutable.ImmutableType,Syrx.Commanders.Databases.Tests.Integration.Models.Immutable.ImmutableType,Syrx.Commanders.Databases.Tests.Integration.Models.Immutable.ImmutableType,Syrx.Commanders.Databases.Tests.Integration.Models.Immutable.ImmutableType,Syrx.Commanders.Databases.Tests.Integration.Models.Immutable.ImmutableFifteenType`16[Syrx.Commanders.Databases.Tests.Integration.Models.Immutable.ImmutableType,Syrx.Commanders.Databases.Tests.Integration.Models.Immutable.ImmutableType,Syrx.Commanders.Databases.Tests.Integration.Models.Immutable.ImmutableType,Syrx.Commanders.Databases.Tests.Integration.Models.Immutable.ImmutableType,Syrx.Commanders.Databases.Tests.Integration.Models.Immutable.ImmutableType,Syrx.Commanders.Databases.Tests.Integration.Models.Immutable.ImmutableType,Syrx.Commanders.Databases.Tests.Integration.Models.Immutable.ImmutableType,Syrx.Commanders.Databases.Tests.Integration.Models.Immutable.ImmutableType,Syrx.Commanders.Databases.Tests.Integration.Models.Immutable.ImmutableType,Syrx.Commanders.Databases.Tests.Integration.Models.Immutable.ImmutableType,Syrx.Commanders.Databases.Tests.Integration.Models.Immutable.ImmutableType,Syrx.Commanders.Databases.Tests.Integration.Models.Immutable.ImmutableType,Syrx.Commanders.Databases.Tests.Integration.Models.Immutable.ImmutableType,Syrx.Commanders.Databases.Tests.Integration.Models.Immutable.ImmutableType,Syrx.Commanders.Databases.Tests.Integration.Models.Immutable.ImmutableType,Syrx.Commanders.Databases.Tests.Integration.Models.Immutable.ImmutableType]], Parameters = { id = 1 }, Method =  })" computerName="SEXTONXPS" duration="00:00:00.0192244" startTime="2026-06-02T00:52:42.0159129+01:00" endTime="2026-06-02T00:52:42.0352669+01:00" testType="13cdc9d9-ddb5-4fa4-a97d-d965ccfc6d4b" outcome="Passed" testListId="8c84fa94-04c1-424b-9868-57a2d4851a1d" relativeResultsDirectory="8c2c9512-73d4-4a22-93aa-6502f4b829b2" />
    <UnitTestResult executionId="46a3c4ca-dbdd-47bc-8096-9093e4e6ef09" testId="aeca4cd4-c61e-fd7d-649b-a672f03c6a4f" testName="Syrx.Sqlite.Tests.Integration.DatabaseCommanderTests.SqliteQueryAsync.ExceptionsAreReturnedToCaller" computerName="SEXTONXPS" duration="00:00:00.0123831" startTime="2026-06-02T00:52:41.6827407+01:00" endTime="2026-06-02T00:52:41.6924887+01:00" testType="13cdc9d9-ddb5-4fa4-a97d-d965ccfc6d4b" outcome="Passed" testListId="8c84fa94-04c1-424b-9868-57a2d4851a1d" relativeResultsDirectory="46a3c4ca-dbdd-47bc-8096-9093e4e6ef09" />
    <UnitTestResult executionId="0020f4b3-bcc4-4bb8-9de2-e75faba6c1e4" testId="574a31f1-f44f-e45b-06d4-e5b654e1f336" testName="Syrx.Sqlite.Tests.Integration.DatabaseCommanderTests.SqliteQueryAsync.OneTypeMultiple&lt;ImmutableType, ImmutableOneType&lt;IEnumerable&lt;ImmutableType&gt;, IEnumerable&lt;ImmutableType&gt;&gt;&gt;(input: OneType { One = &lt;&gt;z__ReadOnlySingleElementList`1[Syrx.Commanders.Databases.Tests.Integration.Models.Immutable.ImmutableType], Map = System.Func`2[System.Collections.Generic.IEnumerable`1[Syrx.Commanders.Databases.Tests.Integration.Models.Immutable.ImmutableType],System.Collections.Generic.IEnumerable`1[Syrx.Commanders.Databases.Tests.Integration.Models.Immutable.ImmutableOneType`2[System.Collections.Generic.IEnumerable`1[Syrx.Commanders.Databases.Tests.Integration.Models.Immutable.ImmutableType],System.Collections.Generic.IEnumerable`1[Syrx.Commanders.Databases.Tests.Integration.Models.Immutable.ImmutableType]]]], Parameters = , Method = OneTypeMultiple })" computerName="SEXTONXPS" duration="00:00:00.0304969" startTime="2026-06-02T00:52:41.6941878+01:00" endTime="2026-06-02T00:52:41.7247269+01:00" testType="13cdc9d9-ddb5-4fa4-a97d-d965ccfc6d4b" outcome="Passed" testListId="8c84fa94-04c1-424b-9868-57a2d4851a1d" relativeResultsDirectory="0020f4b3-bcc4-4bb8-9de2-e75faba6c1e4" />
    <UnitTestResult executionId="35959849-74f4-4147-b62c-3492b8746638" testId="e4994040-8480-cc6d-10eb-11bc4f1bf144" testName="Syrx.Sqlite.Tests.Integration.DatabaseCommanderTests.SqliteQuery.SingleTypeWithParameters&lt;ImmutableType&gt;(input: SingleType { One = ImmutableType { Id = 1, Name = entry 1, Value = 10, Modified = 01/06/2026 00:00:00 }, Parameters = { id = 1 } })" computerName="SEXTONXPS" duration="00:00:00.0088030" startTime="2026-06-02T00:52:42.1850675+01:00" endTime="2026-06-02T00:52:42.1928824+01:00" testType="13cdc9d9-ddb5-4fa4-a97d-d965ccfc6d4b" outcome="Passed" testListId="8c84fa94-04c1-424b-9868-57a2d4851a1d" relativeResultsDirectory="35959849-74f4-4147-b62c-3492b8746638" />
    <UnitTestResult executionId="779b427a-b245-410e-af90-e7a1b79189d9" testId="07e54ca2-3819-061e-cf27-59c9f2b9316f" testName="Syrx.Sqlite.Tests.Integration.DatabaseCommanderTests.SqliteQueryAsync.SingleType" computerName="SEXTONXPS" duration="00:00:00.0010000" startTime="2026-06-02T00:52:41.9071513+01:00" endTime="2026-06-02T00:52:41.9072261+01:00" testType="13cdc9d9-ddb5-4fa4-a97d-d965ccfc6d4b" outcome="NotExecuted" testListId="8c84fa94-04c1-424b-9868-57a2d4851a1d" relativeResultsDirectory="779b427a-b245-410e-af90-e7a1b79189d9">
      <Output>
        <ErrorInfo>
          <Message>Change to the integration test breaks non-parameterized assertion.</Message>
        </ErrorInfo>
      </Output>
    </UnitTestResult>
    <UnitTestResult executionId="f3017f92-ba25-4d13-84df-08cc9313a6f7" testId="02684031-d190-41a9-f0c1-12a780388fdb" testName="Syrx.Sqlite.Tests.Integration.DatabaseCommanderTests.SqliteQueryAsync.SixteenTypesWithParameters&lt;ImmutableType, ImmutableType, ImmutableType, ImmutableType, ImmutableType, ImmutableType, ImmutableType, ImmutableType, ImmutableType, ImmutableType, ImmutableType, ImmutableType, ImmutableType, ImmutableType, ImmutableType, ImmutableType, ImmutableSixteenType&lt;ImmutableType, ImmutableType, ImmutableType, ImmutableType, ImmutableType, ImmutableType, ImmutableType, ImmutableType, ImmutableType, ImmutableType, ImmutableType, ImmutableType, ImmutableType, ImmutableType, ImmutableType, ImmutableType, ImmutableType&gt;&gt;(input: SixteenType { One = ImmutableType { Id = 1, Name = entry 1, Value = 10, Modified = 01/06/2026 00:00:00 }, Two = ImmutableType { Id = 2, Name = entry 2, Value = 20, Modified = 01/06/2026 00:00:00 }, Three = ImmutableType { Id = 3, Name = entry 3, Value = 30, Modified = 01/06/2026 00:00:00 }, Four = ImmutableType { Id = 4, Name = entry 4, Value = 40, Modified = 01/06/2026 00:00:00 }, Five = ImmutableType { Id = 5, Name = entry 5, Value = 50, Modified = 01/06/2026 00:00:00 }, Six = ImmutableType { Id = 6, Name = entry 6, Value = 60, Modified = 01/06/2026 00:00:00 }, Seven = ImmutableType { Id = 7, Name = entry 7, Value = 70, Modified = 01/06/2026 00:00:00 }, Eight = ImmutableType { Id = 8, Name = entry 8, Value = 80, Modified = 01/06/2026 00:00:00 }, Nine = ImmutableType { Id = 9, Name = entry 9, Value = 90, Modified = 01/06/2026 00:00:00 }, Ten = ImmutableType { Id = 10, Name = entry 10, Value = 100, Modified = 01/06/2026 00:00:00 }, Eleven = ImmutableType { Id = 11, Name = entry 11, Value = 110, Modified = 01/06/2026 00:00:00 }, Twelve = ImmutableType { Id = 12, Name = entry 12, Value = 120, Modified = 01/06/2026 00:00:00 }, Thirteen = ImmutableType { Id = 13, Name = entry 13, Value = 130, Modified = 01/06/2026 00:00:00 }, Fourteen = ImmutableType { Id = 14, Name = entry 14, Value = 140, Modified = 01/06/2026 00:00:00 }, Fifteen = ImmutableType { Id = 15, Name = entry 15, Value = 150, Modified = 01/06/2026 00:00:00 }, Sixteen = ImmutableType { Id = 16, Name = entry 16, Value = 160, Modified = 01/06/2026 00:00:00 }, Map = System.Func`17[Syrx.Commanders.Databases.Tests.Integration.Models.Immutable.ImmutableType,Syrx.Commanders.Databases.Tests.Integration.Models.Immutable.ImmutableType,Syrx.Commanders.Databases.Tests.Integration.Models.Immutable.ImmutableType,Syrx.Commanders.Databases.Tests.Integration.Models.Immutable.ImmutableType,Syrx.Commanders.Databases.Tests.Integration.Models.Immutable.ImmutableType,Syrx.Commanders.Databases.Tests.Integration.Models.Immutable.ImmutableType,Syrx.Commanders.Databases.Tests.Integration.Models.Immutable.ImmutableType,Syrx.Commanders.Databases.Tests.Integration.Models.Immutable.ImmutableType,Syrx.Commanders.Databases.Tests.Integration.Models.Immutable.ImmutableType,Syrx.Commanders.Databases.Tests.Integration.Models.Immutable.ImmutableType,Syrx.Commanders.Databases.Tests.Integration.Models.Immutable.ImmutableType,Syrx.Commanders.Databases.Tests.Integration.Models.Immutable.ImmutableType,Syrx.Commanders.Databases.Tests.Integration.Models.Immutable.ImmutableType,Syrx.Commanders.Databases.Tests.Integration.Models.Immutable.ImmutableType,Syrx.Commanders.Databases.Tests.Integration.Models.Immutable.ImmutableType,Syrx.Commanders.Databases.Tests.Integration.Models.Immutable.ImmutableType,Syrx.Commanders.Databases.Tests.Integration.Models.Immutable.ImmutableSixteenType`17[Syrx.Commanders.Databases.Tests.Integration.Models.Immutable.ImmutableType,Syrx.Commanders.Databases.Tests.Integration.Models.Immutable.ImmutableType,Syrx.Commanders.Databases.Tests.Integration.Models.Immutable.ImmutableType,Syrx.Commanders.Databases.Tests.Integration.Models.Immutable.ImmutableType,Syrx.Commanders.Databases.Tests.Integration.Models.Immutable.ImmutableType,Syrx.Commanders.Databases.Tests.Integration.Models.Immutable.ImmutableType,Syrx.Commanders.Databases.Tests.Integration.Models.Immutable.ImmutableType,Syrx.Commanders.Databases.Tests.Integration.Models.Immutable.ImmutableType,Syrx.Commanders.Databases.Tests.Integration.Models.Immutable.ImmutableType,Syrx.Commanders.Databases.Tests.Integration.Models.Immutable.ImmutableType,Syrx.Commanders.Databases.Tests.Integration.Models.Immutable.ImmutableType,Syrx.Commanders.Databases.Tests.Integration.Models.Immutable.ImmutableType,Syrx.Commanders.Databases.Tests.Integration.Models.Immutable.ImmutableType,Syrx.Commanders.Databases.Tests.Integration.Models.Immutable.ImmutableType,Syrx.Commanders.Databases.Tests.Integration.Models.Immutable.ImmutableType,Syrx.Commanders.Databases.Tests.Integration.Models.Immutable.ImmutableType,Syrx.Commanders.Databases.Tests.Integration.Models.Immutable.ImmutableType]], Parameters = { id = 1 }, Method =  })" computerName="SEXTONXPS" duration="00:00:00.0292796" startTime="2026-06-02T00:52:41.3437889+01:00" endTime="2026-06-02T00:52:41.3730657+01:00" testType="13cdc9d9-ddb5-4fa4-a97d-d965ccfc6d4b" outcome="Passed" testListId="8c84fa94-04c1-424b-9868-57a2d4851a1d" relativeResultsDirectory="f3017f92-ba25-4d13-84df-08cc9313a6f7" />
    <UnitTestResult executionId="a0c6fa11-2f81-485a-8154-9d7772a51611" testId="23e2239e-94b7-552a-f213-2d0bb0b7f993" testName="Syrx.Sqlite.Tests.Integration.DatabaseCommanderTests.SqliteQueryAsync.SevenTypeMultiple&lt;ImmutableType, ImmutableType, ImmutableType, ImmutableType, ImmutableType, ImmutableType, ImmutableType, ImmutableSevenType&lt;IEnumerable&lt;ImmutableType&gt;, IEnumerable&lt;ImmutableType&gt;, IEnumerable&lt;ImmutableType&gt;, IEnumerable&lt;ImmutableType&gt;, IEnumerable&lt;ImmutableType&gt;, IEnumerable&lt;ImmutableType&gt;, IEnumerable&lt;ImmutableType&gt;, IEnumerable&lt;ImmutableType&gt;&gt;&gt;(input: SevenType { One = System.Linq.Enumerable+RangeSelectIterator`2[System.Int32,Syrx.Commanders.Databases.Tests.Integration.Models.Immutable.ImmutableType], Two = System.Linq.Enumerable+RangeSelectIterator`2[System.Int32,Syrx.Commanders.Databases.Tests.Integration.Models.Immutable.ImmutableType], Three = System.Linq.Enumerable+RangeSelectIterator`2[System.Int32,Syrx.Commanders.Databases.Tests.Integration.Models.Immutable.ImmutableType], Four = System.Linq.Enumerable+RangeSelectIterator`2[System.Int32,Syrx.Commanders.Databases.Tests.Integration.Models.Immutable.ImmutableType], Five = System.Linq.Enumerable+RangeSelectIterator`2[System.Int32,Syrx.Commanders.Databases.Tests.Integration.Models.Immutable.ImmutableType], Six = System.Linq.Enumerable+RangeSelectIterator`2[System.Int32,Syrx.Commanders.Databases.Tests.Integration.Models.Immutable.ImmutableType], Seven = System.Linq.Enumerable+RangeSelectIterator`2[System.Int32,Syrx.Commanders.Databases.Tests.Integration.Models.Immutable.ImmutableType], Map = System.Func`8[System.Collections.Generic.IEnumerable`1[Syrx.Commanders.Databases.Tests.Integration.Models.Immutable.ImmutableType],System.Collections.Generic.IEnumerable`1[Syrx.Commanders.Databases.Tests.Integration.Models.Immutable.ImmutableType],System.Collections.Generic.IEnumerable`1[Syrx.Commanders.Databases.Tests.Integration.Models.Immutable.ImmutableType],System.Collections.Generic.IEnumerable`1[Syrx.Commanders.Databases.Tests.Integration.Models.Immutable.ImmutableType],System.Collections.Generic.IEnumerable`1[Syrx.Commanders.Databases.Tests.Integration.Models.Immutable.ImmutableType],System.Collections.Generic.IEnumerable`1[Syrx.Commanders.Databases.Tests.Integration.Models.Immutable.ImmutableType],System.Collections.Generic.IEnumerable`1[Syrx.Commanders.Databases.Tests.Integration.Models.Immutable.ImmutableType],System.Collections.Generic.IEnumerable`1[Syrx.Commanders.Databases.Tests.Integration.Models.Immutable.ImmutableSevenType`8[System.Collections.Generic.IEnumerable`1[Syrx.Commanders.Databases.Tests.Integration.Models.Immutable.ImmutableType],System.Collections.Generic.IEnumerable`1[Syrx.Commanders.Databases.Tests.Integration.Models.Immutable.ImmutableType],System.Collections.Generic.IEnumerable`1[Syrx.Commanders.Databases.Tests.Integration.Models.Immutable.ImmutableType],System.Collections.Generic.IEnumerable`1[Syrx.Commanders.Databases.Tests.Integration.Models.Immutable.ImmutableType],System.Collections.Generic.IEnumerable`1[Syrx.Commanders.Databases.Tests.Integration.Models.Immutable.ImmutableType],System.Collections.Generic.IEnumerable`1[Syrx.Commanders.Databases.Tests.Integration.Models.Immutable.ImmutableType],System.Collections.Generic.IEnumerable`1[Syrx.Commanders.Databases.Tests.Integration.Models.Immutable.ImmutableType],System.Collections.Generic.IEnumerable`1[Syrx.Commanders.Databases.Tests.Integration.Models.Immutable.ImmutableType]]]], Parameters = , Method =  })" computerName="SEXTONXPS" duration="00:00:00.0251129" startTime="2026-06-02T00:52:41.3737943+01:00" endTime="2026-06-02T00:52:41.3989662+01:00" testType="13cdc9d9-ddb5-4fa4-a97d-d965ccfc6d4b" outcome="Passed" testListId="8c84fa94-04c1-424b-9868-57a2d4851a1d" relativeResultsDirectory="a0c6fa11-2f81-485a-8154-9d7772a51611" />
    <UnitTestResult executionId="051ffea9-b671-4891-9e6a-c8c9eecccfe5" testId="14b3a828-593c-9ab3-1736-bea204ab7efa" testName="Syrx.Sqlite.Tests.Integration.DatabaseCommanderTests.SqliteQueryAsync.NineTypeMultiple&lt;ImmutableType, ImmutableType, ImmutableType, ImmutableType, ImmutableType, ImmutableType, ImmutableType, ImmutableType, ImmutableType, ImmutableNineType&lt;IEnumerable&lt;ImmutableType&gt;, IEnumerable&lt;ImmutableType&gt;, IEnumerable&lt;ImmutableType&gt;, IEnumerable&lt;ImmutableType&gt;, IEnumerable&lt;ImmutableType&gt;, IEnumerable&lt;ImmutableType&gt;, IEnumerable&lt;ImmutableType&gt;, IEnumerable&lt;ImmutableType&gt;, IEnumerable&lt;ImmutableType&gt;, IEnumerable&lt;ImmutableType&gt;&gt;&gt;(input: NineType { One = System.Linq.Enumerable+RangeSelectIterator`2[System.Int32,Syrx.Commanders.Databases.Tests.Integration.Models.Immutable.ImmutableType], Two = System.Linq.Enumerable+RangeSelectIterator`2[System.Int32,Syrx.Commanders.Databases.Tests.Integration.Models.Immutable.ImmutableType], Three = System.Linq.Enumerable+RangeSelectIterator`2[System.Int32,Syrx.Commanders.Databases.Tests.Integration.Models.Immutable.ImmutableType], Four = System.Linq.Enumerable+RangeSelectIterator`2[System.Int32,Syrx.Commanders.Databases.Tests.Integration.Models.Immutable.ImmutableType], Five = System.Linq.Enumerable+RangeSelectIterator`2[System.Int32,Syrx.Commanders.Databases.Tests.Integration.Models.Immutable.ImmutableType], Six = System.Linq.Enumerable+RangeSelectIterator`2[System.Int32,Syrx.Commanders.Databases.Tests.Integration.Models.Immutable.ImmutableType], Seven = System.Linq.Enumerable+RangeSelectIterator`2[System.Int32,Syrx.Commanders.Databases.Tests.Integration.Models.Immutable.ImmutableType], Eight = System.Linq.Enumerable+RangeSelectIterator`2[System.Int32,Syrx.Commanders.Databases.Tests.Integration.Models.Immutable.ImmutableType], Nine = System.Linq.Enumerable+RangeSelectIterator`2[System.Int32,Syrx.Commanders.Databases.Tests.Integration.Models.Immutable.ImmutableType], Map = System.Func`10[System.Collections.Generic.IEnumerable`1[Syrx.Commanders.Databases.Tests.Integration.Models.Immutable.ImmutableType],System.Collections.Generic.IEnumerable`1[Syrx.Commanders.Databases.Tests.Integration.Models.Immutable.ImmutableType],System.Collections.Generic.IEnumerable`1[Syrx.Commanders.Databases.Tests.Integration.Models.Immutable.ImmutableType],System.Collections.Generic.IEnumerable`1[Syrx.Commanders.Databases.Tests.Integration.Models.Immutable.ImmutableType],System.Collections.Generic.IEnumerable`1[Syrx.Commanders.Databases.Tests.Integration.Models.Immutable.ImmutableType],System.Collections.Generic.IEnumerable`1[Syrx.Commanders.Databases.Tests.Integration.Models.Immutable.ImmutableType],System.Collections.Generic.IEnumerable`1[Syrx.Commanders.Databases.Tests.Integration.Models.Immutable.ImmutableType],System.Collections.Generic.IEnumerable`1[Syrx.Commanders.Databases.Tests.Integration.Models.Immutable.ImmutableType],System.Collections.Generic.IEnumerable`1[Syrx.Commanders.Databases.Tests.Integration.Models.Immutable.ImmutableType],System.Collections.Generic.IEnumerable`1[Syrx.Commanders.Databases.Tests.Integration.Models.Immutable.ImmutableNineType`10[System.Collections.Generic.IEnumerable`1[Syrx.Commanders.Databases.Tests.Integration.Models.Immutable.ImmutableType],System.Collections.Generic.IEnumerable`1[Syrx.Commanders.Databases.Tests.Integration.Models.Immutable.ImmutableType],System.Collections.Generic.IEnumerable`1[Syrx.Commanders.Databases.Tests.Integration.Models.Immutable.ImmutableType],System.Collections.Generic.IEnumerable`1[Syrx.Commanders.Databases.Tests.Integration.Models.Immutable.ImmutableType],System.Collections.Generic.IEnumerable`1[Syrx.Commanders.Databases.Tests.Integration.Models.Immutable.ImmutableType],System.Collections.Generic.IEnumerable`1[Syrx.Commanders.Databases.Tests.Integration.Models.Immutable.ImmutableType],System.Collections.Generic.IEnumerable`1[Syrx.Commanders.Databases.Tests.Integration.Models.Immutable.ImmutableType],System.Collections.Generic.IEnumerable`1[Syrx.Commanders.Databases.Tests.Integration.Models.Immutable.ImmutableType],System.Collections.Generic.IEnumerable`1[Syrx.Commanders.Databases.Tests.Integration.Models.Immutable.ImmutableType],System.Collections.Generic.IEnumerable`1[Syrx.Commanders.Databases.Tests.Integration.Models.Immutable.ImmutableType]]]], Parameters = , Method =  })" computerName="SEXTONXPS" duration="00:00:00.0292833" startTime="2026-06-02T00:52:41.4583853+01:00" endTime="2026-06-02T00:52:41.4875448+01:00" testType="13cdc9d9-ddb5-4fa4-a97d-d965ccfc6d4b" outcome="Passed" testListId="8c84fa94-04c1-424b-9868-57a2d4851a1d" relativeResultsDirectory="051ffea9-b671-4891-9e6a-c8c9eecccfe5" />
    <UnitTestResult executionId="884270da-dd38-4b67-9cfb-48250ec242f3" testId="54d1ca60-4fa3-1bda-1ce0-9f3190a7d862" testName="Syrx.Sqlite.Tests.Integration.DatabaseCommanderTests.SqliteQueryAsync.FourteenTypeMultiple&lt;ImmutableType, ImmutableType, ImmutableType, ImmutableType, ImmutableType, ImmutableType, ImmutableType, ImmutableType, ImmutableType, ImmutableType, ImmutableType, ImmutableType, ImmutableType, ImmutableType, ImmutableFourteenType&lt;IEnumerable&lt;ImmutableType&gt;, IEnumerable&lt;ImmutableType&gt;, IEnumerable&lt;ImmutableType&gt;, IEnumerable&lt;ImmutableType&gt;, IEnumerable&lt;ImmutableType&gt;, IEnumerable&lt;ImmutableType&gt;, IEnumerable&lt;ImmutableType&gt;, IEnumerable&lt;ImmutableType&gt;, IEnumerable&lt;ImmutableType&gt;, IEnumerable&lt;ImmutableType&gt;, IEnumerable&lt;ImmutableType&gt;, IEnumerable&lt;ImmutableType&gt;, IEnumerable&lt;ImmutableType&gt;, IEnumerable&lt;ImmutableType&gt;, IEnumerable&lt;ImmutableType&gt;&gt;&gt;(input: FourteenType { One = System.Linq.Enumerable+RangeSelectIterator`2[System.Int32,Syrx.Commanders.Databases.Tests.Integration.Models.Immutable.ImmutableType], Two = System.Linq.Enumerable+RangeSelectIterator`2[System.Int32,Syrx.Commanders.Databases.Tests.Integration.Models.Immutable.ImmutableType], Three = System.Linq.Enumerable+RangeSelectIterator`2[System.Int32,Syrx.Commanders.Databases.Tests.Integration.Models.Immutable.ImmutableType], Four = System.Linq.Enumerable+RangeSelectIterator`2[System.Int32,Syrx.Commanders.Databases.Tests.Integration.Models.Immutable.ImmutableType], Five = System.Linq.Enumerable+RangeSelectIterator`2[System.Int32,Syrx.Commanders.Databases.Tests.Integration.Models.Immutable.ImmutableType], Six = System.Linq.Enumerable+RangeSelectIterator`2[System.Int32,Syrx.Commanders.Databases.Tests.Integration.Models.Immutable.ImmutableType], Seven = System.Linq.Enumerable+RangeSelectIterator`2[System.Int32,Syrx.Commanders.Databases.Tests.Integration.Models.Immutable.ImmutableType], Eight = System.Linq.Enumerable+RangeSelectIterator`2[System.Int32,Syrx.Commanders.Databases.Tests.Integration.Models.Immutable.ImmutableType], Nine = System.Linq.Enumerable+RangeSelectIterator`2[System.Int32,Syrx.Commanders.Databases.Tests.Integration.Models.Immutable.ImmutableType], Ten = System.Linq.Enumerable+RangeSelectIterator`2[System.Int32,Syrx.Commanders.Databases.Tests.Integration.Models.Immutable.ImmutableType], Eleven = System.Linq.Enumerable+RangeSelectIterator`2[System.Int32,Syrx.Commanders.Databases.Tests.Integration.Models.Immutable.ImmutableType], Twelve = System.Linq.Enumerable+RangeSelectIterator`2[System.Int32,Syrx.Commanders.Databases.Tests.Integration.Models.Immutable.ImmutableType], Thirteen = System.Linq.Enumerable+RangeSelectIterator`2[System.Int32,Syrx.Commanders.Databases.Tests.Integration.Models.Immutable.ImmutableType], Fourteen = System.Linq.Enumerable+RangeSelectIterator`2[System.Int32,Syrx.Commanders.Databases.Tests.Integration.Models.Immutable.ImmutableType], Map = System.Func`15[System.Collections.Generic.IEnumerable`1[Syrx.Commanders.Databases.Tests.Integration.Models.Immutable.ImmutableType],System.Collections.Generic.IEnumerable`1[Syrx.Commanders.Databases.Tests.Integration.Models.Immutable.ImmutableType],System.Collections.Generic.IEnumerable`1[Syrx.Commanders.Databases.Tests.Integration.Models.Immutable.ImmutableType],System.Collections.Generic.IEnumerable`1[Syrx.Commanders.Databases.Tests.Integration.Models.Immutable.ImmutableType],System.Collections.Generic.IEnumerable`1[Syrx.Commanders.Databases.Tests.Integration.Models.Immutable.ImmutableType],System.Collections.Generic.IEnumerable`1[Syrx.Commanders.Databases.Tests.Integration.Models.Immutable.ImmutableType],System.Collections.Generic.IEnumerable`1[Syrx.Commanders.Databases.Tests.Integration.Models.Immutable.ImmutableType],System.Collections.Generic.IEnumerable`1[Syrx.Commanders.Databases.Tests.Integration.Models.Immutable.ImmutableType],System.Collections.Generic.IEnumerable`1[Syrx.Commanders.Databases.Tests.Integration.Models.Immutable.ImmutableType],System.Collections.Generic.IEnumerable`1[Syrx.Commanders.Databases.Tests.Integration.Models.Immutable.ImmutableType],System.Collections.Generic.IEnumerable`1[Syrx.Commanders.Databases.Tests.Integration.Models.Immutable.ImmutableType],System.Collections.Generic.IEnumerable`1[Syrx.Commanders.Databases.Tests.Integration.Models.Immutable.ImmutableType],System.Collections.Generic.IEnumerable`1[Syrx.Commanders.Databases.Tests.Integration.Models.Immutable.ImmutableType],System.Collections.Generic.IEnumerable`1[Syrx.Commanders.Databases.Tests.Integration.Models.Immutable.ImmutableType],System.Collections.Generic.IEnumerable`1[Syrx.Commanders.Databases.Tests.Integration.Models.Immutable.ImmutableFourteenType`15[System.Collections.Generic.IEnumerable`1[Syrx.Commanders.Databases.Tests.Integration.Models.Immutable.ImmutableType],System.Collections.Generic.IEnumerable`1[Syrx.Commanders.Databases.Tests.Integration.Models.Immutable.ImmutableType],System.Collections.Generic.IEnumerable`1[Syrx.Commanders.Databases.Tests.Integration.Models.Immutable.ImmutableType],System.Collections.Generic.IEnumerable`1[Syrx.Commanders.Databases.Tests.Integration.Models.Immutable.ImmutableType],System.Collections.Generic.IEnumerable`1[Syrx.Commanders.Databases.Tests.Integration.Models.Immutable.ImmutableType],System.Collections.Generic.IEnumerable`1[Syrx.Commanders.Databases.Tests.Integration.Models.Immutable.ImmutableType],System.Collections.Generic.IEnumerable`1[Syrx.Commanders.Databases.Tests.Integration.Models.Immutable.ImmutableType],System.Collections.Generic.IEnumerable`1[Syrx.Commanders.Databases.Tests.Integration.Models.Immutable.ImmutableType],System.Collections.Generic.IEnumerable`1[Syrx.Commanders.Databases.Tests.Integration.Models.Immutable.ImmutableType],System.Collections.Generic.IEnumerable`1[Syrx.Commanders.Databases.Tests.Integration.Models.Immutable.ImmutableType],System.Collections.Generic.IEnumerable`1[Syrx.Commanders.Databases.Tests.Integration.Models.Immutable.ImmutableType],System.Collections.Generic.IEnumerable`1[Syrx.Commanders.Databases.Tests.Integration.Models.Immutable.ImmutableType],System.Collections.Generic.IEnumerable`1[Syrx.Commanders.Databases.Tests.Integration.Models.Immutable.ImmutableType],System.Collections.Generic.IEnumerable`1[Syrx.Commanders.Databases.Tests.Integration.Models.Immutable.ImmutableType],System.Collections.Generic.IEnumerable`1[Syrx.Commanders.Databases.Tests.Integration.Models.Immutable.ImmutableType]]]], Parameters = , Method =  })" computerName="SEXTONXPS" duration="00:00:00.0201662" startTime="2026-06-02T00:52:41.4013527+01:00" endTime="2026-06-02T00:52:41.4215086+01:00" testType="13cdc9d9-ddb5-4fa4-a97d-d965ccfc6d4b" outcome="Passed" testListId="8c84fa94-04c1-424b-9868-57a2d4851a1d" relativeResultsDirectory="884270da-dd38-4b67-9cfb-48250ec242f3" />
    <UnitTestResult executionId="675910cb-684a-4bb2-abf6-91802d443187" testId="9e52e97c-8a5e-d090-37e4-a491e6330b31" testName="Syrx.Sqlite.Tests.Integration.SqliteSmokeRepositoryTests.Insert_WithInvalidId_Throws" computerName="SEXTONXPS" duration="00:00:00.0007800" startTime="2026-06-02T00:52:43.2182129+01:00" endTime="2026-06-02T00:52:43.2187158+01:00" testType="13cdc9d9-ddb5-4fa4-a97d-d965ccfc6d4b" outcome="Passed" testListId="8c84fa94-04c1-424b-9868-57a2d4851a1d" relativeResultsDirectory="675910cb-684a-4bb2-abf6-91802d443187" />
    <UnitTestResult executionId="16960b4f-ae46-43b8-b117-6a18332f5f3f" testId="493ef344-7bf4-79aa-14e0-3da979418ad4" testName="Syrx.Sqlite.Tests.Integration.DatabaseCommanderTests.SqliteExecute.SupportsSuppressedDistributedTransactions" computerName="SEXTONXPS" duration="00:00:00.0149346" startTime="2026-06-02T00:52:42.6038499+01:00" endTime="2026-06-02T00:52:42.6184157+01:00" testType="13cdc9d9-ddb5-4fa4-a97d-d965ccfc6d4b" outcome="Passed" testListId="8c84fa94-04c1-424b-9868-57a2d4851a1d" relativeResultsDirectory="16960b4f-ae46-43b8-b117-6a18332f5f3f" />
    <UnitTestResult executionId="5b3d54af-0b1d-4488-9cf5-fbafa30d7e9f" testId="29c8b4c2-92c3-4479-3ea5-288a3f629a5b" testName="Syrx.Sqlite.Tests.Integration.DatabaseCommanderTests.SqliteQuery.TwoTypesWithParameters&lt;ImmutableType, ImmutableType, ImmutableTwoType&lt;ImmutableType, ImmutableType, ImmutableType&gt;&gt;(input: TwoType { One = ImmutableType { Id = 1, Name = entry 1, Value = 10, Modified = 01/06/2026 00:00:00 }, Two = ImmutableType { Id = 2, Name = entry 2, Value = 20, Modified = 01/06/2026 00:00:00 }, Map = System.Func`3[Syrx.Commanders.Databases.Tests.Integration.Models.Immutable.ImmutableType,Syrx.Commanders.Databases.Tests.Integration.Models.Immutable.ImmutableType,Syrx.Commanders.Databases.Tests.Integration.Models.Immutable.ImmutableTwoType`3[Syrx.Commanders.Databases.Tests.Integration.Models.Immutable.ImmutableType,Syrx.Commanders.Databases.Tests.Integration.Models.Immutable.ImmutableType,Syrx.Commanders.Databases.Tests.Integration.Models.Immutable.ImmutableType]], Parameters = { id = 1 }, Method =  })" computerName="SEXTONXPS" duration="00:00:00.0063413" startTime="2026-06-02T00:52:42.2119142+01:00" endTime="2026-06-02T00:52:42.2183061+01:00" testType="13cdc9d9-ddb5-4fa4-a97d-d965ccfc6d4b" outcome="Passed" testListId="8c84fa94-04c1-424b-9868-57a2d4851a1d" relativeResultsDirectory="5b3d54af-0b1d-4488-9cf5-fbafa30d7e9f" />
    <UnitTestResult executionId="71358a93-7863-4023-aa98-745ffe5ab0b8" testId="a039576b-bd76-68a4-15bf-2b7a65517602" testName="Syrx.Sqlite.Tests.Integration.DatabaseCommanderTests.SqliteQuery.ExceptionsAreReturnedToCaller" computerName="SEXTONXPS" duration="00:00:00.0031204" startTime="2026-06-02T00:52:42.3842361+01:00" endTime="2026-06-02T00:52:42.3871787+01:00" testType="13cdc9d9-ddb5-4fa4-a97d-d965ccfc6d4b" outcome="Passed" testListId="8c84fa94-04c1-424b-9868-57a2d4851a1d" relativeResultsDirectory="71358a93-7863-4023-aa98-745ffe5ab0b8" />
    <UnitTestResult executionId="d5d39df1-ebec-448a-b572-d3a6b9ace06b" testId="7ab5c76e-475e-c49d-8442-1db3dbe35131" testName="Syrx.Sqlite.Tests.Integration.SqliteSmokeRepositoryTests.Insert_MultipleRows_CanBeRetrievedIndependently" computerName="SEXTONXPS" duration="00:00:00.0296872" startTime="2026-06-02T00:52:43.0857083+01:00" endTime="2026-06-02T00:52:43.1152417+01:00" testType="13cdc9d9-ddb5-4fa4-a97d-d965ccfc6d4b" outcome="Passed" testListId="8c84fa94-04c1-424b-9868-57a2d4851a1d" relativeResultsDirectory="d5d39df1-ebec-448a-b572-d3a6b9ace06b" />
    <UnitTestResult executionId="9632035b-32df-47ea-82c0-b163a1f639e9" testId="e4994040-8480-cc6d-10eb-11bc4f1bf144" testName="Syrx.Sqlite.Tests.Integration.DatabaseCommanderTests.SqliteQuery.SingleTypeWithParameters&lt;RecordType&gt;(input: SingleType { One = RecordType { Id = 2, Name = entry 2, Value = 20, Modified = 01/06/2026 00:00:00 }, Parameters = { id = 2 } })" computerName="SEXTONXPS" duration="00:00:00.0028480" startTime="2026-06-02T00:52:42.1986703+01:00" endTime="2026-06-02T00:52:42.2010792+01:00" testType="13cdc9d9-ddb5-4fa4-a97d-d965ccfc6d4b" outcome="Passed" testListId="8c84fa94-04c1-424b-9868-57a2d4851a1d" relativeResultsDirectory="9632035b-32df-47ea-82c0-b163a1f639e9" />
    <UnitTestResult executionId="d433d601-99ea-49d8-b9f8-ebf687947a15" testId="b280cd21-9248-fccf-cbd9-d8b3f351e1f4" testName="Syrx.Sqlite.Tests.Integration.DatabaseCommanderTests.SqliteQueryAsync.TwoTypesWithParameters&lt;ImmutableType, ImmutableType, ImmutableFiveType&lt;Int32, String, Decimal, DateTime, ImmutableType, ImmutableType&gt;&gt;(input: TwoType { One = ImmutableType { Id = 1, Name = entry 1, Value = 10, Modified = 01/06/2026 00:00:00 }, Two = ImmutableType { Id = 2, Name = entry 2, Value = 20, Modified = 01/06/2026 00:00:00 }, Map = System.Func`3[Syrx.Commanders.Databases.Tests.Integration.Models.Immutable.ImmutableType,Syrx.Commanders.Databases.Tests.Integration.Models.Immutable.ImmutableType,Syrx.Commanders.Databases.Tests.Integration.Models.Immutable.ImmutableFiveType`6[System.Int32,System.String,System.Decimal,System.DateTime,Syrx.Commanders.Databases.Tests.Integration.Models.Immutable.ImmutableType,Syrx.Commanders.Databases.Tests.Integration.Models.Immutable.ImmutableType]], Parameters = { id = 1 }, Method =  })" computerName="SEXTONXPS" duration="00:00:00.0058726" startTime="2026-06-02T00:52:41.9189976+01:00" endTime="2026-06-02T00:52:41.9247600+01:00" testType="13cdc9d9-ddb5-4fa4-a97d-d965ccfc6d4b" outcome="Passed" testListId="8c84fa94-04c1-424b-9868-57a2d4851a1d" relativeResultsDirectory="d433d601-99ea-49d8-b9f8-ebf687947a15" />
    <UnitTestResult executionId="9709c0eb-1205-4b7f-9a64-6fc9a64b53b3" testId="ce1138ad-d080-24fa-3dfc-1a19258c15e9" testName="Syrx.Sqlite.Tests.Integration.DatabaseCommanderTests.SqliteExecuteAsync.SupportsTransactionRollback" computerName="SEXTONXPS" duration="00:00:00.0240114" startTime="2026-06-02T00:52:42.4676995+01:00" endTime="2026-06-02T00:52:42.4906336+01:00" testType="13cdc9d9-ddb5-4fa4-a97d-d965ccfc6d4b" outcome="Passed" testListId="8c84fa94-04c1-424b-9868-57a2d4851a1d" relativeResultsDirectory="9709c0eb-1205-4b7f-9a64-6fc9a64b53b3" />
    <UnitTestResult executionId="f13c2f82-36b4-4ed9-b8e5-9f6d788ec8b8" testId="6a7d728f-ae9d-2fde-b680-eb32de46abca" testName="Syrx.Sqlite.Tests.Integration.DatabaseCommanderTests.SqliteQueryAsync.FiveTypeMultiple&lt;ImmutableType, ImmutableType, ImmutableType, ImmutableType, ImmutableType, ImmutableFiveType&lt;IEnumerable&lt;ImmutableType&gt;, IEnumerable&lt;ImmutableType&gt;, IEnumerable&lt;ImmutableType&gt;, IEnumerable&lt;ImmutableType&gt;, IEnumerable&lt;ImmutableType&gt;, IEnumerable&lt;ImmutableType&gt;&gt;&gt;(input: FiveType { One = System.Linq.Enumerable+RangeSelectIterator`2[System.Int32,Syrx.Commanders.Databases.Tests.Integration.Models.Immutable.ImmutableType], Two = System.Linq.Enumerable+RangeSelectIterator`2[System.Int32,Syrx.Commanders.Databases.Tests.Integration.Models.Immutable.ImmutableType], Three = System.Linq.Enumerable+RangeSelectIterator`2[System.Int32,Syrx.Commanders.Databases.Tests.Integration.Models.Immutable.ImmutableType], Four = System.Linq.Enumerable+RangeSelectIterator`2[System.Int32,Syrx.Commanders.Databases.Tests.Integration.Models.Immutable.ImmutableType], Five = System.Linq.Enumerable+RangeSelectIterator`2[System.Int32,Syrx.Commanders.Databases.Tests.Integration.Models.Immutable.ImmutableType], Map = System.Func`6[System.Collections.Generic.IEnumerable`1[Syrx.Commanders.Databases.Tests.Integration.Models.Immutable.ImmutableType],System.Collections.Generic.IEnumerable`1[Syrx.Commanders.Databases.Tests.Integration.Models.Immutable.ImmutableType],System.Collections.Generic.IEnumerable`1[Syrx.Commanders.Databases.Tests.Integration.Models.Immutable.ImmutableType],System.Collections.Generic.IEnumerable`1[Syrx.Commanders.Databases.Tests.Integration.Models.Immutable.ImmutableType],System.Collections.Generic.IEnumerable`1[Syrx.Commanders.Databases.Tests.Integration.Models.Immutable.ImmutableType],System.Collections.Generic.IEnumerable`1[Syrx.Commanders.Databases.Tests.Integration.Models.Immutable.ImmutableFiveType`6[System.Collections.Generic.IEnumerable`1[Syrx.Commanders.Databases.Tests.Integration.Models.Immutable.ImmutableType],System.Collections.Generic.IEnumerable`1[Syrx.Commanders.Databases.Tests.Integration.Models.Immutable.ImmutableType],System.Collections.Generic.IEnumerable`1[Syrx.Commanders.Databases.Tests.Integration.Models.Immutable.ImmutableType],System.Collections.Generic.IEnumerable`1[Syrx.Commanders.Databases.Tests.Integration.Models.Immutable.ImmutableType],System.Collections.Generic.IEnumerable`1[Syrx.Commanders.Databases.Tests.Integration.Models.Immutable.ImmutableType],System.Collections.Generic.IEnumerable`1[Syrx.Commanders.Databases.Tests.Integration.Models.Immutable.ImmutableType]]]], Parameters = , Method =  })" computerName="SEXTONXPS" duration="00:00:00.0409460" startTime="2026-06-02T00:52:41.8454066+01:00" endTime="2026-06-02T00:52:41.8854239+01:00" testType="13cdc9d9-ddb5-4fa4-a97d-d965ccfc6d4b" outcome="Passed" testListId="8c84fa94-04c1-424b-9868-57a2d4851a1d" relativeResultsDirectory="f13c2f82-36b4-4ed9-b8e5-9f6d788ec8b8" />
    <UnitTestResult executionId="517fad36-cd1d-4b7b-a24b-4f0c1715b8e3" testId="00de1d74-9cd4-2226-a8ed-1a98ac567991" testName="Syrx.Sqlite.Tests.Integration.DatabaseCommanderTests.SqliteQueryAsync.SingleTypeWithParameters&lt;RecordType&gt;(input: SingleType { One = RecordType { Id = 2, Name = entry 2, Value = 20, Modified = 01/06/2026 00:00:00 }, Parameters = { id = 2 } })" computerName="SEXTONXPS" duration="00:00:00.0062398" startTime="2026-06-02T00:52:42.0720678+01:00" endTime="2026-06-02T00:52:42.0781188+01:00" testType="13cdc9d9-ddb5-4fa4-a97d-d965ccfc6d4b" outcome="Passed" testListId="8c84fa94-04c1-424b-9868-57a2d4851a1d" relativeResultsDirectory="517fad36-cd1d-4b7b-a24b-4f0c1715b8e3" />
    <UnitTestResult executionId="3a24793a-10f9-42fb-bfb9-1a1dc8607fd1" testId="1cb25768-5a7d-1bf8-057a-602769715620" testName="Syrx.Sqlite.Tests.Integration.DatabaseCommanderTests.SqliteQueryAsync.TwelveTypeMultiple&lt;ImmutableType, ImmutableType, ImmutableType, ImmutableType, ImmutableType, ImmutableType, ImmutableType, ImmutableType, ImmutableType, ImmutableType, ImmutableType, ImmutableType, ImmutableTwelveType&lt;IEnumerable&lt;ImmutableType&gt;, IEnumerable&lt;ImmutableType&gt;, IEnumerable&lt;ImmutableType&gt;, IEnumerable&lt;ImmutableType&gt;, IEnumerable&lt;ImmutableType&gt;, IEnumerable&lt;ImmutableType&gt;, IEnumerable&lt;ImmutableType&gt;, IEnumerable&lt;ImmutableType&gt;, IEnumerable&lt;ImmutableType&gt;, IEnumerable&lt;ImmutableType&gt;, IEnumerable&lt;ImmutableType&gt;, IEnumerable&lt;ImmutableType&gt;, IEnumerable&lt;ImmutableType&gt;&gt;&gt;(input: TwelveType { One = System.Linq.Enumerable+RangeSelectIterator`2[System.Int32,Syrx.Commanders.Databases.Tests.Integration.Models.Immutable.ImmutableType], Two = System.Linq.Enumerable+RangeSelectIterator`2[System.Int32,Syrx.Commanders.Databases.Tests.Integration.Models.Immutable.ImmutableType], Three = System.Linq.Enumerable+RangeSelectIterator`2[System.Int32,Syrx.Commanders.Databases.Tests.Integration.Models.Immutable.ImmutableType], Four = System.Linq.Enumerable+RangeSelectIterator`2[System.Int32,Syrx.Commanders.Databases.Tests.Integration.Models.Immutable.ImmutableType], Five = System.Linq.Enumerable+RangeSelectIterator`2[System.Int32,Syrx.Commanders.Databases.Tests.Integration.Models.Immutable.ImmutableType], Six = System.Linq.Enumerable+RangeSelectIterator`2[System.Int32,Syrx.Commanders.Databases.Tests.Integration.Models.Immutable.ImmutableType], Seven = System.Linq.Enumerable+RangeSelectIterator`2[System.Int32,Syrx.Commanders.Databases.Tests.Integration.Models.Immutable.ImmutableType], Eight = System.Linq.Enumerable+RangeSelectIterator`2[System.Int32,Syrx.Commanders.Databases.Tests.Integration.Models.Immutable.ImmutableType], Nine = System.Linq.Enumerable+RangeSelectIterator`2[System.Int32,Syrx.Commanders.Databases.Tests.Integration.Models.Immutable.ImmutableType], Ten = System.Linq.Enumerable+RangeSelectIterator`2[System.Int32,Syrx.Commanders.Databases.Tests.Integration.Models.Immutable.ImmutableType], Eleven = System.Linq.Enumerable+RangeSelectIterator`2[System.Int32,Syrx.Commanders.Databases.Tests.Integration.Models.Immutable.ImmutableType], Twelve = System.Linq.Enumerable+RangeSelectIterator`2[System.Int32,Syrx.Commanders.Databases.Tests.Integration.Models.Immutable.ImmutableType], Map = System.Func`13[System.Collections.Generic.IEnumerable`1[Syrx.Commanders.Databases.Tests.Integration.Models.Immutable.ImmutableType],System.Collections.Generic.IEnumerable`1[Syrx.Commanders.Databases.Tests.Integration.Models.Immutable.ImmutableType],System.Collections.Generic.IEnumerable`1[Syrx.Commanders.Databases.Tests.Integration.Models.Immutable.ImmutableType],System.Collections.Generic.IEnumerable`1[Syrx.Commanders.Databases.Tests.Integration.Models.Immutable.ImmutableType],System.Collections.Generic.IEnumerable`1[Syrx.Commanders.Databases.Tests.Integration.Models.Immutable.ImmutableType],System.Collections.Generic.IEnumerable`1[Syrx.Commanders.Databases.Tests.Integration.Models.Immutable.ImmutableType],System.Collections.Generic.IEnumerable`1[Syrx.Commanders.Databases.Tests.Integration.Models.Immutable.ImmutableType],System.Collections.Generic.IEnumerable`1[Syrx.Commanders.Databases.Tests.Integration.Models.Immutable.ImmutableType],System.Collections.Generic.IEnumerable`1[Syrx.Commanders.Databases.Tests.Integration.Models.Immutable.ImmutableType],System.Collections.Generic.IEnumerable`1[Syrx.Commanders.Databases.Tests.Integration.Models.Immutable.ImmutableType],System.Collections.Generic.IEnumerable`1[Syrx.Commanders.Databases.Tests.Integration.Models.Immutable.ImmutableType],System.Collections.Generic.IEnumerable`1[Syrx.Commanders.Databases.Tests.Integration.Models.Immutable.ImmutableType],System.Collections.Generic.IEnumerable`1[Syrx.Commanders.Databases.Tests.Integration.Models.Immutable.ImmutableTwelveType`13[System.Collections.Generic.IEnumerable`1[Syrx.Commanders.Databases.Tests.Integration.Models.Immutable.ImmutableType],System.Collections.Generic.IEnumerable`1[Syrx.Commanders.Databases.Tests.Integration.Models.Immutable.ImmutableType],System.Collections.Generic.IEnumerable`1[Syrx.Commanders.Databases.Tests.Integration.Models.Immutable.ImmutableType],System.Collections.Generic.IEnumerable`1[Syrx.Commanders.Databases.Tests.Integration.Models.Immutable.ImmutableType],System.Collections.Generic.IEnumerable`1[Syrx.Commanders.Databases.Tests.Integration.Models.Immutable.ImmutableType],System.Collections.Generic.IEnumerable`1[Syrx.Commanders.Databases.Tests.Integration.Models.Immutable.ImmutableType],System.Collections.Generic.IEnumerable`1[Syrx.Commanders.Databases.Tests.Integration.Models.Immutable.ImmutableType],System.Collections.Generic.IEnumerable`1[Syrx.Commanders.Databases.Tests.Integration.Models.Immutable.ImmutableType],System.Collections.Generic.IEnumerable`1[Syrx.Commanders.Databases.Tests.Integration.Models.Immutable.ImmutableType],System.Collections.Generic.IEnumerable`1[Syrx.Commanders.Databases.Tests.Integration.Models.Immutable.ImmutableType],System.Collections.Generic.IEnumerable`1[Syrx.Commanders.Databases.Tests.Integration.Models.Immutable.ImmutableType],System.Collections.Generic.IEnumerable`1[Syrx.Commanders.Databases.Tests.Integration.Models.Immutable.ImmutableType],System.Collections.Generic.IEnumerable`1[Syrx.Commanders.Databases.Tests.Integration.Models.Immutable.ImmutableType]]]], Parameters = , Method =  })" computerName="SEXTONXPS" duration="00:00:00.0332010" startTime="2026-06-02T00:52:41.9294344+01:00" endTime="2026-06-02T00:52:41.9627158+01:00" testType="13cdc9d9-ddb5-4fa4-a97d-d965ccfc6d4b" outcome="Passed" testListId="8c84fa94-04c1-424b-9868-57a2d4851a1d" relativeResultsDirectory="3a24793a-10f9-42fb-bfb9-1a1dc8607fd1" />
    <UnitTestResult executionId="0ed906ec-73ee-41a5-aef9-3b5f3051be88" testId="1dc8e557-ae56-58be-c496-f8c383092585" testName="Syrx.Sqlite.Tests.Integration.DatabaseCommanderTests.SqliteExecute.SingleType&lt;RecordType&gt;(input: SingleType { One = RecordType { Id = 2, Name = entry 2, Value = 20, Modified = 01/06/2026 00:00:00 }, Parameters = { id = 2 } })" computerName="SEXTONXPS" duration="00:00:00.0052378" startTime="2026-06-02T00:52:42.6369796+01:00" endTime="2026-06-02T00:52:42.6421030+01:00" testType="13cdc9d9-ddb5-4fa4-a97d-d965ccfc6d4b" outcome="Passed" testListId="8c84fa94-04c1-424b-9868-57a2d4851a1d" relativeResultsDirectory="0ed906ec-73ee-41a5-aef9-3b5f3051be88" />
    <UnitTestResult executionId="2adcc259-55b9-47d9-b760-e1458cb7a689" testId="3f7696ba-bad4-2880-8b11-d4e68c87a537" testName="Syrx.Sqlite.Tests.Integration.DatabaseCommanderTests.SqliteQueryAsync.TenTypesWithParameters&lt;ImmutableType, ImmutableType, ImmutableType, ImmutableType, ImmutableType, ImmutableType, ImmutableType, ImmutableType, ImmutableType, ImmutableType, ImmutableTenType&lt;ImmutableType, ImmutableType, ImmutableType, ImmutableType, ImmutableType, ImmutableType, ImmutableType, ImmutableType, ImmutableType, ImmutableType, ImmutableType&gt;&gt;(input: TenType { One = ImmutableType { Id = 1, Name = entry 1, Value = 10, Modified = 01/06/2026 00:00:00 }, Two = ImmutableType { Id = 2, Name = entry 2, Value = 20, Modified = 01/06/2026 00:00:00 }, Three = ImmutableType { Id = 3, Name = entry 3, Value = 30, Modified = 01/06/2026 00:00:00 }, Four = ImmutableType { Id = 4, Name = entry 4, Value = 40, Modified = 01/06/2026 00:00:00 }, Five = ImmutableType { Id = 5, Name = entry 5, Value = 50, Modified = 01/06/2026 00:00:00 }, Six = ImmutableType { Id = 6, Name = entry 6, Value = 60, Modified = 01/06/2026 00:00:00 }, Seven = ImmutableType { Id = 7, Name = entry 7, Value = 70, Modified = 01/06/2026 00:00:00 }, Eight = ImmutableType { Id = 8, Name = entry 8, Value = 80, Modified = 01/06/2026 00:00:00 }, Nine = ImmutableType { Id = 9, Name = entry 9, Value = 90, Modified = 01/06/2026 00:00:00 }, Ten = ImmutableType { Id = 10, Name = entry 10, Value = 100, Modified = 01/06/2026 00:00:00 }, Map = System.Func`11[Syrx.Commanders.Databases.Tests.Integration.Models.Immutable.ImmutableType,Syrx.Commanders.Databases.Tests.Integration.Models.Immutable.ImmutableType,Syrx.Commanders.Databases.Tests.Integration.Models.Immutable.ImmutableType,Syrx.Commanders.Databases.Tests.Integration.Models.Immutable.ImmutableType,Syrx.Commanders.Databases.Tests.Integration.Models.Immutable.ImmutableType,Syrx.Commanders.Databases.Tests.Integration.Models.Immutable.ImmutableType,Syrx.Commanders.Databases.Tests.Integration.Models.Immutable.ImmutableType,Syrx.Commanders.Databases.Tests.Integration.Models.Immutable.ImmutableType,Syrx.Commanders.Databases.Tests.Integration.Models.Immutable.ImmutableType,Syrx.Commanders.Databases.Tests.Integration.Models.Immutable.ImmutableType,Syrx.Commanders.Databases.Tests.Integration.Models.Immutable.ImmutableTenType`11[Syrx.Commanders.Databases.Tests.Integration.Models.Immutable.ImmutableType,Syrx.Commanders.Databases.Tests.Integration.Models.Immutable.ImmutableType,Syrx.Commanders.Databases.Tests.Integration.Models.Immutable.ImmutableType,Syrx.Commanders.Databases.Tests.Integration.Models.Immutable.ImmutableType,Syrx.Commanders.Databases.Tests.Integration.Models.Immutable.ImmutableType,Syrx.Commanders.Databases.Tests.Integration.Models.Immutable.ImmutableType,Syrx.Commanders.Databases.Tests.Integration.Models.Immutable.ImmutableType,Syrx.Commanders.Databases.Tests.Integration.Models.Immutable.ImmutableType,Syrx.Commanders.Databases.Tests.Integration.Models.Immutable.ImmutableType,Syrx.Commanders.Databases.Tests.Integration.Models.Immutable.ImmutableType,Syrx.Commanders.Databases.Tests.Integration.Models.Immutable.ImmutableType]], Parameters = { id = 1 }, Method =  })" computerName="SEXTONXPS" duration="00:00:00.0214125" startTime="2026-06-02T00:52:41.5827277+01:00" endTime="2026-06-02T00:52:41.5878142+01:00" testType="13cdc9d9-ddb5-4fa4-a97d-d965ccfc6d4b" outcome="Passed" testListId="8c84fa94-04c1-424b-9868-57a2d4851a1d" relativeResultsDirectory="2adcc259-55b9-47d9-b760-e1458cb7a689" />
    <UnitTestResult executionId="c1988558-f5d6-43d7-9830-f28b6966f4a3" testId="00de1d74-9cd4-2226-a8ed-1a98ac567991" testName="Syrx.Sqlite.Tests.Integration.DatabaseCommanderTests.SqliteQueryAsync.SingleTypeWithParameters&lt;ImmutableType&gt;(input: SingleType { One = ImmutableType { Id = 1, Name = entry 1, Value = 10, Modified = 01/06/2026 00:00:00 }, Parameters = { id = 1 } })" computerName="SEXTONXPS" duration="00:00:00.0148944" startTime="2026-06-02T00:52:42.0439005+01:00" endTime="2026-06-02T00:52:42.0588317+01:00" testType="13cdc9d9-ddb5-4fa4-a97d-d965ccfc6d4b" outcome="Passed" testListId="8c84fa94-04c1-424b-9868-57a2d4851a1d" relativeResultsDirectory="c1988558-f5d6-43d7-9830-f28b6966f4a3" />
    <UnitTestResult executionId="637fd7b8-35df-4c98-a3a4-bd33476de2f0" testId="aa827014-6110-d406-8b40-f1f48d3075af" testName="Syrx.Sqlite.Tests.Integration.SqliteSmokeRepositoryTests.GetNameById_WithInvalidId_Throws" computerName="SEXTONXPS" duration="00:00:00.0009453" startTime="2026-06-02T00:52:43.0847729+01:00" endTime="2026-06-02T00:52:43.0854554+01:00" testType="13cdc9d9-ddb5-4fa4-a97d-d965ccfc6d4b" outcome="Passed" testListId="8c84fa94-04c1-424b-9868-57a2d4851a1d" relativeResultsDirectory="637fd7b8-35df-4c98-a3a4-bd33476de2f0" />
    <UnitTestResult executionId="f23908df-609b-49e7-ab89-3011961f8033" testId="2493cbab-5aea-41b2-5602-735b262879cf" testName="Syrx.Sqlite.Tests.Integration.DatabaseCommanderTests.SqliteQueryAsync.TenTypeMultiple&lt;ImmutableType, ImmutableType, ImmutableType, ImmutableType, ImmutableType, ImmutableType, ImmutableType, ImmutableType, ImmutableType, ImmutableType, ImmutableTenType&lt;IEnumerable&lt;ImmutableType&gt;, IEnumerable&lt;ImmutableType&gt;, IEnumerable&lt;ImmutableType&gt;, IEnumerable&lt;ImmutableType&gt;, IEnumerable&lt;ImmutableType&gt;, IEnumerable&lt;ImmutableType&gt;, IEnumerable&lt;ImmutableType&gt;, IEnumerable&lt;ImmutableType&gt;, IEnumerable&lt;ImmutableType&gt;, IEnumerable&lt;ImmutableType&gt;, IEnumerable&lt;ImmutableType&gt;&gt;&gt;(input: TenType { One = System.Linq.Enumerable+RangeSelectIterator`2[System.Int32,Syrx.Commanders.Databases.Tests.Integration.Models.Immutable.ImmutableType], Two = System.Linq.Enumerable+RangeSelectIterator`2[System.Int32,Syrx.Commanders.Databases.Tests.Integration.Models.Immutable.ImmutableType], Three = System.Linq.Enumerable+RangeSelectIterator`2[System.Int32,Syrx.Commanders.Databases.Tests.Integration.Models.Immutable.ImmutableType], Four = System.Linq.Enumerable+RangeSelectIterator`2[System.Int32,Syrx.Commanders.Databases.Tests.Integration.Models.Immutable.ImmutableType], Five = System.Linq.Enumerable+RangeSelectIterator`2[System.Int32,Syrx.Commanders.Databases.Tests.Integration.Models.Immutable.ImmutableType], Six = System.Linq.Enumerable+RangeSelectIterator`2[System.Int32,Syrx.Commanders.Databases.Tests.Integration.Models.Immutable.ImmutableType], Seven = System.Linq.Enumerable+RangeSelectIterator`2[System.Int32,Syrx.Commanders.Databases.Tests.Integration.Models.Immutable.ImmutableType], Eight = System.Linq.Enumerable+RangeSelectIterator`2[System.Int32,Syrx.Commanders.Databases.Tests.Integration.Models.Immutable.ImmutableType], Nine = System.Linq.Enumerable+RangeSelectIterator`2[System.Int32,Syrx.Commanders.Databases.Tests.Integration.Models.Immutable.ImmutableType], Ten = System.Linq.Enumerable+RangeSelectIterator`2[System.Int32,Syrx.Commanders.Databases.Tests.Integration.Models.Immutable.ImmutableType], Map = System.Func`11[System.Collections.Generic.IEnumerable`1[Syrx.Commanders.Databases.Tests.Integration.Models.Immutable.ImmutableType],System.Collections.Generic.IEnumerable`1[Syrx.Commanders.Databases.Tests.Integration.Models.Immutable.ImmutableType],System.Collections.Generic.IEnumerable`1[Syrx.Commanders.Databases.Tests.Integration.Models.Immutable.ImmutableType],System.Collections.Generic.IEnumerable`1[Syrx.Commanders.Databases.Tests.Integration.Models.Immutable.ImmutableType],System.Collections.Generic.IEnumerable`1[Syrx.Commanders.Databases.Tests.Integration.Models.Immutable.ImmutableType],System.Collections.Generic.IEnumerable`1[Syrx.Commanders.Databases.Tests.Integration.Models.Immutable.ImmutableType],System.Collections.Generic.IEnumerable`1[Syrx.Commanders.Databases.Tests.Integration.Models.Immutable.ImmutableType],System.Collections.Generic.IEnumerable`1[Syrx.Commanders.Databases.Tests.Integration.Models.Immutable.ImmutableType],System.Collections.Generic.IEnumerable`1[Syrx.Commanders.Databases.Tests.Integration.Models.Immutable.ImmutableType],System.Collections.Generic.IEnumerable`1[Syrx.Commanders.Databases.Tests.Integration.Models.Immutable.ImmutableType],System.Collections.Generic.IEnumerable`1[Syrx.Commanders.Databases.Tests.Integration.Models.Immutable.ImmutableTenType`11[System.Collections.Generic.IEnumerable`1[Syrx.Commanders.Databases.Tests.Integration.Models.Immutable.ImmutableType],System.Collections.Generic.IEnumerable`1[Syrx.Commanders.Databases.Tests.Integration.Models.Immutable.ImmutableType],System.Collections.Generic.IEnumerable`1[Syrx.Commanders.Databases.Tests.Integration.Models.Immutable.ImmutableType],System.Collections.Generic.IEnumerable`1[Syrx.Commanders.Databases.Tests.Integration.Models.Immutable.ImmutableType],System.Collections.Generic.IEnumerable`1[Syrx.Commanders.Databases.Tests.Integration.Models.Immutable.ImmutableType],System.Collections.Generic.IEnumerable`1[Syrx.Commanders.Databases.Tests.Integration.Models.Immutable.ImmutableType],System.Collections.Generic.IEnumerable`1[Syrx.Commanders.Databases.Tests.Integration.Models.Immutable.ImmutableType],System.Collections.Generic.IEnumerable`1[Syrx.Commanders.Databases.Tests.Integration.Models.Immutable.ImmutableType],System.Collections.Generic.IEnumerable`1[Syrx.Commanders.Databases.Tests.Integration.Models.Immutable.ImmutableType],System.Collections.Generic.IEnumerable`1[Syrx.Commanders.Databases.Tests.Integration.Models.Immutable.ImmutableType],System.Collections.Generic.IEnumerable`1[Syrx.Commanders.Databases.Tests.Integration.Models.Immutable.ImmutableType]]]], Parameters = , Method =  })" computerName="SEXTONXPS" duration="00:00:00.0316398" startTime="2026-06-02T00:52:41.4233001+01:00" endTime="2026-06-02T00:52:41.4551019+01:00" testType="13cdc9d9-ddb5-4fa4-a97d-d965ccfc6d4b" outcome="Passed" testListId="8c84fa94-04c1-424b-9868-57a2d4851a1d" relativeResultsDirectory="f23908df-609b-49e7-ab89-3011961f8033" />
    <UnitTestResult executionId="abe0f01b-f20d-48d2-a45e-3472143a1558" testId="b4a60c93-89be-4ed1-fec6-d8beab457e67" testName="Syrx.Sqlite.Tests.Integration.SqliteSmokeRepositoryTests.Insert_ThenGetNameById_ReturnsInsertedValue" computerName="SEXTONXPS" duration="00:00:00.0257278" startTime="2026-06-02T00:52:43.0295067+01:00" endTime="2026-06-02T00:52:43.0549603+01:00" testType="13cdc9d9-ddb5-4fa4-a97d-d965ccfc6d4b" outcome="Passed" testListId="8c84fa94-04c1-424b-9868-57a2d4851a1d" relativeResultsDirectory="abe0f01b-f20d-48d2-a45e-3472143a1558" />
    <UnitTestResult executionId="bef70d66-f45c-4535-b499-37c2b373faf5" testId="d5f1baec-8ab0-62a0-b7d8-304d3324df26" testName="Syrx.Sqlite.Tests.Integration.DatabaseCommanderTests.SqliteQueryAsync.FourTypesWithParameters&lt;ImmutableType, ImmutableType, ImmutableType, ImmutableType, ImmutableFourType&lt;ImmutableType, ImmutableType, ImmutableType, ImmutableType, ImmutableType&gt;&gt;(input: FourType { One = ImmutableType { Id = 1, Name = entry 1, Value = 10, Modified = 01/06/2026 00:00:00 }, Two = ImmutableType { Id = 2, Name = entry 2, Value = 20, Modified = 01/06/2026 00:00:00 }, Three = ImmutableType { Id = 3, Name = entry 3, Value = 30, Modified = 01/06/2026 00:00:00 }, Four = ImmutableType { Id = 4, Name = entry 4, Value = 40, Modified = 01/06/2026 00:00:00 }, Map = System.Func`5[Syrx.Commanders.Databases.Tests.Integration.Models.Immutable.ImmutableType,Syrx.Commanders.Databases.Tests.Integration.Models.Immutable.ImmutableType,Syrx.Commanders.Databases.Tests.Integration.Models.Immutable.ImmutableType,Syrx.Commanders.Databases.Tests.Integration.Models.Immutable.ImmutableType,Syrx.Commanders.Databases.Tests.Integration.Models.Immutable.ImmutableFourType`5[Syrx.Commanders.Databases.Tests.Integration.Models.Immutable.ImmutableType,Syrx.Commanders.Databases.Tests.Integration.Models.Immutable.ImmutableType,Syrx.Commanders.Databases.Tests.Integration.Models.Immutable.ImmutableType,Syrx.Commanders.Databases.Tests.Integration.Models.Immutable.ImmutableType,Syrx.Commanders.Databases.Tests.Integration.Models.Immutable.ImmutableType]], Parameters = { id = 1 }, Method =  })" computerName="SEXTONXPS" duration="00:00:00.0089844" startTime="2026-06-02T00:52:41.7493474+01:00" endTime="2026-06-02T00:52:41.7584311+01:00" testType="13cdc9d9-ddb5-4fa4-a97d-d965ccfc6d4b" outcome="Passed" testListId="8c84fa94-04c1-424b-9868-57a2d4851a1d" relativeResultsDirectory="bef70d66-f45c-4535-b499-37c2b373faf5" />
    <UnitTestResult executionId="81669101-7c03-47e4-8af4-ca85a1bc0de9" testId="cb4b705a-9c84-8dba-c5d4-d81752d91bda" testName="Syrx.Sqlite.Tests.Integration.DatabaseCommanderTests.SqliteQuery.FourteenTypesWithParameters&lt;ImmutableType, ImmutableType, ImmutableType, ImmutableType, ImmutableType, ImmutableType, ImmutableType, ImmutableType, ImmutableType, ImmutableType, ImmutableType, ImmutableType, ImmutableType, ImmutableType, ImmutableFourteenType&lt;ImmutableType, ImmutableType, ImmutableType, ImmutableType, ImmutableType, ImmutableType, ImmutableType, ImmutableType, ImmutableType, ImmutableType, ImmutableType, ImmutableType, ImmutableType, ImmutableType, ImmutableType&gt;&gt;(input: FourteenType { One = ImmutableType { Id = 1, Name = entry 1, Value = 10, Modified = 01/06/2026 00:00:00 }, Two = ImmutableType { Id = 2, Name = entry 2, Value = 20, Modified = 01/06/2026 00:00:00 }, Three = ImmutableType { Id = 3, Name = entry 3, Value = 30, Modified = 01/06/2026 00:00:00 }, Four = ImmutableType { Id = 4, Name = entry 4, Value = 40, Modified = 01/06/2026 00:00:00 }, Five = ImmutableType { Id = 5, Name = entry 5, Value = 50, Modified = 01/06/2026 00:00:00 }, Six = ImmutableType { Id = 6, Name = entry 6, Value = 60, Modified = 01/06/2026 00:00:00 }, Seven = ImmutableType { Id = 7, Name = entry 7, Value = 70, Modified = 01/06/2026 00:00:00 }, Eight = ImmutableType { Id = 8, Name = entry 8, Value = 80, Modified = 01/06/2026 00:00:00 }, Nine = ImmutableType { Id = 9, Name = entry 9, Value = 90, Modified = 01/06/2026 00:00:00 }, Ten = ImmutableType { Id = 10, Name = entry 10, Value = 100, Modified = 01/06/2026 00:00:00 }, Eleven = ImmutableType { Id = 11, Name = entry 11, Value = 110, Modified = 01/06/2026 00:00:00 }, Twelve = ImmutableType { Id = 12, Name = entry 12, Value = 120, Modified = 01/06/2026 00:00:00 }, Thirteen = ImmutableType { Id = 13, Name = entry 13, Value = 130, Modified = 01/06/2026 00:00:00 }, Fourteen = ImmutableType { Id = 14, Name = entry 14, Value = 140, Modified = 01/06/2026 00:00:00 }, Map = System.Func`15[Syrx.Commanders.Databases.Tests.Integration.Models.Immutable.ImmutableType,Syrx.Commanders.Databases.Tests.Integration.Models.Immutable.ImmutableType,Syrx.Commanders.Databases.Tests.Integration.Models.Immutable.ImmutableType,Syrx.Commanders.Databases.Tests.Integration.Models.Immutable.ImmutableType,Syrx.Commanders.Databases.Tests.Integration.Models.Immutable.ImmutableType,Syrx.Commanders.Databases.Tests.Integration.Models.Immutable.ImmutableType,Syrx.Commanders.Databases.Tests.Integration.Models.Immutable.ImmutableType,Syrx.Commanders.Databases.Tests.Integration.Models.Immutable.ImmutableType,Syrx.Commanders.Databases.Tests.Integration.Models.Immutable.ImmutableType,Syrx.Commanders.Databases.Tests.Integration.Models.Immutable.ImmutableType,Syrx.Commanders.Databases.Tests.Integration.Models.Immutable.ImmutableType,Syrx.Commanders.Databases.Tests.Integration.Models.Immutable.ImmutableType,Syrx.Commanders.Databases.Tests.Integration.Models.Immutable.ImmutableType,Syrx.Commanders.Databases.Tests.Integration.Models.Immutable.ImmutableType,Syrx.Commanders.Databases.Tests.Integration.Models.Immutable.ImmutableFourteenType`15[Syrx.Commanders.Databases.Tests.Integration.Models.Immutable.ImmutableType,Syrx.Commanders.Databases.Tests.Integration.Models.Immutable.ImmutableType,Syrx.Commanders.Databases.Tests.Integration.Models.Immutable.ImmutableType,Syrx.Commanders.Databases.Tests.Integration.Models.Immutable.ImmutableType,Syrx.Commanders.Databases.Tests.Integration.Models.Immutable.ImmutableType,Syrx.Commanders.Databases.Tests.Integration.Models.Immutable.ImmutableType,Syrx.Commanders.Databases.Tests.Integration.Models.Immutable.ImmutableType,Syrx.Commanders.Databases.Tests.Integration.Models.Immutable.ImmutableType,Syrx.Commanders.Databases.Tests.Integration.Models.Immutable.ImmutableType,Syrx.Commanders.Databases.Tests.Integration.Models.Immutable.ImmutableType,Syrx.Commanders.Databases.Tests.Integration.Models.Immutable.ImmutableType,Syrx.Commanders.Databases.Tests.Integration.Models.Immutable.ImmutableType,Syrx.Commanders.Databases.Tests.Integration.Models.Immutable.ImmutableType,Syrx.Commanders.Databases.Tests.Integration.Models.Immutable.ImmutableType,Syrx.Commanders.Databases.Tests.Integration.Models.Immutable.ImmutableType]], Parameters = { id = 1 }, Method =  })" computerName="SEXTONXPS" duration="00:00:00.0077454" startTime="2026-06-02T00:52:42.1233818+01:00" endTime="2026-06-02T00:52:42.1311814+01:00" testType="13cdc9d9-ddb5-4fa4-a97d-d965ccfc6d4b" outcome="Passed" testListId="8c84fa94-04c1-424b-9868-57a2d4851a1d" relativeResultsDirectory="81669101-7c03-47e4-8af4-ca85a1bc0de9" />
    <UnitTestResult executionId="eebe9dd9-6f0b-4f91-a20e-ceac501536a1" testId="ad4b8ca8-dbdf-7407-bf36-4188dd5ede4e" testName="Syrx.Sqlite.Tests.Integration.DatabaseCommanderTests.SqliteExecute.SupportsTransactionRollback" computerName="SEXTONXPS" duration="00:00:00.0067112" startTime="2026-06-02T00:52:42.6537564+01:00" endTime="2026-06-02T00:52:42.6561175+01:00" testType="13cdc9d9-ddb5-4fa4-a97d-d965ccfc6d4b" outcome="Passed" testListId="8c84fa94-04c1-424b-9868-57a2d4851a1d" relativeResultsDirectory="eebe9dd9-6f0b-4f91-a20e-ceac501536a1" />
    <UnitTestResult executionId="b7746432-81a6-4a2e-9ef4-b9f221cf6f7f" testId="5bf92e1f-3bc7-e187-0e14-8cfb95a3beb3" testName="Syrx.Sqlite.Tests.Integration.SqliteSmokeRepositoryTests.Insert_WithEmptyName_Throws" computerName="SEXTONXPS" duration="00:00:00.0007534" startTime="2026-06-02T00:52:42.7027798+01:00" endTime="2026-06-02T00:52:42.7028748+01:00" testType="13cdc9d9-ddb5-4fa4-a97d-d965ccfc6d4b" outcome="Passed" testListId="8c84fa94-04c1-424b-9868-57a2d4851a1d" relativeResultsDirectory="b7746432-81a6-4a2e-9ef4-b9f221cf6f7f" />
    <UnitTestResult executionId="5386bea9-261c-495e-83d3-0c349f896d0b" testId="ef056eec-a85e-9828-04cb-1913b3b131b6" testName="Syrx.Sqlite.Tests.Integration.DatabaseCommanderTests.SqliteQueryAsync.EightTypeMultiple&lt;ImmutableType, ImmutableType, ImmutableType, ImmutableType, ImmutableType, ImmutableType, ImmutableType, ImmutableType, ImmutableEightType&lt;IEnumerable&lt;ImmutableType&gt;, IEnumerable&lt;ImmutableType&gt;, IEnumerable&lt;ImmutableType&gt;, IEnumerable&lt;ImmutableType&gt;, IEnumerable&lt;ImmutableType&gt;, IEnumerable&lt;ImmutableType&gt;, IEnumerable&lt;ImmutableType&gt;, IEnumerable&lt;ImmutableType&gt;, IEnumerable&lt;ImmutableType&gt;&gt;&gt;(input: EightType { One = System.Linq.Enumerable+RangeSelectIterator`2[System.Int32,Syrx.Commanders.Databases.Tests.Integration.Models.Immutable.ImmutableType], Two = System.Linq.Enumerable+RangeSelectIterator`2[System.Int32,Syrx.Commanders.Databases.Tests.Integration.Models.Immutable.ImmutableType], Three = System.Linq.Enumerable+RangeSelectIterator`2[System.Int32,Syrx.Commanders.Databases.Tests.Integration.Models.Immutable.ImmutableType], Four = System.Linq.Enumerable+RangeSelectIterator`2[System.Int32,Syrx.Commanders.Databases.Tests.Integration.Models.Immutable.ImmutableType], Five = System.Linq.Enumerable+RangeSelectIterator`2[System.Int32,Syrx.Commanders.Databases.Tests.Integration.Models.Immutable.ImmutableType], Six = System.Linq.Enumerable+RangeSelectIterator`2[System.Int32,Syrx.Commanders.Databases.Tests.Integration.Models.Immutable.ImmutableType], Seven = System.Linq.Enumerable+RangeSelectIterator`2[System.Int32,Syrx.Commanders.Databases.Tests.Integration.Models.Immutable.ImmutableType], Eight = System.Linq.Enumerable+RangeSelectIterator`2[System.Int32,Syrx.Commanders.Databases.Tests.Integration.Models.Immutable.ImmutableType], Map = System.Func`9[System.Collections.Generic.IEnumerable`1[Syrx.Commanders.Databases.Tests.Integration.Models.Immutable.ImmutableType],System.Collections.Generic.IEnumerable`1[Syrx.Commanders.Databases.Tests.Integration.Models.Immutable.ImmutableType],System.Collections.Generic.IEnumerable`1[Syrx.Commanders.Databases.Tests.Integration.Models.Immutable.ImmutableType],System.Collections.Generic.IEnumerable`1[Syrx.Commanders.Databases.Tests.Integration.Models.Immutable.ImmutableType],System.Collections.Generic.IEnumerable`1[Syrx.Commanders.Databases.Tests.Integration.Models.Immutable.ImmutableType],System.Collections.Generic.IEnumerable`1[Syrx.Commanders.Databases.Tests.Integration.Models.Immutable.ImmutableType],System.Collections.Generic.IEnumerable`1[Syrx.Commanders.Databases.Tests.Integration.Models.Immutable.ImmutableType],System.Collections.Generic.IEnumerable`1[Syrx.Commanders.Databases.Tests.Integration.Models.Immutable.ImmutableType],System.Collections.Generic.IEnumerable`1[Syrx.Commanders.Databases.Tests.Integration.Models.Immutable.ImmutableEightType`9[System.Collections.Generic.IEnumerable`1[Syrx.Commanders.Databases.Tests.Integration.Models.Immutable.ImmutableType],System.Collections.Generic.IEnumerable`1[Syrx.Commanders.Databases.Tests.Integration.Models.Immutable.ImmutableType],System.Collections.Generic.IEnumerable`1[Syrx.Commanders.Databases.Tests.Integration.Models.Immutable.ImmutableType],System.Collections.Generic.IEnumerable`1[Syrx.Commanders.Databases.Tests.Integration.Models.Immutable.ImmutableType],System.Collections.Generic.IEnumerable`1[Syrx.Commanders.Databases.Tests.Integration.Models.Immutable.ImmutableType],System.Collections.Generic.IEnumerable`1[Syrx.Commanders.Databases.Tests.Integration.Models.Immutable.ImmutableType],System.Collections.Generic.IEnumerable`1[Syrx.Commanders.Databases.Tests.Integration.Models.Immutable.ImmutableType],System.Collections.Generic.IEnumerable`1[Syrx.Commanders.Databases.Tests.Integration.Models.Immutable.ImmutableType],System.Collections.Generic.IEnumerable`1[Syrx.Commanders.Databases.Tests.Integration.Models.Immutable.ImmutableType]]]], Parameters = , Method =  })" computerName="SEXTONXPS" duration="00:00:00.0445932" startTime="2026-06-02T00:52:41.2789668+01:00" endTime="2026-06-02T00:52:41.3073326+01:00" testType="13cdc9d9-ddb5-4fa4-a97d-d965ccfc6d4b" outcome="Passed" testListId="8c84fa94-04c1-424b-9868-57a2d4851a1d" relativeResultsDirectory="5386bea9-261c-495e-83d3-0c349f896d0b" />
[...]
    <TestEntry testId="5bf92e1f-3bc7-e187-0e14-8cfb95a3beb3" executionId="b7746432-81a6-4a2e-9ef4-b9f221cf6f7f" testListId="8c84fa94-04c1-424b-9868-57a2d4851a1d" />
    <TestEntry testId="ef056eec-a85e-9828-04cb-1913b3b131b6" executionId="5386bea9-261c-495e-83d3-0c349f896d0b" testListId="8c84fa94-04c1-424b-9868-57a2d4851a1d" />
    <TestEntry testId="71388397-bc2b-4711-ad05-9b19f90334ca" executionId="ecf60107-bee4-4d32-8ddb-1bdd2eae7a87" testListId="8c84fa94-04c1-424b-9868-57a2d4851a1d" />
    <TestEntry testId="d0e231cc-d915-cb65-385f-21f071489735" executionId="e31a82f5-27d7-4bdc-8f0c-2bb2e8d5078d" testListId="8c84fa94-04c1-424b-9868-57a2d4851a1d" />
    <TestEntry testId="c5ad9f02-1515-5263-365c-64d63a6b1e3c" executionId="10378f25-60b5-46f6-9d9b-ae47388ab2c1" testListId="8c84fa94-04c1-424b-9868-57a2d4851a1d" />
    <TestEntry testId="6e8fd45b-14bd-aa02-c852-d15619fc6bfc" executionId="cc106ed2-fd32-4ed4-a7e6-829aec44f8d5" testListId="8c84fa94-04c1-424b-9868-57a2d4851a1d" />
    <TestEntry testId="d31ace4d-f228-9cec-8785-e7dde17a5c38" executionId="088b1797-163a-4258-bb5c-61a36ea1692c" testListId="8c84fa94-04c1-424b-9868-57a2d4851a1d" />
    <TestEntry testId="e62c52fe-7e0c-8bc0-7ce9-851154bb1862" executionId="1b0bbc60-e297-467a-ad80-1fcf53f1e560" testListId="8c84fa94-04c1-424b-9868-57a2d4851a1d" />
    <TestEntry testId="a7376ddb-caee-6cb9-92a4-09e9ebb81a1a" executionId="bbcb62c9-c1a7-4415-a221-0835030e034f" testListId="8c84fa94-04c1-424b-9868-57a2d4851a1d" />
    <TestEntry testId="34e00e08-4dfc-0bfa-1efa-8b041c8a52f7" executionId="964096cd-24c9-4fd1-89aa-81654a0adfbf" testListId="8c84fa94-04c1-424b-9868-57a2d4851a1d" />
    <TestEntry testId="e5c2e3dc-72ac-4daf-25fa-6b4b28ff5d4e" executionId="b716f653-60cd-4594-ae47-4a1b183397e6" testListId="8c84fa94-04c1-424b-9868-57a2d4851a1d" />
    <TestEntry testId="84f10461-685c-e7ae-abf2-d1118436e3ed" executionId="ae91c306-4019-452d-b2b9-6e03fa03ba4b" testListId="8c84fa94-04c1-424b-9868-57a2d4851a1d" />
    <TestEntry testId="8d4bcdb2-c4ed-4e01-3f00-d0cb048425df" executionId="221c779e-3b4d-42ab-8172-8e2acfc72815" testListId="8c84fa94-04c1-424b-9868-57a2d4851a1d" />
    <TestEntry testId="f4e175bd-742b-cba6-a61b-7acffcf83e91" executionId="f3257c87-8517-43ae-b9d7-890a41c4d2f7" testListId="8c84fa94-04c1-424b-9868-57a2d4851a1d" />
    <TestEntry testId="1dc8e557-ae56-58be-c496-f8c383092585" executionId="0678de79-5a53-4ab2-9c48-a30690768274" testListId="8c84fa94-04c1-424b-9868-57a2d4851a1d" />
    <TestEntry testId="57756e51-330c-4b2f-60bc-c7bdd1534ecc" executionId="726aafd9-0b00-4021-9dbf-559cffba10b4" testListId="8c84fa94-04c1-424b-9868-57a2d4851a1d" />
    <TestEntry testId="34e00e08-4dfc-0bfa-1efa-8b041c8a52f7" executionId="553abcf4-10fb-479e-a740-ea8c61588b46" testListId="8c84fa94-04c1-424b-9868-57a2d4851a1d" />
    <TestEntry testId="3427711e-ac01-611a-8657-4c4f77299729" executionId="db487167-1943-4296-bcde-b571980312b7" testListId="8c84fa94-04c1-424b-9868-57a2d4851a1d" />
    <TestEntry testId="ee790e5b-b0a7-bb82-2b7c-6ba8f6aa6823" executionId="4dbafb6a-dde8-403a-83c6-77f609ea43f9" testListId="8c84fa94-04c1-424b-9868-57a2d4851a1d" />
    <TestEntry testId="1b2c735e-c712-66d6-3594-a0e198866c28" executionId="4db4749b-95f0-43f1-82fe-9f84b37b654b" testListId="8c84fa94-04c1-424b-9868-57a2d4851a1d" />
    <TestEntry testId="734a955d-0aff-f210-16c7-9b36ef021dd8" executionId="10e90ee7-8285-4861-b228-95cadc436454" testListId="8c84fa94-04c1-424b-9868-57a2d4851a1d" />
    <TestEntry testId="9e19a877-c18b-bb44-1321-7dcd992a0f31" executionId="1643d31d-2200-4487-b9e2-7cc96c3c90d5" testListId="8c84fa94-04c1-424b-9868-57a2d4851a1d" />
    <TestEntry testId="d38e65f0-96bb-b37b-3ecf-ddd651efc947" executionId="e6f98a98-79e8-4db9-9d92-2c659fb713f1" testListId="8c84fa94-04c1-424b-9868-57a2d4851a1d" />
    <TestEntry testId="edb579b5-7a79-a05a-6977-337e3bc2701f" executionId="23959d95-0fa3-4d5f-b14d-99a539fcafce" testListId="8c84fa94-04c1-424b-9868-57a2d4851a1d" />
    <TestEntry testId="bda4db89-00ea-3ed9-95ab-865d1de4362b" executionId="e2a30443-c857-4310-ac26-a4d6f8959db2" testListId="8c84fa94-04c1-424b-9868-57a2d4851a1d" />
    <TestEntry testId="356de44e-eab2-4803-84d5-a8bd1cf79e19" executionId="dfce6eab-7ba0-4ab0-aa50-5f71cd3d9055" testListId="8c84fa94-04c1-424b-9868-57a2d4851a1d" />
    <TestEntry testId="222ae0a3-94b7-933e-4aeb-2e4c541f49ce" executionId="c676fd1c-dec2-48e1-9fbd-7b212da2c277" testListId="8c84fa94-04c1-424b-9868-57a2d4851a1d" />
    <TestEntry testId="571d3a7c-cf9f-cbee-9489-f0822111acae" executionId="57e3b03e-688f-4efd-816b-efbb71ef43db" testListId="8c84fa94-04c1-424b-9868-57a2d4851a1d" />
    <TestEntry testId="e1fca351-e08d-0ff5-35c0-52ad01bd54c5" executionId="1549a39e-96a6-405a-a0e5-63f7311bd8c1" testListId="8c84fa94-04c1-424b-9868-57a2d4851a1d" />
    <TestEntry testId="fa7bd7f2-5d11-6d93-5e23-3f41702e7163" executionId="5b6c4585-9d5e-40ca-997f-912d000cef47" testListId="8c84fa94-04c1-424b-9868-57a2d4851a1d" />
    <TestEntry testId="28583323-c5ed-37cb-dbe3-a8ac4b02b2b0" executionId="d1c10bad-fe3e-4141-849f-78c55f2b420d" testListId="8c84fa94-04c1-424b-9868-57a2d4851a1d" />
    <TestEntry testId="574a31f1-f44f-e45b-06d4-e5b654e1f336" executionId="5354510f-f695-4b1c-9501-382a72e6d47d" testListId="8c84fa94-04c1-424b-9868-57a2d4851a1d" />
    <TestEntry testId="83a69863-9420-150c-a033-6d758f489f73" executionId="30ce4f30-682d-4ddf-8e24-b535c2d492ff" testListId="8c84fa94-04c1-424b-9868-57a2d4851a1d" />
    <TestEntry testId="fead42f4-e8ee-5370-f5f3-0f60adf15485" executionId="a28a75c6-d671-49cc-b0a7-ae4205f4fbf7" testListId="8c84fa94-04c1-424b-9868-57a2d4851a1d" />
    <TestEntry testId="d6e496a4-c838-090a-b8dc-f276867353e0" executionId="50b143c4-1a60-4fe2-92f7-14ea37703363" testListId="8c84fa94-04c1-424b-9868-57a2d4851a1d" />
    <TestEntry testId="40e9fff3-f8d3-843c-9ea6-d6078071eb73" executionId="6b356591-a97b-425c-9fe0-cc9cbfff4d19" testListId="8c84fa94-04c1-424b-9868-57a2d4851a1d" />
    <TestEntry testId="2467a555-b428-3463-da28-8aa4ec000da3" executionId="9cd8b2a7-bbe8-4588-a378-145020836365" testListId="8c84fa94-04c1-424b-9868-57a2d4851a1d" />
    <TestEntry testId="9913d56d-eb4a-e32e-83bd-1243e46981a1" executionId="b176fddc-2148-42ea-a11f-3ce60917d08b" testListId="8c84fa94-04c1-424b-9868-57a2d4851a1d" />
    <TestEntry testId="e5672b90-63cc-ea44-f036-93840d16bb88" executionId="90404904-7c97-4535-8205-1044812f8433" testListId="8c84fa94-04c1-424b-9868-57a2d4851a1d" />
    <TestEntry testId="e661ec7f-3871-2273-2d32-40ed3971b391" executionId="c39080e0-e4ca-4c8d-b595-df1cf9b1055a" testListId="8c84fa94-04c1-424b-9868-57a2d4851a1d" />
    <TestEntry testId="024fdfa2-ad7d-4e17-c595-c82c14234067" executionId="d261d50a-a102-44ca-aff8-e6070334eb2a" testListId="8c84fa94-04c1-424b-9868-57a2d4851a1d" />
    <TestEntry testId="543bbe84-c409-7e46-fdfc-2ac3a1a23ad7" executionId="080ab2a2-8dff-45ef-a9cf-613659213d81" testListId="8c84fa94-04c1-424b-9868-57a2d4851a1d" />
    <TestEntry testId="5f3f0981-e024-7bf1-b98a-b5a04c727e39" executionId="7a023d48-3ac6-452e-9dc9-5fa3e8ea545e" testListId="8c84fa94-04c1-424b-9868-57a2d4851a1d" />
    <TestEntry testId="7c8a9fe1-6f0e-b3f1-ab13-3a65ceb2d51e" executionId="e5b8539f-7dff-4824-ae3f-1d398e4eeeb3" testListId="8c84fa94-04c1-424b-9868-57a2d4851a1d" />
    <TestEntry testId="4c95fffe-f0e3-d837-8bf6-c93e267db53a" executionId="3322e1d6-a425-48a4-aa4e-01f0875d1ac3" testListId="8c84fa94-04c1-424b-9868-57a2d4851a1d" />
    <TestEntry testId="625ef082-2eb3-e3ea-fb24-490d75f2627f" executionId="2bc78983-ed45-4df2-93a6-dcc1bc628283" testListId="8c84fa94-04c1-424b-9868-57a2d4851a1d" />
    <TestEntry testId="f5ad8ada-b20a-04af-547e-7d26c3b0c481" executionId="4bf7eccc-583e-4124-a2ee-c474f118b8d0" testListId="8c84fa94-04c1-424b-9868-57a2d4851a1d" />
    <TestEntry testId="d626b329-0452-21d5-1b08-ea63a64f218f" executionId="6c2bca99-0efc-4465-988d-c32df9d89384" testListId="8c84fa94-04c1-424b-9868-57a2d4851a1d" />
    <TestEntry testId="174a3ca9-7f72-15e1-30d9-1363cf99bb5a" executionId="054a4fd9-4610-4732-80bc-c9eac21d683f" testListId="8c84fa94-04c1-424b-9868-57a2d4851a1d" />
    <TestEntry testId="5efee38c-8608-fd8f-81b9-26d86a9d0105" executionId="7a826b4d-5831-445a-a01a-1b3024ab8bed" testListId="8c84fa94-04c1-424b-9868-57a2d4851a1d" />
    <TestEntry testId="e4994040-8480-cc6d-10eb-11bc4f1bf144" executionId="dff87597-8a61-4121-9376-9c1cd6a8530d" testListId="8c84fa94-04c1-424b-9868-57a2d4851a1d" />
    <TestEntry testId="b280cd21-9248-fccf-cbd9-d8b3f351e1f4" executionId="c6265fa5-dc46-4626-baef-7820f5bcda34" testListId="8c84fa94-04c1-424b-9868-57a2d4851a1d" />
    <TestEntry testId="29c8b4c2-92c3-4479-3ea5-288a3f629a5b" executionId="ff0d6f10-a290-4294-8268-661319ab7a49" testListId="8c84fa94-04c1-424b-9868-57a2d4851a1d" />
    <TestEntry testId="27c7f5f3-504a-0726-3bb4-cc7366aa2e73" executionId="50d79d5b-1d6f-4e43-8df4-57956eb9a0d1" testListId="8c84fa94-04c1-424b-9868-57a2d4851a1d" />
    <TestEntry testId="83a69863-9420-150c-a033-6d758f489f73" executionId="047f83ff-92d2-4467-8200-b9fd83d86871" testListId="8c84fa94-04c1-424b-9868-57a2d4851a1d" />
    <TestEntry testId="cdf2e8fe-3c5a-02b4-f51d-c99bafdf9334" executionId="f053cea4-2d18-4b43-84a4-ebef968f3dcf" testListId="8c84fa94-04c1-424b-9868-57a2d4851a1d" />
    <TestEntry testId="32cfa424-fec0-c2bf-8473-0a72bb4245cc" executionId="c510c14e-297d-4846-bf1e-6023c173da14" testListId="8c84fa94-04c1-424b-9868-57a2d4851a1d" />
    <TestEntry testId="95686be3-6cf0-6654-54fe-6ae9f8d3f935" executionId="21f57df7-a442-4fd2-83cb-b01491d802a2" testListId="8c84fa94-04c1-424b-9868-57a2d4851a1d" />
    <TestEntry testId="23c3e121-3a2d-6a7b-0693-b93c019c6451" executionId="cc3045c8-f31e-4fa3-b67a-ed3321805626" testListId="8c84fa94-04c1-424b-9868-57a2d4851a1d" />
    <TestEntry testId="16933fb2-c3ad-6142-b411-e2c569636193" executionId="cdff737d-631e-4a52-aa38-2f9c8ef32913" testListId="8c84fa94-04c1-424b-9868-57a2d4851a1d" />
    <TestEntry testId="c9129916-861f-2465-92f2-00efb98b8007" executionId="3c60ff45-b1cd-49cf-bf78-7c09fb35f802" testListId="8c84fa94-04c1-424b-9868-57a2d4851a1d" />
    <TestEntry testId="c252bfdf-9313-2e31-7e43-44911c3407ab" executionId="c0be0d5d-168c-4d0e-827d-b339d22d4098" testListId="8c84fa94-04c1-424b-9868-57a2d4851a1d" />
    <TestEntry testId="1dc8e557-ae56-58be-c496-f8c383092585" executionId="be8aca7f-0bcb-4c02-b7c0-66f1224a2031" testListId="8c84fa94-04c1-424b-9868-57a2d4851a1d" />
    <TestEntry testId="00de1d74-9cd4-2226-a8ed-1a98ac567991" executionId="a15c191d-fbd2-4922-900e-48e43bb1929e" testListId="8c84fa94-04c1-424b-9868-57a2d4851a1d" />
    <TestEntry testId="9f3da8a9-1833-d664-9d62-3682af6d325b" executionId="549f8667-7794-4345-9415-f4d931279350" testListId="8c84fa94-04c1-424b-9868-57a2d4851a1d" />
    <TestEntry testId="e8b9fee9-de2c-c612-dff4-e695aa18fdd4" executionId="e6670395-d756-4fae-aa61-029619665941" testListId="8c84fa94-04c1-424b-9868-57a2d4851a1d" />
    <TestEntry testId="e8b9fee9-de2c-c612-dff4-e695aa18fdd4" executionId="ec12d327-bb9e-42ad-a1fd-3376b5ce93fe" testListId="8c84fa94-04c1-424b-9868-57a2d4851a1d" />
    <TestEntry testId="12c3c327-24a0-6b3f-baab-9a20e7d17857" executionId="5add92af-f9ac-4382-b5f3-57e3ee84dbc2" testListId="8c84fa94-04c1-424b-9868-57a2d4851a1d" />
    <TestEntry testId="69c7c038-baed-1437-037b-a479f6a7ac0e" executionId="809eb7d2-af84-4c92-b819-227bea622139" testListId="8c84fa94-04c1-424b-9868-57a2d4851a1d" />
    <TestEntry testId="360c205a-f8bc-5ee7-ccb8-7262ab9c0d0b" executionId="28e547da-07c1-4c08-81cc-2414bd3339fd" testListId="8c84fa94-04c1-424b-9868-57a2d4851a1d" />
    <TestEntry testId="833d66bc-9bde-a66f-4f9c-d56248f431ed" executionId="9c833392-5584-4314-b053-2b54c514036a" testListId="8c84fa94-04c1-424b-9868-57a2d4851a1d" />
    <TestEntry testId="8942eeee-25dd-60fd-b254-38c727aacb85" executionId="423a97df-880c-4d99-a082-47b213d71839" testListId="8c84fa94-04c1-424b-9868-57a2d4851a1d" />
    <TestEntry testId="e901611e-d148-4e47-f1db-3e05bcf91017" executionId="c9ec0b85-1f4f-4e25-a8d6-bf519793a1e6" testListId="8c84fa94-04c1-424b-9868-57a2d4851a1d" />
    <TestEntry testId="3f7dd4e2-c516-4667-36ad-53e86baffc31" executionId="4bc9e05f-c915-482e-b33f-e2ad4c0eb6ab" testListId="8c84fa94-04c1-424b-9868-57a2d4851a1d" />
    <TestEntry testId="a273e321-7d8a-2f40-f2db-3fa8bdb9108c" executionId="a5d4305c-6638-4cd4-8a3a-e5a2cff3777f" testListId="8c84fa94-04c1-424b-9868-57a2d4851a1d" />
    <TestEntry testId="e62c52fe-7e0c-8bc0-7ce9-851154bb1862" executionId="5e970c32-0a80-40f5-9f4e-f63e9965a54a" testListId="8c84fa94-04c1-424b-9868-57a2d4851a1d" />
    <TestEntry testId="9b9f45d6-0e41-dc77-cedc-752b1a786a3e" executionId="3e2b42b1-ef39-490b-a29c-23191e47832b" testListId="8c84fa94-04c1-424b-9868-57a2d4851a1d" />
    <TestEntry testId="ad6e017c-d2dd-cfe1-37fd-966901079b0f" executionId="280b3d97-643a-47e5-9def-92d840a9cc3c" testListId="8c84fa94-04c1-424b-9868-57a2d4851a1d" />
    <TestEntry testId="eefb8edf-e9d1-130c-eeb5-b4f96753a434" executionId="7bca0019-cf5a-4562-be9e-9973f398c24d" testListId="8c84fa94-04c1-424b-9868-57a2d4851a1d" />
    <TestEntry testId="0eabdb4b-d51c-69ed-48be-1ddcb345cff7" executionId="327498e5-a852-4426-9d30-17af29c0ca6d" testListId="8c84fa94-04c1-424b-9868-57a2d4851a1d" />
    <TestEntry testId="0f682023-61d1-ad08-b7f7-ec99f9ada2f4" executionId="23e803a0-4a35-42c3-a1dc-0048b8ff6a43" testListId="8c84fa94-04c1-424b-9868-57a2d4851a1d" />
    <TestEntry testId="3b23bbc7-32c6-76af-829c-27f75cd0b974" executionId="77d54559-b9f5-4e6d-a34f-604030477ce9" testListId="8c84fa94-04c1-424b-9868-57a2d4851a1d" />
    <TestEntry testId="00de1d74-9cd4-2226-a8ed-1a98ac567991" executionId="0094c765-164b-4e37-9a0b-73b2863bf1b4" testListId="8c84fa94-04c1-424b-9868-57a2d4851a1d" />
    <TestEntry testId="e80aae6f-928f-d362-006b-64bf4e41b878" executionId="6b164ec5-3da7-44a0-be1f-2ef4c4b5545b" testListId="8c84fa94-04c1-424b-9868-57a2d4851a1d" />
    <TestEntry testId="11e3ecd0-fba7-e0e8-9929-38a9f6a2d541" executionId="4ad9d3f3-412c-4e50-9d85-52b1dd2c8335" testListId="8c84fa94-04c1-424b-9868-57a2d4851a1d" />
    <TestEntry testId="ac4a2b47-beef-c337-8758-c9e5ee1ca00b" executionId="90ae2556-51fb-4264-9377-2423b5c5dee8" testListId="8c84fa94-04c1-424b-9868-57a2d4851a1d" />
    <TestEntry testId="e8b9fee9-de2c-c612-dff4-e695aa18fdd4" executionId="26f946dc-f5c9-43dc-9b5b-85a748a9293a" testListId="8c84fa94-04c1-424b-9868-57a2d4851a1d" />
    <TestEntry testId="31b774d4-6b32-a750-2346-4adcc0ce8eb0" executionId="e2f7d7d6-277a-48ab-bc41-a6a706abd879" testListId="8c84fa94-04c1-424b-9868-57a2d4851a1d" />
    <TestEntry testId="e8b9fee9-de2c-c612-dff4-e695aa18fdd4" executionId="bf8471e5-d2f3-4b11-b9d1-3c9a6e6b410b" testListId="8c84fa94-04c1-424b-9868-57a2d4851a1d" />
    <TestEntry testId="eafbfe7b-4db7-130b-0519-10a66172dcba" executionId="64f5e8a0-777c-494a-b0b3-6bed41d7bca2" testListId="8c84fa94-04c1-424b-9868-57a2d4851a1d" />
  </TestEntries>
  <TestLists>
    <TestList name="Results Not in a List" id="8c84fa94-04c1-424b-9868-57a2d4851a1d" />
    <TestList name="All Loaded Results" id="19431567-8539-422a-85d7-44ee4e166bda" />
  </TestLists>
  <ResultSummary outcome="Completed">
    <Counters total="128" executed="122" passed="122" failed="0" error="0" timeout="0" aborted="0" inconclusive="0" passedButRunAborted="0" notRunnable="0" notExecuted="0" disconnected="0" warning="0" completed="0" inProgress="0" pending="0" />
    <Output>
      <StdOut>[xUnit.net 00:00:00.00] xUnit.net VSTest Adapter v3.1.5+1b188a7b0a (64-bit .NET 10.0.8)&#xD;
[xUnit.net 00:00:00.17]   Discovering: Syrx.Sqlite.Tests.Integration&#xD;
[xUnit.net 00:00:00.30]   Discovered:  Syrx.Sqlite.Tests.Integration&#xD;
[xUnit.net 00:00:00.37]   Starting:    Syrx.Sqlite.Tests.Integration&#xD;
[xUnit.net 00:00:01.17]       Change to the integration test breaks non-parameterized assertion.&#xD;
Test 'Syrx.Sqlite.Tests.Integration.DatabaseCommanderTests.SqliteQueryAsync.TwoTypes' was skipped in the test run.&#xD;
[xUnit.net 00:00:01.50]       Change to the integration test breaks non-parameterized assertion.&#xD;
Test 'Syrx.Sqlite.Tests.Integration.DatabaseCommanderTests.SqliteQueryAsync.SingleType' was skipped in the test run.&#xD;
Executing SingleTypeWithParameters against type Syrx.Commanders.Databases.Tests.Integration.Models.Immutable.ImmutableType&#xD;
Executing SingleTypeWithParameters against type Syrx.Commanders.Databases.Tests.Integration.Models.Mutable.MutableType&#xD;
Executing SingleTypeWithParameters against type Syrx.Commanders.Databases.Tests.Integration.Models.Record.RecordType&#xD;
Executing SingleTypeWithParameters against type Syrx.Commanders.Databases.Tests.Integration.Models.Immutable.PrimaryConstructorImmutableType&#xD;
Executing SingleTypeWithParameters against type Syrx.Commanders.Databases.Tests.Integration.Models.Immutable.ImmutableType&#xD;
Executing SingleTypeWithParameters against type Syrx.Commanders.Databases.Tests.Integration.Models.Mutable.MutableType&#xD;
Executing SingleTypeWithParameters against type Syrx.Commanders.Databases.Tests.Integration.Models.Record.RecordType&#xD;
Executing SingleTypeWithParameters against type Syrx.Commanders.Databases.Tests.Integration.Models.Immutable.PrimaryConstructorImmutableType&#xD;
[xUnit.net 00:00:01.88]       Change to the integration test breaks non-parameterized assertion.&#xD;
Test 'Syrx.Sqlite.Tests.Integration.DatabaseCommanderTests.SqliteQuery.SingleType' was skipped in the test run.&#xD;
[xUnit.net 00:00:02.02]       Change to the integration test breaks non-parameterized assertion.&#xD;
Test 'Syrx.Sqlite.Tests.Integration.DatabaseCommanderTests.SqliteQuery.TwoTypes' was skipped in the test run.&#xD;
[xUnit.net 00:00:02.19]       Not supported by SQLite&#xD;
Test 'Syrx.Sqlite.Tests.Integration.DatabaseCommanderTests.SqliteExecuteAsync.SupportsEnlistingInAmbientTransactions' was skipped in the test run.&#xD;
[xUnit.net 00:00:02.24]       Not supported by SQLite&#xD;
Test 'Syrx.Sqlite.Tests.Integration.DatabaseCommanderTests.SqliteExecute.SupportsEnlistingInAmbientTransactions' was skipped in the test run.&#xD;
[xUnit.net 00:00:02.90]   Finished:    Syrx.Sqlite.Tests.Integration&#xD;
</StdOut>
    </Output>
    <RunInfos>
      <RunInfo computerName="SEXTONXPS" outcome="Warning" timestamp="2026-06-02T00:52:41.6387408+01:00">
        <Text>[xUnit.net 00:00:01.17]     Syrx.Sqlite.Tests.Integration.DatabaseCommanderTests.SqliteQueryAsync.TwoTypes [SKIP]</Text>
      </RunInfo>
      <RunInfo computerName="SEXTONXPS" outcome="Warning" timestamp="2026-06-02T00:52:41.9076489+01:00">
        <Text>[xUnit.net 00:00:01.50]     Syrx.Sqlite.Tests.Integration.DatabaseCommanderTests.SqliteQueryAsync.SingleType [SKIP]</Text>
      </RunInfo>
      <RunInfo computerName="SEXTONXPS" outcome="Warning" timestamp="2026-06-02T00:52:42.2852553+01:00">
        <Text>[xUnit.net 00:00:01.88]     Syrx.Sqlite.Tests.Integration.DatabaseCommanderTests.SqliteQuery.SingleType [SKIP]</Text>
      </RunInfo>
      <RunInfo computerName="SEXTONXPS" outcome="Warning" timestamp="2026-06-02T00:52:42.4306269+01:00">
        <Text>[xUnit.net 00:00:02.02]     Syrx.Sqlite.Tests.Integration.DatabaseCommanderTests.SqliteQuery.TwoTypes [SKIP]</Text>
      </RunInfo>
      <RunInfo computerName="SEXTONXPS" outcome="Warning" timestamp="2026-06-02T00:52:42.5962557+01:00">
        <Text>[xUnit.net 00:00:02.19]     Syrx.Sqlite.Tests.Integration.DatabaseCommanderTests.SqliteExecuteAsync.SupportsEnlistingInAmbientTransactions [SKIP]</Text>
      </RunInfo>
      <RunInfo computerName="SEXTONXPS" outcome="Warning" timestamp="2026-06-02T00:52:42.6522111+01:00">
        <Text>[xUnit.net 00:00:02.24]     Syrx.Sqlite.Tests.Integration.DatabaseCommanderTests.SqliteExecute.SupportsEnlistingInAmbientTransactions [SKIP]</Text>
      </RunInfo>
    </RunInfos>
  </ResultSummary>
</TestRun>