<?xml version="1.0" encoding="utf-8"?>
<TestRun id="09b59924-f2e0-4520-8aa2-1eb4dee8025e" name="sexto@SEXTONXPS 2026-06-02 00:49:11" runUser="SEXTONXPS\sexto" xmlns="http://microsoft.com/schemas/VisualStudio/TeamTest/2010">
  <Times creation="2026-06-02T00:49:11.3702105+01:00" queuing="2026-06-02T00:49:11.3702119+01:00" start="2026-06-02T00:49:09.2380811+01:00" finish="2026-06-02T00:49:13.1529516+01:00" />
  <TestSettings name="default" id="54a993ce-499e-4bc7-9fad-8c8cf287962f">
    <Deployment runDeploymentRoot="sexto_SEXTONXPS_2026-06-02_00_49_11" />
  </TestSettings>
  <Results>
    <UnitTestResult executionId="43a9b892-8d48-435e-86c7-a91d09361e12" testId="f8f8cc99-4adc-3ed9-8e48-90850769cd47" testName="Syrx.Sqlite.Tests.Integration.DatabaseCommanderTests.SqliteQueryAsync.FifteenTypesWithParameters&lt;ImmutableType, ImmutableType, ImmutableType, ImmutableType, ImmutableType, ImmutableType, ImmutableType, ImmutableType, ImmutableType, ImmutableType, ImmutableType, ImmutableType, ImmutableType, ImmutableType, ImmutableType, ImmutableFifteenType&lt;ImmutableType, ImmutableType, ImmutableType, ImmutableType, ImmutableType, ImmutableType, ImmutableType, ImmutableType, ImmutableType, ImmutableType, ImmutableType, ImmutableType, ImmutableType, ImmutableType, ImmutableType, ImmutableType&gt;&gt;(input: FifteenType { One = ImmutableType { Id = 1, Name = entry 1, Value = 10, Modified = 02/06/2026 00:00:00 }, Two = ImmutableType { Id = 2, Name = entry 2, Value = 20, Modified = 02/06/2026 00:00:00 }, Three = ImmutableType { Id = 3, Name = entry 3, Value = 30, Modified = 02/06/2026 00:00:00 }, Four = ImmutableType { Id = 4, Name = entry 4, Value = 40, Modified = 02/06/2026 00:00:00 }, Five = ImmutableType { Id = 5, Name = entry 5, Value = 50, Modified = 02/06/2026 00:00:00 }, Six = ImmutableType { Id = 6, Name = entry 6, Value = 60, Modified = 02/06/2026 00:00:00 }, Seven = ImmutableType { Id = 7, Name = entry 7, Value = 70, Modified = 02/06/2026 00:00:00 }, Eight = ImmutableType { Id = 8, Name = entry 8, Value = 80, Modified = 02/06/2026 00:00:00 }, Nine = ImmutableType { Id = 9, Name = entry 9, Value = 90, Modified = 02/06/2026 00:00:00 }, Ten = ImmutableType { Id = 10, Name = entry 10, Value = 100, Modified = 02/06/2026 00:00:00 }, Eleven = ImmutableType { Id = 11, Name = entry 11, Value = 110, Modified = 02/06/2026 00:00:00 }, Twelve = ImmutableType { Id = 12, Name = entry 12, Value = 120, Modified = 02/06/2026 00:00:00 }, Thirteen = ImmutableType { Id = 13, Name = entry 13, Value = 130, Modified = 02/06/2026 00:00:00 }, Fourteen = ImmutableType { Id = 14, Name = entry 14, Value = 140, Modified = 02/06/2026 00:00:00 }, Fifteen = ImmutableType { Id = 15, Name = entry 15, Value = 150, Modified = 02/06/2026 00:00:00 }, Map = System.Func`16[Syrx.Commanders.Databases.Tests.Integration.Models.Immutable.ImmutableType,Syrx.Commanders.Databases.Tests.Integration.Models.Immutable.ImmutableType,Syrx.Commanders.Databases.Tests.Integration.Models.Immutable.ImmutableType,Syrx.Commanders.Databases.Tests.Integration.Models.Immutable.ImmutableType,Syrx.Commanders.Databases.Tests.Integration.Models.Immutable.ImmutableType,Syrx.Commanders.Databases.Tests.Integration.Models.Immutable.ImmutableType,Syrx.Commanders.Databases.Tests.Integration.Models.Immutable.ImmutableType,Syrx.Commanders.Databases.Tests.Integration.Models.Immutable.ImmutableType,Syrx.Commanders.Databases.Tests.Integration.Models.Immutable.ImmutableType,Syrx.Commanders.Databases.Tests.Integration.Models.Immutable.ImmutableType,Syrx.Commanders.Databases.Tests.Integration.Models.Immutable.ImmutableType,Syrx.Commanders.Databases.Tests.Integration.Models.Immutable.ImmutableType,Syrx.Commanders.Databases.Tests.Integration.Models.Immutable.ImmutableType,Syrx.Commanders.Databases.Tests.Integration.Models.Immutable.ImmutableType,Syrx.Commanders.Databases.Tests.Integration.Models.Immutable.ImmutableType,Syrx.Commanders.Databases.Tests.Integration.Models.Immutable.ImmutableFifteenType`16[Syrx.Commanders.Databases.Tests.Integration.Models.Immutable.ImmutableType,Syrx.Commanders.Databases.Tests.Integration.Models.Immutable.ImmutableType,Syrx.Commanders.Databases.Tests.Integration.Models.Immutable.ImmutableType,Syrx.Commanders.Databases.Tests.Integration.Models.Immutable.ImmutableType,Syrx.Commanders.Databases.Tests.Integration.Models.Immutable.ImmutableType,Syrx.Commanders.Databases.Tests.Integration.Models.Immutable.ImmutableType,Syrx.Commanders.Databases.Tests.Integration.Models.Immutable.ImmutableType,Syrx.Commanders.Databases.Tests.Integration.Models.Immutable.ImmutableType,Syrx.Commanders.Databases.Tests.Integration.Models.Immutable.ImmutableType,Syrx.Commanders.Databases.Tests.Integration.Models.Immutable.ImmutableType,Syrx.Commanders.Databases.Tests.Integration.Models.Immutable.ImmutableType,Syrx.Commanders.Databases.Tests.Integration.Models.Immutable.ImmutableType,Syrx.Commanders.Databases.Tests.Integration.Models.Immutable.ImmutableType,Syrx.Commanders.Databases.Tests.Integration.Models.Immutable.ImmutableType,Syrx.Commanders.Databases.Tests.Integration.Models.Immutable.ImmutableType,Syrx.Commanders.Databases.Tests.Integration.Models.Immutable.ImmutableType]], Parameters = { id = 1 }, Method =  })" computerName="SEXTONXPS" duration="00:00:00.0173167" startTime="2026-06-02T00:49:11.7465982+01:00" endTime="2026-06-02T00:49:11.7629420+01:00" testType="13cdc9d9-ddb5-4fa4-a97d-d965ccfc6d4b" outcome="Failed" testListId="8c84fa94-04c1-424b-9868-57a2d4851a1d" relativeResultsDirectory="43a9b892-8d48-435e-86c7-a91d09361e12">
      <Output>
        <ErrorInfo>
          <Message>Assert.Equivalent() Failure: Mismatched value on member 'One.Modified'&#xD;
Expected: 2026-06-02T00:00:00.0000000+01:00&#xD;
Actual:   2026-06-01T00:00:00.0000000</Message>
          <StackTrace>   at Syrx.Commanders.Databases.Tests.Integration.DatabaseCommanderTests.QueryAsync.FifteenTypesWithParameters[T1,T2,T3,T4,T5,T6,T7,T8,T9,T10,T11,T12,T13,T14,T15,TResult](FifteenType`16 input) in C:\Projects\Syrx\Syrx.Commanders.Databases\tests\integration\Syrx.Commanders.Databases.Tests.Integration\DatabaseCommanderTests\QueryAsync.Multimap.cs:line 451&#xD;
--- End of stack trace from previous location ---</StackTrace>
        </ErrorInfo>
      </Output>
    </UnitTestResult>
    <UnitTestResult executionId="f4b8c785-c2d6-4433-a0f9-ab299b7845b7" testId="28583323-c5ed-37cb-dbe3-a8ac4b02b2b0" testName="Syrx.Sqlite.Tests.Integration.DatabaseCommanderTests.SqliteQuery.SixteenTypeMultiple&lt;ImmutableType, ImmutableType, ImmutableType, ImmutableType, ImmutableType, ImmutableType, ImmutableType, ImmutableType, ImmutableType, ImmutableType, ImmutableType, ImmutableType, ImmutableType, ImmutableType, ImmutableType, ImmutableType, ImmutableSixteenType&lt;IEnumerable&lt;ImmutableType&gt;, IEnumerable&lt;ImmutableType&gt;, IEnumerable&lt;ImmutableType&gt;, IEnumerable&lt;ImmutableType&gt;, IEnumerable&lt;ImmutableType&gt;, IEnumerable&lt;ImmutableType&gt;, IEnumerable&lt;ImmutableType&gt;, IEnumerable&lt;ImmutableType&gt;, IEnumerable&lt;ImmutableType&gt;, IEnumerable&lt;ImmutableType&gt;, IEnumerable&lt;ImmutableType&gt;, IEnumerable&lt;ImmutableType&gt;, IEnumerable&lt;ImmutableType&gt;, IEnumerable&lt;ImmutableType&gt;, IEnumerable&lt;ImmutableType&gt;, IEnumerable&lt;ImmutableType&gt;, IEnumerable&lt;ImmutableType&gt;&gt;&gt;(input: SixteenType { One = System.Linq.Enumerable+RangeSelectIterator`2[System.Int32,Syrx.Commanders.Databases.Tests.Integration.Models.Immutable.ImmutableType], Two = System.Linq.Enumerable+RangeSelectIterator`2[System.Int32,Syrx.Commanders.Databases.Tests.Integration.Models.Immutable.ImmutableType], Three = System.Linq.Enumerable+RangeSelectIterator`2[System.Int32,Syrx.Commanders.Databases.Tests.Integration.Models.Immutable.ImmutableType], Four = System.Linq.Enumerable+RangeSelectIterator`2[System.Int32,Syrx.Commanders.Databases.Tests.Integration.Models.Immutable.ImmutableType], Five = System.Linq.Enumerable+RangeSelectIterator`2[System.Int32,Syrx.Commanders.Databases.Tests.Integration.Models.Immutable.ImmutableType], Six = System.Linq.Enumerable+RangeSelectIterator`2[System.Int32,Syrx.Commanders.Databases.Tests.Integration.Models.Immutable.ImmutableType], Seven = System.Linq.Enumerable+RangeSelectIterator`2[System.Int32,Syrx.Commanders.Databases.Tests.Integration.Models.Immutable.ImmutableType], Eight = System.Linq.Enumerable+RangeSelectIterator`2[System.Int32,Syrx.Commanders.Databases.Tests.Integration.Models.Immutable.ImmutableType], Nine = System.Linq.Enumerable+RangeSelectIterator`2[System.Int32,Syrx.Commanders.Databases.Tests.Integration.Models.Immutable.ImmutableType], Ten = System.Linq.Enumerable+RangeSelectIterator`2[System.Int32,Syrx.Commanders.Databases.Tests.Integration.Models.Immutable.ImmutableType], Eleven = System.Linq.Enumerable+RangeSelectIterator`2[System.Int32,Syrx.Commanders.Databases.Tests.Integration.Models.Immutable.ImmutableType], Twelve = System.Linq.Enumerable+RangeSelectIterator`2[System.Int32,Syrx.Commanders.Databases.Tests.Integration.Models.Immutable.ImmutableType], Thirteen = System.Linq.Enumerable+RangeSelectIterator`2[System.Int32,Syrx.Commanders.Databases.Tests.Integration.Models.Immutable.ImmutableType], Fourteen = System.Linq.Enumerable+RangeSelectIterator`2[System.Int32,Syrx.Commanders.Databases.Tests.Integration.Models.Immutable.ImmutableType], Fifteen = System.Linq.Enumerable+RangeSelectIterator`2[System.Int32,Syrx.Commanders.Databases.Tests.Integration.Models.Immutable.ImmutableType], Sixteen = System.Linq.Enumerable+RangeSelectIterator`2[System.Int32,Syrx.Commanders.Databases.Tests.Integration.Models.Immutable.ImmutableType], Map = System.Func`17[System.Collections.Generic.IEnumerable`1[Syrx.Commanders.Databases.Tests.Integration.Models.Immutable.ImmutableType],System.Collections.Generic.IEnumerable`1[Syrx.Commanders.Databases.Tests.Integration.Models.Immutable.ImmutableType],System.Collections.Generic.IEnumerable`1[Syrx.Commanders.Databases.Tests.Integration.Models.Immutable.ImmutableType],System.Collections.Generic.IEnumerable`1[Syrx.Commanders.Databases.Tests.Integration.Models.Immutable.ImmutableType],System.Collections.Generic.IEnumerable`1[Syrx.Commanders.Databases.Tests.Integration.Models.Immutable.ImmutableType],System.Collections.Generic.IEnumerable`1[Syrx.Commanders.Databases.Tests.Integration.Models.Immutable.ImmutableType],System.Collections.Generic.IEnumerable`1[Syrx.Commanders.Databases.Tests.Integration.Models.Immutable.ImmutableType],System.Collections.Generic.IEnumerable`1[Syrx.Commanders.Databases.Tests.Integration.Models.Immutable.ImmutableType],System.Collections.Generic.IEnumerable`1[Syrx.Commanders.Databases.Tests.Integration.Models.Immutable.ImmutableType],System.Collections.Generic.IEnumerable`1[Syrx.Commanders.Databases.Tests.Integration.Models.Immutable.ImmutableType],System.Collections.Generic.IEnumerable`1[Syrx.Commanders.Databases.Tests.Integration.Models.Immutable.ImmutableType],System.Collections.Generic.IEnumerable`1[Syrx.Commanders.Databases.Tests.Integration.Models.Immutable.ImmutableType],System.Collections.Generic.IEnumerable`1[Syrx.Commanders.Databases.Tests.Integration.Models.Immutable.ImmutableType],System.Collections.Generic.IEnumerable`1[Syrx.Commanders.Databases.Tests.Integration.Models.Immutable.ImmutableType],System.Collections.Generic.IEnumerable`1[Syrx.Commanders.Databases.Tests.Integration.Models.Immutable.ImmutableType],System.Collections.Generic.IEnumerable`1[Syrx.Commanders.Databases.Tests.Integration.Models.Immutable.ImmutableType],System.Collections.Generic.IEnumerable`1[Syrx.Commanders.Databases.Tests.Integration.Models.Immutable.ImmutableSixteenType`17[System.Collections.Generic.IEnumerable`1[Syrx.Commanders.Databases.Tests.Integration.Models.Immutable.ImmutableType],System.Collections.Generic.IEnumerable`1[Syrx.Commanders.Databases.Tests.Integration.Models.Immutable.ImmutableType],System.Collections.Generic.IEnumerable`1[Syrx.Commanders.Databases.Tests.Integration.Models.Immutable.ImmutableType],System.Collections.Generic.IEnumerable`1[Syrx.Commanders.Databases.Tests.Integration.Models.Immutable.ImmutableType],System.Collections.Generic.IEnumerable`1[Syrx.Commanders.Databases.Tests.Integration.Models.Immutable.ImmutableType],System.Collections.Generic.IEnumerable`1[Syrx.Commanders.Databases.Tests.Integration.Models.Immutable.ImmutableType],System.Collections.Generic.IEnumerable`1[Syrx.Commanders.Databases.Tests.Integration.Models.Immutable.ImmutableType],System.Collections.Generic.IEnumerable`1[Syrx.Commanders.Databases.Tests.Integration.Models.Immutable.ImmutableType],System.Collections.Generic.IEnumerable`1[Syrx.Commanders.Databases.Tests.Integration.Models.Immutable.ImmutableType],System.Collections.Generic.IEnumerable`1[Syrx.Commanders.Databases.Tests.Integration.Models.Immutable.ImmutableType],System.Collections.Generic.IEnumerable`1[Syrx.Commanders.Databases.Tests.Integration.Models.Immutable.ImmutableType],System.Collections.Generic.IEnumerable`1[Syrx.Commanders.Databases.Tests.Integration.Models.Immutable.ImmutableType],System.Collections.Generic.IEnumerable`1[Syrx.Commanders.Databases.Tests.Integration.Models.Immutable.ImmutableType],System.Collections.Generic.IEnumerable`1[Syrx.Commanders.Databases.Tests.Integration.Models.Immutable.ImmutableType],System.Collections.Generic.IEnumerable`1[Syrx.Commanders.Databases.Tests.Integration.Models.Immutable.ImmutableType],System.Collections.Generic.IEnumerable`1[Syrx.Commanders.Databases.Tests.Integration.Models.Immutable.ImmutableType],System.Collections.Generic.IEnumerable`1[Syrx.Commanders.Databases.Tests.Integration.Models.Immutable.ImmutableType]]]], Parameters = , Method =  })" computerName="SEXTONXPS" duration="00:00:00.0102514" startTime="2026-06-02T00:49:12.1481796+01:00" endTime="2026-06-02T00:49:12.1587260+01:00" testType="13cdc9d9-ddb5-4fa4-a97d-d965ccfc6d4b" outcome="Failed" testListId="8c84fa94-04c1-424b-9868-57a2d4851a1d" relativeResultsDirectory="f4b8c785-c2d6-4433-a0f9-ab299b7845b7">
      <Output>
        <ErrorInfo>
          <Message>Assert.Equivalent() Failure: Collection value not found&#xD;
Expected: ImmutableSixteenType { One = System.Linq.Enumerable+RangeSelectIterator`2[System.Int32,Syrx.Commanders.Databases.Tests.Integration.Models.Immutable.ImmutableType], Two = System.Linq.Enumerable+RangeSelectIterator`2[System.Int32,Syrx.Commanders.Databases.Tests.Integration.Models.Immutable.ImmutableType], Three = System.Linq.Enumerable+RangeSelectIterator`2[System.Int32,Syrx.Commanders.Databases.Tests.Integration.Models.Immutable.ImmutableType], Four = System.Linq.Enumerable+RangeSelectIterator`2[System.Int32,Syrx.Commanders.Databases.Tests.Integration.Models.Immutable.ImmutableType], Five = System.Linq.Enumerable+RangeSelectIterator`2[System.Int32,Syrx.Commanders.Databases.Tests.Integration.Models.Immutable.ImmutableType], Six = System.Linq.Enumerable+RangeSelectIterator`2[System.Int32,Syrx.Commanders.Databases.Tests.Integration.Models.Immutable.ImmutableType], Seven = System.Linq.Enumerable+RangeSelectIterator`2[System.Int32,Syrx.Commanders.Databases.Tests.Integration.Models.Immutable.ImmutableType], Eight = System.Linq.Enumerable+RangeSelectIterator`2[System.Int32,Syrx.Commanders.Databases.Tests.Integration.Models.Immutable.ImmutableType], Nine = System.Linq.Enumerable+RangeSelectIterator`2[System.Int32,Syrx.Commanders.Databases.Tests.Integration.Models.Immutable.ImmutableType], Ten = System.Linq.Enumerable+RangeSelectIterator`2[System.Int32,Syrx.Commanders.Databases.Tests.Integration.Models.Immutable.ImmutableType], Eleven = System.Linq.Enumerable+RangeSelectIterator`2[System.Int32,Syrx.Commanders.Databases.Tests.Integration.Models.Immutable.ImmutableType], Twelve = System.Linq.Enumerable+RangeSelectIterator`2[System.Int32,Syrx.Commanders.Databases.Tests.Integration.Models.Immutable.ImmutableType], Thirteen = System.Linq.Enumerable+RangeSelectIterator`2[System.Int32,Syrx.Commanders.Databases.Tests.Integration.Models.Immutable.ImmutableType], Fourteen = System.Linq.Enumerable+RangeSelectIterator`2[System.Int32,Syrx.Commanders.Databases.Tests.Integration.Models.Immutable.ImmutableType], Fifteen = System.Linq.Enumerable+RangeSelectIterator`2[System.Int32,Syrx.Commanders.Databases.Tests.Integration.Models.Immutable.ImmutableType], Sixteen = System.Linq.Enumerable+RangeSelectIterator`2[System.Int32,Syrx.Commanders.Databases.Tests.Integration.Models.Immutable.ImmutableType] }&#xD;
In:       [ImmutableSixteenType { One = System.Collections.Generic.List`1[Syrx.Commanders.Databases.Tests.Integration.Models.Immutable.ImmutableType], Two = System.Collections.Generic.List`1[Syrx.Commanders.Databases.Tests.Integration.Models.Immutable.ImmutableType], Three = System.Collections.Generic.List`1[Syrx.Commanders.Databases.Tests.Integration.Models.Immutable.ImmutableType], Four = System.Collections.Generic.List`1[Syrx.Commanders.Databases.Tests.Integration.Models.Immutable.ImmutableType], Five = System.Collections.Generic.List`1[Syrx.Commanders.Databases.Tests.Integration.Models.Immutable.ImmutableType], Six = System.Collections.Generic.List`1[Syrx.Commanders.Databases.Tests.Integration.Models.Immutable.ImmutableType], Seven = System.Collections.Generic.List`1[Syrx.Commanders.Databases.Tests.Integration.Models.Immutable.ImmutableType], Eight = System.Collections.Generic.List`1[Syrx.Commanders.Databases.Tests.Integration.Models.Immutable.ImmutableType], Nine = System.Collections.Generic.List`1[Syrx.Commanders.Databases.Tests.Integration.Models.Immutable.ImmutableType], Ten = System.Collections.Generic.List`1[Syrx.Commanders.Databases.Tests.Integration.Models.Immutable.ImmutableType], Eleven = System.Collections.Generic.List`1[Syrx.Commanders.Databases.Tests.Integration.Models.Immutable.ImmutableType], Twelve = System.Collections.Generic.List`1[Syrx.Commanders.Databases.Tests.Integration.Models.Immutable.ImmutableType], Thirteen = System.Collections.Generic.List`1[Syrx.Commanders.Databases.Tests.Integration.Models.Immutable.ImmutableType], Fourteen = System.Collections.Generic.List`1[Syrx.Commanders.Databases.Tests.Integration.Models.Immutable.ImmutableType], Fifteen = System.Collections.Generic.List`1[Syrx.Commanders.Databases.Tests.Integration.Models.Immutable.ImmutableType], Sixteen = System.Collections.Generic.List`1[Syrx.Commanders.Databases.Tests.Integration.Models.Immutable.ImmutableType] }]</Message>
          <StackTrace>   at Syrx.Commanders.Databases.Tests.Integration.DatabaseCommanderTests.Query.SixteenTypeMultiple[T1,T2,T3,T4,T5,T6,T7,T8,T9,T10,T11,T12,T13,T14,T15,T16,TResult](SixteenType`17 input) in C:\Projects\Syrx\Syrx.Commanders.Databases\tests\integration\Syrx.Commanders.Databases.Tests.Integration\DatabaseCommanderTests\Query.Multiple.cs:line 526&#xD;
   at System.Reflection.MethodBaseInvoker.InterpretedInvoke_Method(Object obj, IntPtr* args)&#xD;
   at System.Reflection.MethodBaseInvoker.InvokeDirectByRefWithFewArgs(Object obj, Span`1 copyOfArgs, BindingFlags invokeAttr)</StackTrace>
        </ErrorInfo>
      </Output>
    </UnitTestResult>
    <UnitTestResult executionId="1752d9f1-9fce-4b69-aa2c-ffad8de5c909" testId="e1fca351-e08d-0ff5-35c0-52ad01bd54c5" testName="Syrx.Sqlite.Tests.Integration.DatabaseCommanderTests.SqliteExecute.SupportsRollbackOnParameterlessCalls" computerName="SEXTONXPS" duration="00:00:00.0047498" startTime="2026-06-02T00:49:12.3383980+01:00" endTime="2026-06-02T00:49:12.3424903+01:00" testType="13cdc9d9-ddb5-4fa4-a97d-d965ccfc6d4b" outcome="Passed" testListId="8c84fa94-04c1-424b-9868-57a2d4851a1d" relativeResultsDirectory="1752d9f1-9fce-4b69-aa2c-ffad8de5c909" />
    <UnitTestResult executionId="491f0fdb-a040-4d0c-a740-f21842d5667d" testId="493ef344-7bf4-79aa-14e0-3da979418ad4" testName="Syrx.Sqlite.Tests.Integration.DatabaseCommanderTests.SqliteExecute.SupportsSuppressedDistributedTransactions" computerName="SEXTONXPS" duration="00:00:00.0159560" startTime="2026-06-02T00:49:12.3427001+01:00" endTime="2026-06-02T00:49:12.3585533+01:00" testType="13cdc9d9-ddb5-4fa4-a97d-d965ccfc6d4b" outcome="Passed" testListId="8c84fa94-04c1-424b-9868-57a2d4851a1d" relativeResultsDirectory="491f0fdb-a040-4d0c-a740-f21842d5667d" />
    <UnitTestResult executionId="7b48a6a6-e7f1-4ebd-ad38-02e5877bcd2c" testId="734a955d-0aff-f210-16c7-9b36ef021dd8" testName="Syrx.Sqlite.Tests.Integration.DatabaseCommanderTests.SqliteQuery.EightTypesWithParameters&lt;ImmutableType, ImmutableType, ImmutableType, ImmutableType, ImmutableType, ImmutableType, ImmutableType, ImmutableType, ImmutableEightType&lt;ImmutableType, ImmutableType, ImmutableType, ImmutableType, ImmutableType, ImmutableType, ImmutableType, ImmutableType, ImmutableType&gt;&gt;(input: EightType { One = ImmutableType { Id = 1, Name = entry 1, Value = 10, Modified = 02/06/2026 00:00:00 }, Two = ImmutableType { Id = 2, Name = entry 2, Value = 20, Modified = 02/06/2026 00:00:00 }, Three = ImmutableType { Id = 3, Name = entry 3, Value = 30, Modified = 02/06/2026 00:00:00 }, Four = ImmutableType { Id = 4, Name = entry 4, Value = 40, Modified = 02/06/2026 00:00:00 }, Five = ImmutableType { Id = 5, Name = entry 5, Value = 50, Modified = 02/06/2026 00:00:00 }, Six = ImmutableType { Id = 6, Name = entry 6, Value = 60, Modified = 02/06/2026 00:00:00 }, Seven = ImmutableType { Id = 7, Name = entry 7, Value = 70, Modified = 02/06/2026 00:00:00 }, Eight = ImmutableType { Id = 8, Name = entry 8, Value = 80, Modified = 02/06/2026 00:00:00 }, Map = System.Func`9[Syrx.Commanders.Databases.Tests.Integration.Models.Immutable.ImmutableType,Syrx.Commanders.Databases.Tests.Integration.Models.Immutable.ImmutableType,Syrx.Commanders.Databases.Tests.Integration.Models.Immutable.ImmutableType,Syrx.Commanders.Databases.Tests.Integration.Models.Immutable.ImmutableType,Syrx.Commanders.Databases.Tests.Integration.Models.Immutable.ImmutableType,Syrx.Commanders.Databases.Tests.Integration.Models.Immutable.ImmutableType,Syrx.Commanders.Databases.Tests.Integration.Models.Immutable.ImmutableType,Syrx.Commanders.Databases.Tests.Integration.Models.Immutable.ImmutableType,Syrx.Commanders.Databases.Tests.Integration.Models.Immutable.ImmutableEightType`9[Syrx.Commanders.Databases.Tests.Integration.Models.Immutable.ImmutableType,Syrx.Commanders.Databases.Tests.Integration.Models.Immutable.ImmutableType,Syrx.Commanders.Databases.Tests.Integration.Models.Immutable.ImmutableType,Syrx.Commanders.Databases.Tests.Integration.Models.Immutable.ImmutableType,Syrx.Commanders.Databases.Tests.Integration.Models.Immutable.ImmutableType,Syrx.Commanders.Databases.Tests.Integration.Models.Immutable.ImmutableType,Syrx.Commanders.Databases.Tests.Integration.Models.Immutable.ImmutableType,Syrx.Commanders.Databases.Tests.Integration.Models.Immutable.ImmutableType,Syrx.Commanders.Databases.Tests.Integration.Models.Immutable.ImmutableType]], Parameters = { id = 1 }, Method =  })" computerName="SEXTONXPS" duration="00:00:00.0042305" startTime="2026-06-02T00:49:12.1002568+01:00" endTime="2026-06-02T00:49:12.1036900+01:00" testType="13cdc9d9-ddb5-4fa4-a97d-d965ccfc6d4b" outcome="Failed" testListId="8c84fa94-04c1-424b-9868-57a2d4851a1d" relativeResultsDirectory="7b48a6a6-e7f1-4ebd-ad38-02e5877bcd2c">
      <Output>
        <ErrorInfo>
          <Message>Assert.Equivalent() Failure: Mismatched value on member 'One.Modified'&#xD;
Expected: 2026-06-02T00:00:00.0000000+01:00&#xD;
Actual:   2026-06-01T00:00:00.0000000</Message>
          <StackTrace>   at Syrx.Commanders.Databases.Tests.Integration.DatabaseCommanderTests.Query.EightTypesWithParameters[T1,T2,T3,T4,T5,T6,T7,T8,TResult](EightType`9 input) in C:\Projects\Syrx\Syrx.Commanders.Databases\tests\integration\Syrx.Commanders.Databases.Tests.Integration\DatabaseCommanderTests\Query.Multimap.cs:line 226&#xD;
   at System.Reflection.MethodBaseInvoker.InterpretedInvoke_Method(Object obj, IntPtr* args)&#xD;
   at System.Reflection.MethodBaseInvoker.InvokeDirectByRefWithFewArgs(Object obj, Span`1 copyOfArgs, BindingFlags invokeAttr)</StackTrace>
        </ErrorInfo>
      </Output>
    </UnitTestResult>
    <UnitTestResult executionId="aa55fbe9-4347-4fbd-8a0a-77ca032ceae1" testId="cdf2e8fe-3c5a-02b4-f51d-c99bafdf9334" testName="Syrx.Sqlite.Tests.Integration.DatabaseCommanderTests.SqliteQuery.NineTypeMultiple&lt;ImmutableType, ImmutableType, ImmutableType, ImmutableType, ImmutableType, ImmutableType, ImmutableType, ImmutableType, ImmutableType, ImmutableNineType&lt;IEnumerable&lt;ImmutableType&gt;, IEnumerable&lt;ImmutableType&gt;, IEnumerable&lt;ImmutableType&gt;, IEnumerable&lt;ImmutableType&gt;, IEnumerable&lt;ImmutableType&gt;, IEnumerable&lt;ImmutableType&gt;, IEnumerable&lt;ImmutableType&gt;, IEnumerable&lt;ImmutableType&gt;, IEnumerable&lt;ImmutableType&gt;, IEnumerable&lt;ImmutableType&gt;&gt;&gt;(input: NineType { One = System.Linq.Enumerable+RangeSelectIterator`2[System.Int32,Syrx.Commanders.Databases.Tests.Integration.Models.Immutable.ImmutableType], Two = System.Linq.Enumerable+RangeSelectIterator`2[System.Int32,Syrx.Commanders.Databases.Tests.Integration.Models.Immutable.ImmutableType], Three = System.Linq.Enumerable+RangeSelectIterator`2[System.Int32,Syrx.Commanders.Databases.Tests.Integration.Models.Immutable.ImmutableType], Four = System.Linq.Enumerable+RangeSelectIterator`2[System.Int32,Syrx.Commanders.Databases.Tests.Integration.Models.Immutable.ImmutableType], Five = System.Linq.Enumerable+RangeSelectIterator`2[System.Int32,Syrx.Commanders.Databases.Tests.Integration.Models.Immutable.ImmutableType], Six = System.Linq.Enumerable+RangeSelectIterator`2[System.Int32,Syrx.Commanders.Databases.Tests.Integration.Models.Immutable.ImmutableType], Seven = System.Linq.Enumerable+RangeSelectIterator`2[System.Int32,Syrx.Commanders.Databases.Tests.Integration.Models.Immutable.ImmutableType], Eight = System.Linq.Enumerable+RangeSelectIterator`2[System.Int32,Syrx.Commanders.Databases.Tests.Integration.Models.Immutable.ImmutableType], Nine = System.Linq.Enumerable+RangeSelectIterator`2[System.Int32,Syrx.Commanders.Databases.Tests.Integration.Models.Immutable.ImmutableType], Map = System.Func`10[System.Collections.Generic.IEnumerable`1[Syrx.Commanders.Databases.Tests.Integration.Models.Immutable.ImmutableType],System.Collections.Generic.IEnumerable`1[Syrx.Commanders.Databases.Tests.Integration.Models.Immutable.ImmutableType],System.Collections.Generic.IEnumerable`1[Syrx.Commanders.Databases.Tests.Integration.Models.Immutable.ImmutableType],System.Collections.Generic.IEnumerable`1[Syrx.Commanders.Databases.Tests.Integration.Models.Immutable.ImmutableType],System.Collections.Generic.IEnumerable`1[Syrx.Commanders.Databases.Tests.Integration.Models.Immutable.ImmutableType],System.Collections.Generic.IEnumerable`1[Syrx.Commanders.Databases.Tests.Integration.Models.Immutable.ImmutableType],System.Collections.Generic.IEnumerable`1[Syrx.Commanders.Databases.Tests.Integration.Models.Immutable.ImmutableType],System.Collections.Generic.IEnumerable`1[Syrx.Commanders.Databases.Tests.Integration.Models.Immutable.ImmutableType],System.Collections.Generic.IEnumerable`1[Syrx.Commanders.Databases.Tests.Integration.Models.Immutable.ImmutableType],System.Collections.Generic.IEnumerable`1[Syrx.Commanders.Databases.Tests.Integration.Models.Immutable.ImmutableNineType`10[System.Collections.Generic.IEnumerable`1[Syrx.Commanders.Databases.Tests.Integration.Models.Immutable.ImmutableType],System.Collections.Generic.IEnumerable`1[Syrx.Commanders.Databases.Tests.Integration.Models.Immutable.ImmutableType],System.Collections.Generic.IEnumerable`1[Syrx.Commanders.Databases.Tests.Integration.Models.Immutable.ImmutableType],System.Collections.Generic.IEnumerable`1[Syrx.Commanders.Databases.Tests.Integration.Models.Immutable.ImmutableType],System.Collections.Generic.IEnumerable`1[Syrx.Commanders.Databases.Tests.Integration.Models.Immutable.ImmutableType],System.Collections.Generic.IEnumerable`1[Syrx.Commanders.Databases.Tests.Integration.Models.Immutable.ImmutableType],System.Collections.Generic.IEnumerable`1[Syrx.Commanders.Databases.Tests.Integration.Models.Immutable.ImmutableType],System.Collections.Generic.IEnumerable`1[Syrx.Commanders.Databases.Tests.Integration.Models.Immutable.ImmutableType],System.Collections.Generic.IEnumerable`1[Syrx.Commanders.Databases.Tests.Integration.Models.Immutable.ImmutableType],System.Collections.Generic.IEnumerable`1[Syrx.Commanders.Databases.Tests.Integration.Models.Immutable.ImmutableType]]]], Parameters = , Method =  })" computerName="SEXTONXPS" duration="00:00:00.0129500" startTime="2026-06-02T00:49:11.9605627+01:00" endTime="2026-06-02T00:49:11.9727284+01:00" testType="13cdc9d9-ddb5-4fa4-a97d-d965ccfc6d4b" outcome="Failed" testListId="8c84fa94-04c1-424b-9868-57a2d4851a1d" relativeResultsDirectory="aa55fbe9-4347-4fbd-8a0a-77ca032ceae1">
      <Output>
        <ErrorInfo>
          <Message>Assert.Equivalent() Failure: Collection value not found&#xD;
Expected: ImmutableNineType { One = System.Linq.Enumerable+RangeSelectIterator`2[System.Int32,Syrx.Commanders.Databases.Tests.Integration.Models.Immutable.ImmutableType], Two = System.Linq.Enumerable+RangeSelectIterator`2[System.Int32,Syrx.Commanders.Databases.Tests.Integration.Models.Immutable.ImmutableType], Three = System.Linq.Enumerable+RangeSelectIterator`2[System.Int32,Syrx.Commanders.Databases.Tests.Integration.Models.Immutable.ImmutableType], Four = System.Linq.Enumerable+RangeSelectIterator`2[System.Int32,Syrx.Commanders.Databases.Tests.Integration.Models.Immutable.ImmutableType], Five = System.Linq.Enumerable+RangeSelectIterator`2[System.Int32,Syrx.Commanders.Databases.Tests.Integration.Models.Immutable.ImmutableType], Six = System.Linq.Enumerable+RangeSelectIterator`2[System.Int32,Syrx.Commanders.Databases.Tests.Integration.Models.Immutable.ImmutableType], Seven = System.Linq.Enumerable+RangeSelectIterator`2[System.Int32,Syrx.Commanders.Databases.Tests.Integration.Models.Immutable.ImmutableType], Eight = System.Linq.Enumerable+RangeSelectIterator`2[System.Int32,Syrx.Commanders.Databases.Tests.Integration.Models.Immutable.ImmutableType], Nine = System.Linq.Enumerable+RangeSelectIterator`2[System.Int32,Syrx.Commanders.Databases.Tests.Integration.Models.Immutable.ImmutableType] }&#xD;
In:       [ImmutableNineType { One = System.Collections.Generic.List`1[Syrx.Commanders.Databases.Tests.Integration.Models.Immutable.ImmutableType], Two = System.Collections.Generic.List`1[Syrx.Commanders.Databases.Tests.Integration.Models.Immutable.ImmutableType], Three = System.Collections.Generic.List`1[Syrx.Commanders.Databases.Tests.Integration.Models.Immutable.ImmutableType], Four = System.Collections.Generic.List`1[Syrx.Commanders.Databases.Tests.Integration.Models.Immutable.ImmutableType], Five = System.Collections.Generic.List`1[Syrx.Commanders.Databases.Tests.Integration.Models.Immutable.ImmutableType], Six = System.Collections.Generic.List`1[Syrx.Commanders.Databases.Tests.Integration.Models.Immutable.ImmutableType], Seven = System.Collections.Generic.List`1[Syrx.Commanders.Databases.Tests.Integration.Models.Immutable.ImmutableType], Eight = System.Collections.Generic.List`1[Syrx.Commanders.Databases.Tests.Integration.Models.Immutable.ImmutableType], Nine = System.Collections.Generic.List`1[Syrx.Commanders.Databases.Tests.Integration.Models.Immutable.ImmutableType] }]</Message>
          <StackTrace>   at Syrx.Commanders.Databases.Tests.Integration.DatabaseCommanderTests.Query.NineTypeMultiple[T1,T2,T3,T4,T5,T6,T7,T8,T9,TResult](NineType`10 input) in C:\Projects\Syrx\Syrx.Commanders.Databases\tests\integration\Syrx.Commanders.Databases.Tests.Integration\DatabaseCommanderTests\Query.Multiple.cs:line 231&#xD;
   at System.Reflection.MethodBaseInvoker.InterpretedInvoke_Method(Object obj, IntPtr* args)&#xD;
   at System.Reflection.MethodBaseInvoker.InvokeDirectByRefWithFewArgs(Object obj, Span`1 copyOfArgs, BindingFlags invokeAttr)</StackTrace>
        </ErrorInfo>
      </Output>
    </UnitTestResult>
    <UnitTestResult executionId="c9958b0b-cf46-4e13-92ec-10a2ec56572c" testId="0eabdb4b-d51c-69ed-48be-1ddcb345cff7" testName="Syrx.Sqlite.Tests.Integration.DatabaseCommanderTests.SqliteQuery.SixTypeMultiple&lt;ImmutableType, ImmutableType, ImmutableType, ImmutableType, ImmutableType, ImmutableType, ImmutableSixType&lt;IEnumerable&lt;ImmutableType&gt;, IEnumerable&lt;ImmutableType&gt;, IEnumerable&lt;ImmutableType&gt;, IEnumerable&lt;ImmutableType&gt;, IEnumerable&lt;ImmutableType&gt;, IEnumerable&lt;ImmutableType&gt;, IEnumerable&lt;ImmutableType&gt;&gt;&gt;(input: SixType { One = System.Linq.Enumerable+RangeSelectIterator`2[System.Int32,Syrx.Commanders.Databases.Tests.Integration.Models.Immutable.ImmutableType], Two = System.Linq.Enumerable+RangeSelectIterator`2[System.Int32,Syrx.Commanders.Databases.Tests.Integration.Models.Immutable.ImmutableType], Three = System.Linq.Enumerable+RangeSelectIterator`2[System.Int32,Syrx.Commanders.Databases.Tests.Integration.Models.Immutable.ImmutableType], Four = System.Linq.Enumerable+RangeSelectIterator`2[System.Int32,Syrx.Commanders.Databases.Tests.Integration.Models.Immutable.ImmutableType], Five = System.Linq.Enumerable+RangeSelectIterator`2[System.Int32,Syrx.Commanders.Databases.Tests.Integration.Models.Immutable.ImmutableType], Six = System.Linq.Enumerable+RangeSelectIterator`2[System.Int32,Syrx.Commanders.Databases.Tests.Integration.Models.Immutable.ImmutableType], Map = System.Func`7[System.Collections.Generic.IEnumerable`1[Syrx.Commanders.Databases.Tests.Integration.Models.Immutable.ImmutableType],System.Collections.Generic.IEnumerable`1[Syrx.Commanders.Databases.Tests.Integration.Models.Immutable.ImmutableType],System.Collections.Generic.IEnumerable`1[Syrx.Commanders.Databases.Tests.Integration.Models.Immutable.ImmutableType],System.Collections.Generic.IEnumerable`1[Syrx.Commanders.Databases.Tests.Integration.Models.Immutable.ImmutableType],System.Collections.Generic.IEnumerable`1[Syrx.Commanders.Databases.Tests.Integration.Models.Immutable.ImmutableType],System.Collections.Generic.IEnumerable`1[Syrx.Commanders.Databases.Tests.Integration.Models.Immutable.ImmutableType],System.Collections.Generic.IEnumerable`1[Syrx.Commanders.Databases.Tests.Integration.Models.Immutable.ImmutableSixType`7[System.Collections.Generic.IEnumerable`1[Syrx.Commanders.Databases.Tests.Integration.Models.Immutable.ImmutableType],System.Collections.Generic.IEnumerable`1[Syrx.Commanders.Databases.Tests.Integration.Models.Immutable.ImmutableType],System.Collections.Generic.IEnumerable`1[Syrx.Commanders.Databases.Tests.Integration.Models.Immutable.ImmutableType],System.Collections.Generic.IEnumerable`1[Syrx.Commanders.Databases.Tests.Integration.Models.Immutable.ImmutableType],System.Collections.Generic.IEnumerable`1[Syrx.Commanders.Databases.Tests.Integration.Models.Immutable.ImmutableType],System.Collections.Generic.IEnumerable`1[Syrx.Commanders.Databases.Tests.Integration.Models.Immutable.ImmutableType],System.Collections.Generic.IEnumerable`1[Syrx.Commanders.Databases.Tests.Integration.Models.Immutable.ImmutableType]]]], Parameters = , Method =  })" computerName="SEXTONXPS" duration="00:00:00.0120204" startTime="2026-06-02T00:49:12.1611357+01:00" endTime="2026-06-02T00:49:12.1717195+01:00" testType="13cdc9d9-ddb5-4fa4-a97d-d965ccfc6d4b" outcome="Failed" testListId="8c84fa94-04c1-424b-9868-57a2d4851a1d" relativeResultsDirectory="c9958b0b-cf46-4e13-92ec-10a2ec56572c">
      <Output>
        <ErrorInfo>
          <Message>Assert.Equivalent() Failure: Collection value not found&#xD;
Expected: ImmutableSixType { One = System.Linq.Enumerable+RangeSelectIterator`2[System.Int32,Syrx.Commanders.Databases.Tests.Integration.Models.Immutable.ImmutableType], Two = System.Linq.Enumerable+RangeSelectIterator`2[System.Int32,Syrx.Commanders.Databases.Tests.Integration.Models.Immutable.ImmutableType], Three = System.Linq.Enumerable+RangeSelectIterator`2[System.Int32,Syrx.Commanders.Databases.Tests.Integration.Models.Immutable.ImmutableType], Four = System.Linq.Enumerable+RangeSelectIterator`2[System.Int32,Syrx.Commanders.Databases.Tests.Integration.Models.Immutable.ImmutableType], Five = System.Linq.Enumerable+RangeSelectIterator`2[System.Int32,Syrx.Commanders.Databases.Tests.Integration.Models.Immutable.ImmutableType], Six = System.Linq.Enumerable+RangeSelectIterator`2[System.Int32,Syrx.Commanders.Databases.Tests.Integration.Models.Immutable.ImmutableType] }&#xD;
In:       [ImmutableSixType { One = System.Collections.Generic.List`1[Syrx.Commanders.Databases.Tests.Integration.Models.Immutable.ImmutableType], Two = System.Collections.Generic.List`1[Syrx.Commanders.Databases.Tests.Integration.Models.Immutable.ImmutableType], Three = System.Collections.Generic.List`1[Syrx.Commanders.Databases.Tests.Integration.Models.Immutable.ImmutableType], Four = System.Collections.Generic.List`1[Syrx.Commanders.Databases.Tests.Integration.Models.Immutable.ImmutableType], Five = System.Collections.Generic.List`1[Syrx.Commanders.Databases.Tests.Integration.Models.Immutable.ImmutableType], Six = System.Collections.Generic.List`1[Syrx.Commanders.Databases.Tests.Integration.Models.Immutable.ImmutableType] }]</Message>
          <StackTrace>   at Syrx.Commanders.Databases.Tests.Integration.DatabaseCommanderTests.Query.SixTypeMultiple[T1,T2,T3,T4,T5,T6,TResult](SixType`7 input) in C:\Projects\Syrx\Syrx.Commanders.Databases\tests\integration\Syrx.Commanders.Databases.Tests.Integration\DatabaseCommanderTests\Query.Multiple.cs:line 135&#xD;
   at System.Reflection.MethodBaseInvoker.InterpretedInvoke_Method(Object obj, IntPtr* args)&#xD;
   at System.Reflection.MethodBaseInvoker.InvokeDirectByRefWithFewArgs(Object obj, Span`1 copyOfArgs, BindingFlags invokeAttr)</StackTrace>
        </ErrorInfo>
      </Output>
    </UnitTestResult>
    <UnitTestResult executionId="a261a7e0-c141-4c9d-951f-a814a5315a1a" testId="e8b9fee9-de2c-c612-dff4-e695aa18fdd4" testName="Syrx.Sqlite.Tests.Integration.DatabaseCommanderTests.SqliteExecuteAsync.SingleType&lt;MutableType&gt;(input: SingleType { One = MutableType { Id = 1, Name = entry 1, Value = 10, Modified = 02/06/2026 00:00:00 }, Parameters = { id = 1 } })" computerName="SEXTONXPS" duration="00:00:00.0072654" startTime="2026-06-02T00:49:12.3167264+01:00" endTime="2026-06-02T00:49:12.3233657+01:00" testType="13cdc9d9-ddb5-4fa4-a97d-d965ccfc6d4b" outcome="Passed" testListId="8c84fa94-04c1-424b-9868-57a2d4851a1d" relativeResultsDirectory="a261a7e0-c141-4c9d-951f-a814a5315a1a" />
    <UnitTestResult executionId="ef8e4477-b20f-47eb-aa55-77bf80f30a86" testId="d5f1baec-8ab0-62a0-b7d8-304d3324df26" testName="Syrx.Sqlite.Tests.Integration.DatabaseCommanderTests.SqliteQueryAsync.FourTypesWithParameters&lt;ImmutableType, ImmutableType, ImmutableType, ImmutableType, ImmutableFourType&lt;ImmutableType, ImmutableType, ImmutableType, ImmutableType, ImmutableType&gt;&gt;(input: FourType { One = ImmutableType { Id = 1, Name = entry 1, Value = 10, Modified = 02/06/2026 00:00:00 }, Two = ImmutableType { Id = 2, Name = entry 2, Value = 20, Modified = 02/06/2026 00:00:00 }, Three = ImmutableType { Id = 3, Name = entry 3, Value = 30, Modified = 02/06/2026 00:00:00 }, Four = ImmutableType { Id = 4, Name = entry 4, Value = 40, Modified = 02/06/2026 00:00:00 }, Map = System.Func`5[Syrx.Commanders.Databases.Tests.Integration.Models.Immutable.ImmutableType,Syrx.Commanders.Databases.Tests.Integration.Models.Immutable.ImmutableType,Syrx.Commanders.Databases.Tests.Integration.Models.Immutable.ImmutableType,Syrx.Commanders.Databases.Tests.Integration.Models.Immutable.ImmutableType,Syrx.Commanders.Databases.Tests.Integration.Models.Immutable.ImmutableFourType`5[Syrx.Commanders.Databases.Tests.Integration.Models.Immutable.ImmutableType,Syrx.Commanders.Databases.Tests.Integration.Models.Immutable.ImmutableType,Syrx.Commanders.Databases.Tests.Integration.Models.Immutable.ImmutableType,Syrx.Commanders.Databases.Tests.Integration.Models.Immutable.ImmutableType,Syrx.Commanders.Databases.Tests.Integration.Models.Immutable.ImmutableType]], Parameters = { id = 1 }, Method =  })" computerName="SEXTONXPS" duration="00:00:00.0087376" startTime="2026-06-02T00:49:11.4781213+01:00" endTime="2026-06-02T00:49:11.4860095+01:00" testType="13cdc9d9-ddb5-4fa4-a97d-d965ccfc6d4b" outcome="Failed" testListId="8c84fa94-04c1-424b-9868-57a2d4851a1d" relativeResultsDirectory="ef8e4477-b20f-47eb-aa55-77bf80f30a86">
      <Output>
        <ErrorInfo>
          <Message>Assert.Equivalent() Failure: Mismatched value on member 'One.Modified'&#xD;
Expected: 2026-06-02T00:00:00.0000000+01:00&#xD;
Actual:   2026-06-01T00:00:00.0000000</Message>
          <StackTrace>   at Syrx.Commanders.Databases.Tests.Integration.DatabaseCommanderTests.QueryAsync.FourTypesWithParameters[T1,T2,T3,T4,TResult](FourType`5 input) in C:\Projects\Syrx\Syrx.Commanders.Databases\tests\integration\Syrx.Commanders.Databases.Tests.Integration\DatabaseCommanderTests\QueryAsync.Multimap.cs:line 121&#xD;
--- End of stack trace from previous location ---</StackTrace>
        </ErrorInfo>
      </Output>
    </UnitTestResult>
    <UnitTestResult executionId="fa6d518a-c90c-4447-a147-90ded1d24167" testId="1cb25768-5a7d-1bf8-057a-602769715620" testName="Syrx.Sqlite.Tests.Integration.DatabaseCommanderTests.SqliteQueryAsync.TwelveTypeMultiple&lt;ImmutableType, ImmutableType, ImmutableType, ImmutableType, ImmutableType, ImmutableType, ImmutableType, ImmutableType, ImmutableType, ImmutableType, ImmutableType, ImmutableType, ImmutableTwelveType&lt;IEnumerable&lt;ImmutableType&gt;, IEnumerable&lt;ImmutableType&gt;, IEnumerable&lt;ImmutableType&gt;, IEnumerable&lt;ImmutableType&gt;, IEnumerable&lt;ImmutableType&gt;, IEnumerable&lt;ImmutableType&gt;, IEnumerable&lt;ImmutableType&gt;, IEnumerable&lt;ImmutableType&gt;, IEnumerable&lt;ImmutableType&gt;, IEnumerable&lt;ImmutableType&gt;, IEnumerable&lt;ImmutableType&gt;, IEnumerable&lt;ImmutableType&gt;, IEnumerable&lt;ImmutableType&gt;&gt;&gt;(input: TwelveType { One = System.Linq.Enumerable+RangeSelectIterator`2[System.Int32,Syrx.Commanders.Databases.Tests.Integration.Models.Immutable.ImmutableType], Two = System.Linq.Enumerable+RangeSelectIterator`2[System.Int32,Syrx.Commanders.Databases.Tests.Integration.Models.Immutable.ImmutableType], Three = System.Linq.Enumerable+RangeSelectIterator`2[System.Int32,Syrx.Commanders.Databases.Tests.Integration.Models.Immutable.ImmutableType], Four = System.Linq.Enumerable+RangeSelectIterator`2[System.Int32,Syrx.Commanders.Databases.Tests.Integration.Models.Immutable.ImmutableType], Five = System.Linq.Enumerable+RangeSelectIterator`2[System.Int32,Syrx.Commanders.Databases.Tests.Integration.Models.Immutable.ImmutableType], Six = System.Linq.Enumerable+RangeSelectIterator`2[System.Int32,Syrx.Commanders.Databases.Tests.Integration.Models.Immutable.ImmutableType], Seven = System.Linq.Enumerable+RangeSelectIterator`2[System.Int32,Syrx.Commanders.Databases.Tests.Integration.Models.Immutable.ImmutableType], Eight = System.Linq.Enumerable+RangeSelectIterator`2[System.Int32,Syrx.Commanders.Databases.Tests.Integration.Models.Immutable.ImmutableType], Nine = System.Linq.Enumerable+RangeSelectIterator`2[System.Int32,Syrx.Commanders.Databases.Tests.Integration.Models.Immutable.ImmutableType], Ten = System.Linq.Enumerable+RangeSelectIterator`2[System.Int32,Syrx.Commanders.Databases.Tests.Integration.Models.Immutable.ImmutableType], Eleven = System.Linq.Enumerable+RangeSelectIterator`2[System.Int32,Syrx.Commanders.Databases.Tests.Integration.Models.Immutable.ImmutableType], Twelve = System.Linq.Enumerable+RangeSelectIterator`2[System.Int32,Syrx.Commanders.Databases.Tests.Integration.Models.Immutable.ImmutableType], Map = System.Func`13[System.Collections.Generic.IEnumerable`1[Syrx.Commanders.Databases.Tests.Integration.Models.Immutable.ImmutableType],System.Collections.Generic.IEnumerable`1[Syrx.Commanders.Databases.Tests.Integration.Models.Immutable.ImmutableType],System.Collections.Generic.IEnumerable`1[Syrx.Commanders.Databases.Tests.Integration.Models.Immutable.ImmutableType],System.Collections.Generic.IEnumerable`1[Syrx.Commanders.Databases.Tests.Integration.Models.Immutable.ImmutableType],System.Collections.Generic.IEnumerable`1[Syrx.Commanders.Databases.Tests.Integration.Models.Immutable.ImmutableType],System.Collections.Generic.IEnumerable`1[Syrx.Commanders.Databases.Tests.Integration.Models.Immutable.ImmutableType],System.Collections.Generic.IEnumerable`1[Syrx.Commanders.Databases.Tests.Integration.Models.Immutable.ImmutableType],System.Collections.Generic.IEnumerable`1[Syrx.Commanders.Databases.Tests.Integration.Models.Immutable.ImmutableType],System.Collections.Generic.IEnumerable`1[Syrx.Commanders.Databases.Tests.Integration.Models.Immutable.ImmutableType],System.Collections.Generic.IEnumerable`1[Syrx.Commanders.Databases.Tests.Integration.Models.Immutable.ImmutableType],System.Collections.Generic.IEnumerable`1[Syrx.Commanders.Databases.Tests.Integration.Models.Immutable.ImmutableType],System.Collections.Generic.IEnumerable`1[Syrx.Commanders.Databases.Tests.Integration.Models.Immutable.ImmutableType],System.Collections.Generic.IEnumerable`1[Syrx.Commanders.Databases.Tests.Integration.Models.Immutable.ImmutableTwelveType`13[System.Collections.Generic.IEnumerable`1[Syrx.Commanders.Databases.Tests.Integration.Models.Immutable.ImmutableType],System.Collections.Generic.IEnumerable`1[Syrx.Commanders.Databases.Tests.Integration.Models.Immutable.ImmutableType],System.Collections.Generic.IEnumerable`1[Syrx.Commanders.Databases.Tests.Integration.Models.Immutable.ImmutableType],System.Collections.Generic.IEnumerable`1[Syrx.Commanders.Databases.Tests.Integration.Models.Immutable.ImmutableType],System.Collections.Generic.IEnumerable`1[Syrx.Commanders.Databases.Tests.Integration.Models.Immutable.ImmutableType],System.Collections.Generic.IEnumerable`1[Syrx.Commanders.Databases.Tests.Integration.Models.Immutable.ImmutableType],System.Collections.Generic.IEnumerable`1[Syrx.Commanders.Databases.Tests.Integration.Models.Immutable.ImmutableType],System.Collections.Generic.IEnumerable`1[Syrx.Commanders.Databases.Tests.Integration.Models.Immutable.ImmutableType],System.Collections.Generic.IEnumerable`1[Syrx.Commanders.Databases.Tests.Integration.Models.Immutable.ImmutableType],System.Collections.Generic.IEnumerable`1[Syrx.Commanders.Databases.Tests.Integration.Models.Immutable.ImmutableType],System.Collections.Generic.IEnumerable`1[Syrx.Commanders.Databases.Tests.Integration.Models.Immutable.ImmutableType],System.Collections.Generic.IEnumerable`1[Syrx.Commanders.Databases.Tests.Integration.Models.Immutable.ImmutableType],System.Collections.Generic.IEnumerable`1[Syrx.Commanders.Databases.Tests.Integration.Models.Immutable.ImmutableType]]]], Parameters = , Method =  })" computerName="SEXTONXPS" duration="00:00:00.0293813" startTime="2026-06-02T00:49:11.6624821+01:00" endTime="2026-06-02T00:49:11.6925769+01:00" testType="13cdc9d9-ddb5-4fa4-a97d-d965ccfc6d4b" outcome="Failed" testListId="8c84fa94-04c1-424b-9868-57a2d4851a1d" relativeResultsDirectory="fa6d518a-c90c-4447-a147-90ded1d24167">
      <Output>
        <ErrorInfo>
          <Message>Assert.Equivalent() Failure: Collection value not found&#xD;
Expected: ImmutableTwelveType { One = System.Linq.Enumerable+RangeSelectIterator`2[System.Int32,Syrx.Commanders.Databases.Tests.Integration.Models.Immutable.ImmutableType], Two = System.Linq.Enumerable+RangeSelectIterator`2[System.Int32,Syrx.Commanders.Databases.Tests.Integration.Models.Immutable.ImmutableType], Three = System.Linq.Enumerable+RangeSelectIterator`2[System.Int32,Syrx.Commanders.Databases.Tests.Integration.Models.Immutable.ImmutableType], Four = System.Linq.Enumerable+RangeSelectIterator`2[System.Int32,Syrx.Commanders.Databases.Tests.Integration.Models.Immutable.ImmutableType], Five = System.Linq.Enumerable+RangeSelectIterator`2[System.Int32,Syrx.Commanders.Databases.Tests.Integration.Models.Immutable.ImmutableType], Six = System.Linq.Enumerable+RangeSelectIterator`2[System.Int32,Syrx.Commanders.Databases.Tests.Integration.Models.Immutable.ImmutableType], Seven = System.Linq.Enumerable+RangeSelectIterator`2[System.Int32,Syrx.Commanders.Databases.Tests.Integration.Models.Immutable.ImmutableType], Eight = System.Linq.Enumerable+RangeSelectIterator`2[System.Int32,Syrx.Commanders.Databases.Tests.Integration.Models.Immutable.ImmutableType], Nine = System.Linq.Enumerable+RangeSelectIterator`2[System.Int32,Syrx.Commanders.Databases.Tests.Integration.Models.Immutable.ImmutableType], Ten = System.Linq.Enumerable+RangeSelectIterator`2[System.Int32,Syrx.Commanders.Databases.Tests.Integration.Models.Immutable.ImmutableType], Eleven = System.Linq.Enumerable+RangeSelectIterator`2[System.Int32,Syrx.Commanders.Databases.Tests.Integration.Models.Immutable.ImmutableType], Twelve = System.Linq.Enumerable+RangeSelectIterator`2[System.Int32,Syrx.Commanders.Databases.Tests.Integration.Models.Immutable.ImmutableType] }&#xD;
In:       [ImmutableTwelveType { One = System.Collections.Generic.List`1[Syrx.Commanders.Databases.Tests.Integration.Models.Immutable.ImmutableType], Two = System.Collections.Generic.List`1[Syrx.Commanders.Databases.Tests.Integration.Models.Immutable.ImmutableType], Three = System.Collections.Generic.List`1[Syrx.Commanders.Databases.Tests.Integration.Models.Immutable.ImmutableType], Four = System.Collections.Generic.List`1[Syrx.Commanders.Databases.Tests.Integration.Models.Immutable.ImmutableType], Five = System.Collections.Generic.List`1[Syrx.Commanders.Databases.Tests.Integration.Models.Immutable.ImmutableType], Six = System.Collections.Generic.List`1[Syrx.Commanders.Databases.Tests.Integration.Models.Immutable.ImmutableType], Seven = System.Collections.Generic.List`1[Syrx.Commanders.Databases.Tests.Integration.Models.Immutable.ImmutableType], Eight = System.Collections.Generic.List`1[Syrx.Commanders.Databases.Tests.Integration.Models.Immutable.ImmutableType], Nine = System.Collections.Generic.List`1[Syrx.Commanders.Databases.Tests.Integration.Models.Immutable.ImmutableType], Ten = System.Collections.Generic.List`1[Syrx.Commanders.Databases.Tests.Integration.Models.Immutable.ImmutableType], Eleven = System.Collections.Generic.List`1[Syrx.Commanders.Databases.Tests.Integration.Models.Immutable.ImmutableType], Twelve = System.Collections.Generic.List`1[Syrx.Commanders.Databases.Tests.Integration.Models.Immutable.ImmutableType] }]</Message>
          <StackTrace>   at Syrx.Commanders.Databases.Tests.Integration.DatabaseCommanderTests.QueryAsync.TwelveTypeMultiple[T1,T2,T3,T4,T5,T6,T7,T8,T9,T10,T11,T12,TResult](TwelveType`13 input) in C:\Projects\Syrx\Syrx.Commanders.Databases\tests\integration\Syrx.Commanders.Databases.Tests.Integration\DatabaseCommanderTests\QueryAsync.Multiple.cs:line 342&#xD;
--- End of stack trace from previous location ---</StackTrace>
        </ErrorInfo>
      </Output>
    </UnitTestResult>
    <UnitTestResult executionId="fde2d50f-8b99-4abd-b771-a404fffd223f" testId="e5672b90-63cc-ea44-f036-93840d16bb88" testName="Syrx.Sqlite.Tests.Integration.DatabaseCommanderTests.SqliteQuery.SingleType" computerName="SEXTONXPS" duration="00:00:00.0010000" startTime="2026-06-02T00:49:11.9871809+01:00" endTime="2026-06-02T00:49:11.9872231+01:00" testType="13cdc9d9-ddb5-4fa4-a97d-d965ccfc6d4b" outcome="NotExecuted" testListId="8c84fa94-04c1-424b-9868-57a2d4851a1d" relativeResultsDirectory="fde2d50f-8b99-4abd-b771-a404fffd223f">
      <Output>
        <ErrorInfo>
          <Message>Change to the integration test breaks non-parameterized assertion.</Message>
        </ErrorInfo>
      </Output>
    </UnitTestResult>
    <UnitTestResult executionId="7943f07c-9193-4c2b-be9e-ef595aa5ede8" testId="00de1d74-9cd4-2226-a8ed-1a98ac567991" testName="Syrx.Sqlite.Tests.Integration.DatabaseCommanderTests.SqliteQueryAsync.SingleTypeWithParameters&lt;ImmutableType&gt;(input: SingleType { One = ImmutableType { Id = 1, Name = entry 1, Value = 10, Modified = 02/06/2026 00:00:00 }, Parameters = { id = 1 } })" computerName="SEXTONXPS" duration="00:00:00.0098879" startTime="2026-06-02T00:49:11.7668057+01:00" endTime="2026-06-02T00:49:11.7769683+01:00" testType="13cdc9d9-ddb5-4fa4-a97d-d965ccfc6d4b" outcome="Failed" testListId="8c84fa94-04c1-424b-9868-57a2d4851a1d" relativeResultsDirectory="7943f07c-9193-4c2b-be9e-ef595aa5ede8">
      <Output>
        <ErrorInfo>
          <Message>Assert.Equivalent() Failure: Mismatched value on member 'Modified'&#xD;
Expected: 2026-06-02T00:00:00.0000000+01:00&#xD;
Actual:   2026-06-01T00:00:00.0000000</Message>
          <StackTrace>   at Syrx.Commanders.Databases.Tests.Integration.DatabaseCommanderTests.QueryAsync.SingleTypeWithParameters[T1](SingleType`1 input) in C:\Projects\Syrx\Syrx.Commanders.Databases\tests\integration\Syrx.Commanders.Databases.Tests.Integration\DatabaseCommanderTests\QueryAsync.Multimap.cs:line 37&#xD;
--- End of stack trace from previous location ---</StackTrace>
        </ErrorInfo>
      </Output>
    </UnitTestResult>
    <UnitTestResult executionId="37852eea-8cbb-485a-9f5f-9bcde6835442" testId="fa7bd7f2-5d11-6d93-5e23-3f41702e7163" testName="Syrx.Sqlite.Tests.Integration.DatabaseCommanderTests.SqliteQueryAsync.ThreeTypeMultiple&lt;ImmutableType, ImmutableType, ImmutableType, ImmutableThreeType&lt;IEnumerable&lt;ImmutableType&gt;, IEnumerable&lt;ImmutableType&gt;, IEnumerable&lt;ImmutableType&gt;, IEnumerable&lt;ImmutableType&gt;&gt;&gt;(input: ThreeType { One = System.Linq.Enumerable+RangeSelectIterator`2[System.Int32,Syrx.Commanders.Databases.Tests.Integration.Models.Immutable.ImmutableType], Two = System.Linq.Enumerable+RangeSelectIterator`2[System.Int32,Syrx.Commanders.Databases.Tests.Integration.Models.Immutable.ImmutableType], Three = System.Linq.Enumerable+RangeSelectIterator`2[System.Int32,Syrx.Commanders.Databases.Tests.Integration.Models.Immutable.ImmutableType], Map = System.Func`4[System.Collections.Generic.IEnumerable`1[Syrx.Commanders.Databases.Tests.Integration.Models.Immutable.ImmutableType],System.Collections.Generic.IEnumerable`1[Syrx.Commanders.Databases.Tests.Integration.Models.Immutable.ImmutableType],System.Collections.Generic.IEnumerable`1[Syrx.Commanders.Databases.Tests.Integration.Models.Immutable.ImmutableType],System.Collections.Generic.IEnumerable`1[Syrx.Commanders.Databases.Tests.Integration.Models.Immutable.ImmutableThreeType`4[System.Collections.Generic.IEnumerable`1[Syrx.Commanders.Databases.Tests.Integration.Models.Immutable.ImmutableType],System.Collections.Generic.IEnumerable`1[Syrx.Commanders.Databases.Tests.Integration.Models.Immutable.ImmutableType],System.Collections.Generic.IEnumerable`1[Syrx.Commanders.Databases.Tests.Integration.Models.Immutable.ImmutableType],System.Collections.Generic.IEnumerable`1[Syrx.Commanders.Databases.Tests.Integration.Models.Immutable.ImmutableType]]]], Parameters = , Method =  })" computerName="SEXTONXPS" duration="00:00:00.0261119" startTime="2026-06-02T00:49:11.0802050+01:00" endTime="2026-06-02T00:49:11.1064395+01:00" testType="13cdc9d9-ddb5-4fa4-a97d-d965ccfc6d4b" outcome="Failed" testListId="8c84fa94-04c1-424b-9868-57a2d4851a1d" relativeResultsDirectory="37852eea-8cbb-485a-9f5f-9bcde6835442">
      <Output>
        <ErrorInfo>
          <Message>Assert.Equivalent() Failure: Collection value not found&#xD;
Expected: ImmutableThreeType { One = System.Linq.Enumerable+RangeSelectIterator`2[System.Int32,Syrx.Commanders.Databases.Tests.Integration.Models.Immutable.ImmutableType], Two = System.Linq.Enumerable+RangeSelectIterator`2[System.Int32,Syrx.Commanders.Databases.Tests.Integration.Models.Immutable.ImmutableType], Three = System.Linq.Enumerable+RangeSelectIterator`2[System.Int32,Syrx.Commanders.Databases.Tests.Integration.Models.Immutable.ImmutableType] }&#xD;
In:       [ImmutableThreeType { One = System.Collections.Generic.List`1[Syrx.Commanders.Databases.Tests.Integration.Models.Immutable.ImmutableType], Two = System.Collections.Generic.List`1[Syrx.Commanders.Databases.Tests.Integration.Models.Immutable.ImmutableType], Three = System.Collections.Generic.List`1[Syrx.Commanders.Databases.Tests.Integration.Models.Immutable.ImmutableType] }]</Message>
          <StackTrace>   at Syrx.Commanders.Databases.Tests.Integration.DatabaseCommanderTests.QueryAsync.ThreeTypeMultiple[T1,T2,T3,TResult](ThreeType`4 input) in C:\Projects\Syrx\Syrx.Commanders.Databases\tests\integration\Syrx.Commanders.Databases.Tests.Integration\DatabaseCommanderTests\QueryAsync.Multiple.cs:line 54&#xD;
--- End of stack trace from previous location ---</StackTrace>
        </ErrorInfo>
      </Output>
    </UnitTestResult>
    <UnitTestResult executionId="b248eaf7-76c4-452a-8434-b2e2dc0d9cb6" testId="9f3da8a9-1833-d664-9d62-3682af6d325b" testName="Syrx.Sqlite.Tests.Integration.DatabaseCommanderTests.SqliteQuery.ThirteenTypesWithParameters&lt;ImmutableType, ImmutableType, ImmutableType, ImmutableType, ImmutableType, ImmutableType, ImmutableType, ImmutableType, ImmutableType, ImmutableType, ImmutableType, ImmutableType, ImmutableType, ImmutableThirteenType&lt;ImmutableType, ImmutableType, ImmutableType, ImmutableType, ImmutableType, ImmutableType, ImmutableType, ImmutableType, ImmutableType, ImmutableType, ImmutableType, ImmutableType, ImmutableType, ImmutableType&gt;&gt;(input: ThirteenType { One = ImmutableType { Id = 1, Name = entry 1, Value = 10, Modified = 02/06/2026 00:00:00 }, Two = ImmutableType { Id = 2, Name = entry 2, Value = 20, Modified = 02/06/2026 00:00:00 }, Three = ImmutableType { Id = 3, Name = entry 3, Value = 30, Modified = 02/06/2026 00:00:00 }, Four = ImmutableType { Id = 4, Name = entry 4, Value = 40, Modified = 02/06/2026 00:00:00 }, Five = ImmutableType { Id = 5, Name = entry 5, Value = 50, Modified = 02/06/2026 00:00:00 }, Six = ImmutableType { Id = 6, Name = entry 6, Value = 60, Modified = 02/06/2026 00:00:00 }, Seven = ImmutableType { Id = 7, Name = entry 7, Value = 70, Modified = 02/06/2026 00:00:00 }, Eight = ImmutableType { Id = 8, Name = entry 8, Value = 80, Modified = 02/06/2026 00:00:00 }, Nine = ImmutableType { Id = 9, Name = entry 9, Value = 90, Modified = 02/06/2026 00:00:00 }, Ten = ImmutableType { Id = 10, Name = entry 10, Value = 100, Modified = 02/06/2026 00:00:00 }, Eleven = ImmutableType { Id = 11, Name = entry 11, Value = 110, Modified = 02/06/2026 00:00:00 }, Twelve = ImmutableType { Id = 12, Name = entry 12, Value = 120, Modified = 02/06/2026 00:00:00 }, Thirteen = ImmutableType { Id = 13, Name = entry 13, Value = 130, Modified = 02/06/2026 00:00:00 }, Map = System.Func`14[Syrx.Commanders.Databases.Tests.Integration.Models.Immutable.ImmutableType,Syrx.Commanders.Databases.Tests.Integration.Models.Immutable.ImmutableType,Syrx.Commanders.Databases.Tests.Integration.Models.Immutable.ImmutableType,Syrx.Commanders.Databases.Tests.Integration.Models.Immutable.ImmutableType,Syrx.Commanders.Databases.Tests.Integration.Models.Immutable.ImmutableType,Syrx.Commanders.Databases.Tests.Integration.Models.Immutable.ImmutableType,Syrx.Commanders.Databases.Tests.Integration.Models.Immutable.ImmutableType,Syrx.Commanders.Databases.Tests.Integration.Models.Immutable.ImmutableType,Syrx.Commanders.Databases.Tests.Integration.Models.Immutable.ImmutableType,Syrx.Commanders.Databases.Tests.Integration.Models.Immutable.ImmutableType,Syrx.Commanders.Databases.Tests.Integration.Models.Immutable.ImmutableType,Syrx.Commanders.Databases.Tests.Integration.Models.Immutable.ImmutableType,Syrx.Commanders.Databases.Tests.Integration.Models.Immutable.ImmutableType,Syrx.Commanders.Databases.Tests.Integration.Models.Immutable.ImmutableThirteenType`14[Syrx.Commanders.Databases.Tests.Integration.Models.Immutable.ImmutableType,Syrx.Commanders.Databases.Tests.Integration.Models.Immutable.ImmutableType,Syrx.Commanders.Databases.Tests.Integration.Models.Immutable.ImmutableType,Syrx.Commanders.Databases.Tests.Integration.Models.Immutable.ImmutableType,Syrx.Commanders.Databases.Tests.Integration.Models.Immutable.ImmutableType,Syrx.Commanders.Databases.Tests.Integration.Models.Immutable.ImmutableType,Syrx.Commanders.Databases.Tests.Integration.Models.Immutable.ImmutableType,Syrx.Commanders.Databases.Tests.Integration.Models.Immutable.ImmutableType,Syrx.Commanders.Databases.Tests.Integration.Models.Immutable.ImmutableType,Syrx.Commanders.Databases.Tests.Integration.Models.Immutable.ImmutableType,Syrx.Commanders.Databases.Tests.Integration.Models.Immutable.ImmutableType,Syrx.Commanders.Databases.Tests.Integration.Models.Immutable.ImmutableType,Syrx.Commanders.Databases.Tests.Integration.Models.Immutable.ImmutableType,Syrx.Commanders.Databases.Tests.Integration.Models.Immutable.ImmutableType]], Parameters = { id = 1 }, Method =  })" computerName="SEXTONXPS" duration="00:00:00.0045957" startTime="2026-06-02T00:49:12.1316394+01:00" endTime="2026-06-02T00:49:12.1356906+01:00" testType="13cdc9d9-ddb5-4fa4-a97d-d965ccfc6d4b" outcome="Failed" testListId="8c84fa94-04c1-424b-9868-57a2d4851a1d" relativeResultsDirectory="b248eaf7-76c4-452a-8434-b2e2dc0d9cb6">
      <Output>
        <ErrorInfo>
          <Message>Assert.Equivalent() Failure: Mismatched value on member 'One.Modified'&#xD;
Expected: 2026-06-02T00:00:00.0000000+01:00&#xD;
Actual:   2026-06-01T00:00:00.0000000</Message>
          <StackTrace>   at Syrx.Commanders.Databases.Tests.Integration.DatabaseCommanderTests.Query.ThirteenTypesWithParameters[T1,T2,T3,T4,T5,T6,T7,T8,T9,T10,T11,T12,T13,TResult](ThirteenType`14 input) in C:\Projects\Syrx\Syrx.Commanders.Databases\tests\integration\Syrx.Commanders.Databases.Tests.Integration\DatabaseCommanderTests\Query.Multimap.cs:line 381&#xD;
   at System.Reflection.MethodBaseInvoker.InterpretedInvoke_Method(Object obj, IntPtr* args)&#xD;
   at System.Reflection.MethodBaseInvoker.InvokeDirectByRefWithFewArgs(Object obj, Span`1 copyOfArgs, BindingFlags invokeAttr)</StackTrace>
        </ErrorInfo>
      </Output>
    </UnitTestResult>
    <UnitTestResult executionId="fdfc55f9-142b-426b-a605-8912a6681a6c" testId="9913d56d-eb4a-e32e-83bd-1243e46981a1" testName="Syrx.Sqlite.Tests.Integration.DatabaseCommanderTests.SqliteQuery.TenTypesWithParameters&lt;ImmutableType, ImmutableType, ImmutableType, ImmutableType, ImmutableType, ImmutableType, ImmutableType, ImmutableType, ImmutableType, ImmutableType, ImmutableTenType&lt;ImmutableType, ImmutableType, ImmutableType, ImmutableType, ImmutableType, ImmutableType, ImmutableType, ImmutableType, ImmutableType, ImmutableType, ImmutableType&gt;&gt;(input: TenType { One = ImmutableType { Id = 1, Name = entry 1, Value = 10, Modified = 02/06/2026 00:00:00 }, Two = ImmutableType { Id = 2, Name = entry 2, Value = 20, Modified = 02/06/2026 00:00:00 }, Three = ImmutableType { Id = 3, Name = entry 3, Value = 30, Modified = 02/06/2026 00:00:00 }, Four = ImmutableType { Id = 4, Name = entry 4, Value = 40, Modified = 02/06/2026 00:00:00 }, Five = ImmutableType { Id = 5, Name = entry 5, Value = 50, Modified = 02/06/2026 00:00:00 }, Six = ImmutableType { Id = 6, Name = entry 6, Value = 60, Modified = 02/06/2026 00:00:00 }, Seven = ImmutableType { Id = 7, Name = entry 7, Value = 70, Modified = 02/06/2026 00:00:00 }, Eight = ImmutableType { Id = 8, Name = entry 8, Value = 80, Modified = 02/06/2026 00:00:00 }, Nine = ImmutableType { Id = 9, Name = entry 9, Value = 90, Modified = 02/06/2026 00:00:00 }, Ten = ImmutableType { Id = 10, Name = entry 10, Value = 100, Modified = 02/06/2026 00:00:00 }, Map = System.Func`11[Syrx.Commanders.Databases.Tests.Integration.Models.Immutable.ImmutableType,Syrx.Commanders.Databases.Tests.Integration.Models.Immutable.ImmutableType,Syrx.Commanders.Databases.Tests.Integration.Models.Immutable.ImmutableType,Syrx.Commanders.Databases.Tests.Integration.Models.Immutable.ImmutableType,Syrx.Commanders.Databases.Tests.Integration.Models.Immutable.ImmutableType,Syrx.Commanders.Databases.Tests.Integration.Models.Immutable.ImmutableType,Syrx.Commanders.Databases.Tests.Integration.Models.Immutable.ImmutableType,Syrx.Commanders.Databases.Tests.Integration.Models.Immutable.ImmutableType,Syrx.Commanders.Databases.Tests.Integration.Models.Immutable.ImmutableType,Syrx.Commanders.Databases.Tests.Integration.Models.Immutable.ImmutableType,Syrx.Commanders.Databases.Tests.Integration.Models.Immutable.ImmutableTenType`11[Syrx.Commanders.Databases.Tests.Integration.Models.Immutable.ImmutableType,Syrx.Commanders.Databases.Tests.Integration.Models.Immutable.ImmutableType,Syrx.Commanders.Databases.Tests.Integration.Models.Immutable.ImmutableType,Syrx.Commanders.Databases.Tests.Integration.Models.Immutable.ImmutableType,Syrx.Commanders.Databases.Tests.Integration.Models.Immutable.ImmutableType,Syrx.Commanders.Databases.Tests.Integration.Models.Immutable.ImmutableType,Syrx.Commanders.Databases.Tests.Integration.Models.Immutable.ImmutableType,Syrx.Commanders.Databases.Tests.Integration.Models.Immutable.ImmutableType,Syrx.Commanders.Databases.Tests.Integration.Models.Immutable.ImmutableType,Syrx.Commanders.Databases.Tests.Integration.Models.Immutable.ImmutableType,Syrx.Commanders.Databases.Tests.Integration.Models.Immutable.ImmutableType]], Parameters = { id = 1 }, Method =  })" computerName="SEXTONXPS" duration="00:00:00.0053651" startTime="2026-06-02T00:49:12.0553284+01:00" endTime="2026-06-02T00:49:12.0600289+01:00" testType="13cdc9d9-ddb5-4fa4-a97d-d965ccfc6d4b" outcome="Failed" testListId="8c84fa94-04c1-424b-9868-57a2d4851a1d" relativeResultsDirectory="fdfc55f9-142b-426b-a605-8912a6681a6c">
      <Output>
        <ErrorInfo>
          <Message>Assert.Equivalent() Failure: Mismatched value on member 'One.Modified'&#xD;
Expected: 2026-06-02T00:00:00.0000000+01:00&#xD;
Actual:   2026-06-01T00:00:00.0000000</Message>
          <StackTrace>   at Syrx.Commanders.Databases.Tests.Integration.DatabaseCommanderTests.Query.TenTypesWithParameters[T1,T2,T3,T4,T5,T6,T7,T8,T9,T10,TResult](TenType`11 input) in C:\Projects\Syrx\Syrx.Commanders.Databases\tests\integration\Syrx.Commanders.Databases.Tests.Integration\DatabaseCommanderTests\Query.Multimap.cs:line 285&#xD;
   at System.Reflection.MethodBaseInvoker.InterpretedInvoke_Method(Object obj, IntPtr* args)&#xD;
   at System.Reflection.MethodBaseInvoker.InvokeDirectByRefWithFewArgs(Object obj, Span`1 copyOfArgs, BindingFlags invokeAttr)</StackTrace>
        </ErrorInfo>
      </Output>
    </UnitTestResult>
    <UnitTestResult executionId="b84dd224-bf4c-499f-aa67-6baff5e5c937" testId="1dc8e557-ae56-58be-c496-f8c383092585" testName="Syrx.Sqlite.Tests.Integration.DatabaseCommanderTests.SqliteExecute.SingleType&lt;PrimaryConstructorImmutableType&gt;(input: SingleType { One = Syrx.Commanders.Databases.Tests.Integration.Models.Immutable.PrimaryConstructorImmutableType, Parameters = { id = 3 } })" computerName="SEXTONXPS" duration="00:00:00.0048235" startTime="2026-06-02T00:49:12.3828175+01:00" endTime="2026-06-02T00:49:12.3875612+01:00" testType="13cdc9d9-ddb5-4fa4-a97d-d965ccfc6d4b" outcome="Passed" testListId="8c84fa94-04c1-424b-9868-57a2d4851a1d" relativeResultsDirectory="b84dd224-bf4c-499f-aa67-6baff5e5c937" />
    <UnitTestResult executionId="f921e9cf-9f49-4702-ac1f-e968902516bd" testId="1dc8e557-ae56-58be-c496-f8c383092585" testName="Syrx.Sqlite.Tests.Integration.DatabaseCommanderTests.SqliteExecute.SingleType&lt;ImmutableType&gt;(input: SingleType { One = ImmutableType { Id = 1, Name = entry 1, Value = 10, Modified = 02/06/2026 00:00:00 }, Parameters = { id = 1 } })" computerName="SEXTONXPS" duration="00:00:00.0054504" startTime="2026-06-02T00:49:12.3650469+01:00" endTime="2026-06-02T00:49:12.3704394+01:00" testType="13cdc9d9-ddb5-4fa4-a97d-d965ccfc6d4b" outcome="Passed" testListId="8c84fa94-04c1-424b-9868-57a2d4851a1d" relativeResultsDirectory="f921e9cf-9f49-4702-ac1f-e968902516bd" />
    <UnitTestResult executionId="aae3187c-2dee-4ace-bae0-e97c0f0d0619" testId="70397c13-eb37-5692-967f-fbecf0bf3249" testName="Syrx.Sqlite.Tests.Integration.DatabaseCommanderTests.SqliteExecuteAsync.Successful" computerName="SEXTONXPS" duration="00:00:00.0154898" startTime="2026-06-02T00:49:12.2152722+01:00" endTime="2026-06-02T00:49:12.2306387+01:00" testType="13cdc9d9-ddb5-4fa4-a97d-d965ccfc6d4b" outcome="Passed" testListId="8c84fa94-04c1-424b-9868-57a2d4851a1d" relativeResultsDirectory="aae3187c-2dee-4ace-bae0-e97c0f0d0619" />
    <UnitTestResult executionId="5a362013-2103-4fcf-bcc9-d2fc442ebda0" testId="54d1ca60-4fa3-1bda-1ce0-9f3190a7d862" testName="Syrx.Sqlite.Tests.Integration.DatabaseCommanderTests.SqliteQueryAsync.FourteenTypeMultiple&lt;ImmutableType, ImmutableType, ImmutableType, ImmutableType, ImmutableType, ImmutableType, ImmutableType, ImmutableType, ImmutableType, ImmutableType, ImmutableType, ImmutableType, ImmutableType, ImmutableType, ImmutableFourteenType&lt;IEnumerable&lt;ImmutableType&gt;, IEnumerable&lt;ImmutableType&gt;, IEnumerable&lt;ImmutableType&gt;, IEnumerable&lt;ImmutableType&gt;, IEnumerable&lt;ImmutableType&gt;, IEnumerable&lt;ImmutableType&gt;, IEnumerable&lt;ImmutableType&gt;, IEnumerable&lt;ImmutableType&gt;, IEnumerable&lt;ImmutableType&gt;, IEnumerable&lt;ImmutableType&gt;, IEnumerable&lt;ImmutableType&gt;, IEnumerable&lt;ImmutableType&gt;, IEnumerable&lt;ImmutableType&gt;, IEnumerable&lt;ImmutableType&gt;, IEnumerable&lt;ImmutableType&gt;&gt;&gt;(input: FourteenType { One = System.Linq.Enumerable+RangeSelectIterator`2[System.Int32,Syrx.Commanders.Databases.Tests.Integration.Models.Immutable.ImmutableType], Two = System.Linq.Enumerable+RangeSelectIterator`2[System.Int32,Syrx.Commanders.Databases.Tests.Integration.Models.Immutable.ImmutableType], Three = System.Linq.Enumerable+RangeSelectIterator`2[System.Int32,Syrx.Commanders.Databases.Tests.Integration.Models.Immutable.ImmutableType], Four = System.Linq.Enumerable+RangeSelectIterator`2[System.Int32,Syrx.Commanders.Databases.Tests.Integration.Models.Immutable.ImmutableType], Five = System.Linq.Enumerable+RangeSelectIterator`2[System.Int32,Syrx.Commanders.Databases.Tests.Integration.Models.Immutable.ImmutableType], Six = System.Linq.Enumerable+RangeSelectIterator`2[System.Int32,Syrx.Commanders.Databases.Tests.Integration.Models.Immutable.ImmutableType], Seven = System.Linq.Enumerable+RangeSelectIterator`2[System.Int32,Syrx.Commanders.Databases.Tests.Integration.Models.Immutable.ImmutableType], Eight = System.Linq.Enumerable+RangeSelectIterator`2[System.Int32,Syrx.Commanders.Databases.Tests.Integration.Models.Immutable.ImmutableType], Nine = System.Linq.Enumerable+RangeSelectIterator`2[System.Int32,Syrx.Commanders.Databases.Tests.Integration.Models.Immutable.ImmutableType], Ten = System.Linq.Enumerable+RangeSelectIterator`2[System.Int32,Syrx.Commanders.Databases.Tests.Integration.Models.Immutable.ImmutableType], Eleven = System.Linq.Enumerable+RangeSelectIterator`2[System.Int32,Syrx.Commanders.Databases.Tests.Integration.Models.Immutable.ImmutableType], Twelve = System.Linq.Enumerable+RangeSelectIterator`2[System.Int32,Syrx.Commanders.Databases.Tests.Integration.Models.Immutable.ImmutableType], Thirteen = System.Linq.Enumerable+RangeSelectIterator`2[System.Int32,Syrx.Commanders.Databases.Tests.Integration.Models.Immutable.ImmutableType], Fourteen = System.Linq.Enumerable+RangeSelectIterator`2[System.Int32,Syrx.Commanders.Databases.Tests.Integration.Models.Immutable.ImmutableType], Map = System.Func`15[System.Collections.Generic.IEnumerable`1[Syrx.Commanders.Databases.Tests.Integration.Models.Immutable.ImmutableType],System.Collections.Generic.IEnumerable`1[Syrx.Commanders.Databases.Tests.Integration.Models.Immutable.ImmutableType],System.Collections.Generic.IEnumerable`1[Syrx.Commanders.Databases.Tests.Integration.Models.Immutable.ImmutableType],System.Collections.Generic.IEnumerable`1[Syrx.Commanders.Databases.Tests.Integration.Models.Immutable.ImmutableType],System.Collections.Generic.IEnumerable`1[Syrx.Commanders.Databases.Tests.Integration.Models.Immutable.ImmutableType],System.Collections.Generic.IEnumerable`1[Syrx.Commanders.Databases.Tests.Integration.Models.Immutable.ImmutableType],System.Collections.Generic.IEnumerable`1[Syrx.Commanders.Databases.Tests.Integration.Models.Immutable.ImmutableType],System.Collections.Generic.IEnumerable`1[Syrx.Commanders.Databases.Tests.Integration.Models.Immutable.ImmutableType],System.Collections.Generic.IEnumerable`1[Syrx.Commanders.Databases.Tests.Integration.Models.Immutable.ImmutableType],System.Collections.Generic.IEnumerable`1[Syrx.Commanders.Databases.Tests.Integration.Models.Immutable.ImmutableType],System.Collections.Generic.IEnumerable`1[Syrx.Commanders.Databases.Tests.Integration.Models.Immutable.ImmutableType],System.Collections.Generic.IEnumerable`1[Syrx.Commanders.Databases.Tests.Integration.Models.Immutable.ImmutableType],System.Collections.Generic.IEnumerable`1[Syrx.Commanders.Databases.Tests.Integration.Models.Immutable.ImmutableType],System.Collections.Generic.IEnumerable`1[Syrx.Commanders.Databases.Tests.Integration.Models.Immutable.ImmutableType],System.Collections.Generic.IEnumerable`1[Syrx.Commanders.Databases.Tests.Integration.Models.Immutable.ImmutableFourteenType`15[System.Collections.Generic.IEnumerable`1[Syrx.Commanders.Databases.Tests.Integration.Models.Immutable.ImmutableType],System.Collections.Generic.IEnumerable`1[Syrx.Commanders.Databases.Tests.Integration.Models.Immutable.ImmutableType],System.Collections.Generic.IEnumerable`1[Syrx.Commanders.Databases.Tests.Integration.Models.Immutable.ImmutableType],System.Collections.Generic.IEnumerable`1[Syrx.Commanders.Databases.Tests.Integration.Models.Immutable.ImmutableType],System.Collections.Generic.IEnumerable`1[Syrx.Commanders.Databases.Tests.Integration.Models.Immutable.ImmutableType],System.Collections.Generic.IEnumerable`1[Syrx.Commanders.Databases.Tests.Integration.Models.Immutable.ImmutableType],System.Collections.Generic.IEnumerable`1[Syrx.Commanders.Databases.Tests.Integration.Models.Immutable.ImmutableType],System.Collections.Generic.IEnumerable`1[Syrx.Commanders.Databases.Tests.Integration.Models.Immutable.ImmutableType],System.Collections.Generic.IEnumerable`1[Syrx.Commanders.Databases.Tests.Integration.Models.Immutable.ImmutableType],System.Collections.Generic.IEnumerable`1[Syrx.Commanders.Databases.Tests.Integration.Models.Immutable.ImmutableType],System.Collections.Generic.IEnumerable`1[Syrx.Commanders.Databases.Tests.Integration.Models.Immutable.ImmutableType],System.Collections.Generic.IEnumerable`1[Syrx.Commanders.Databases.Tests.Integration.Models.Immutable.ImmutableType],System.Collections.Generic.IEnumerable`1[Syrx.Commanders.Databases.Tests.Integration.Models.Immutable.ImmutableType],System.Collections.Generic.IEnumerable`1[Syrx.Commanders.Databases.Tests.Integration.Models.Immutable.ImmutableType],System.Collections.Generic.IEnumerable`1[Syrx.Commanders.Databases.Tests.Integration.Models.Immutable.ImmutableType]]]], Parameters = , Method =  })" computerName="SEXTONXPS" duration="00:00:00.0158606" startTime="2026-06-02T00:49:11.1551694+01:00" endTime="2026-06-02T00:49:11.1725328+01:00" testType="13cdc9d9-ddb5-4fa4-a97d-d965ccfc6d4b" outcome="Failed" testListId="8c84fa94-04c1-424b-9868-57a2d4851a1d" relativeResultsDirectory="5a362013-2103-4fcf-bcc9-d2fc442ebda0">
      <Output>
        <ErrorInfo>
          <Message>Assert.Equivalent() Failure: Collection value not found&#xD;
Expected: ImmutableFourteenType { One = System.Linq.Enumerable+RangeSelectIterator`2[System.Int32,Syrx.Commanders.Databases.Tests.Integration.Models.Immutable.ImmutableType], Two = System.Linq.Enumerable+RangeSelectIterator`2[System.Int32,Syrx.Commanders.Databases.Tests.Integration.Models.Immutable.ImmutableType], Three = System.Linq.Enumerable+RangeSelectIterator`2[System.Int32,Syrx.Commanders.Databases.Tests.Integration.Models.Immutable.ImmutableType], Four = System.Linq.Enumerable+RangeSelectIterator`2[System.Int32,Syrx.Commanders.Databases.Tests.Integration.Models.Immutable.ImmutableType], Five = System.Linq.Enumerable+RangeSelectIterator`2[System.Int32,Syrx.Commanders.Databases.Tests.Integration.Models.Immutable.ImmutableType], Six = System.Linq.Enumerable+RangeSelectIterator`2[System.Int32,Syrx.Commanders.Databases.Tests.Integration.Models.Immutable.ImmutableType], Seven = System.Linq.Enumerable+RangeSelectIterator`2[System.Int32,Syrx.Commanders.Databases.Tests.Integration.Models.Immutable.ImmutableType], Eight = System.Linq.Enumerable+RangeSelectIterator`2[System.Int32,Syrx.Commanders.Databases.Tests.Integration.Models.Immutable.ImmutableType], Nine = System.Linq.Enumerable+RangeSelectIterator`2[System.Int32,Syrx.Commanders.Databases.Tests.Integration.Models.Immutable.ImmutableType], Ten = System.Linq.Enumerable+RangeSelectIterator`2[System.Int32,Syrx.Commanders.Databases.Tests.Integration.Models.Immutable.ImmutableType], Eleven = System.Linq.Enumerable+RangeSelectIterator`2[System.Int32,Syrx.Commanders.Databases.Tests.Integration.Models.Immutable.ImmutableType], Twelve = System.Linq.Enumerable+RangeSelectIterator`2[System.Int32,Syrx.Commanders.Databases.Tests.Integration.Models.Immutable.ImmutableType], Thirteen = System.Linq.Enumerable+RangeSelectIterator`2[System.Int32,Syrx.Commanders.Databases.Tests.Integration.Models.Immutable.ImmutableType], Fourteen = System.Linq.Enumerable+RangeSelectIterator`2[System.Int32,Syrx.Commanders.Databases.Tests.Integration.Models.Immutable.ImmutableType] }&#xD;
In:       [ImmutableFourteenType { One = System.Collections.Generic.List`1[Syrx.Commanders.Databases.Tests.Integration.Models.Immutable.ImmutableType], Two = System.Collections.Generic.List`1[Syrx.Commanders.Databases.Tests.Integration.Models.Immutable.ImmutableType], Three = System.Collections.Generic.List`1[Syrx.Commanders.Databases.Tests.Integration.Models.Immutable.ImmutableType], Four = System.Collections.Generic.List`1[Syrx.Commanders.Databases.Tests.Integration.Models.Immutable.ImmutableType], Five = System.Collections.Generic.List`1[Syrx.Commanders.Databases.Tests.Integration.Models.Immutable.ImmutableType], Six = System.Collections.Generic.List`1[Syrx.Commanders.Databases.Tests.Integration.Models.Immutable.ImmutableType], Seven = System.Collections.Generic.List`1[Syrx.Commanders.Databases.Tests.Integration.Models.Immutable.ImmutableType], Eight = System.Collections.Generic.List`1[Syrx.Commanders.Databases.Tests.Integration.Models.Immutable.ImmutableType], Nine = System.Collections.Generic.List`1[Syrx.Commanders.Databases.Tests.Integration.Models.Immutable.ImmutableType], Ten = System.Collections.Generic.List`1[Syrx.Commanders.Databases.Tests.Integration.Models.Immutable.ImmutableType], Eleven = System.Collections.Generic.List`1[Syrx.Commanders.Databases.Tests.Integration.Models.Immutable.ImmutableType], Twelve = System.Collections.Generic.List`1[Syrx.Commanders.Databases.Tests.Integration.Models.Immutable.ImmutableType], Thirteen = System.Collections.Generic.List`1[Syrx.Commanders.Databases.Tests.Integration.Models.Immutable.ImmutableType], Fourteen = System.Collections.Generic.List`1[Syrx.Commanders.Databases.Tests.Integration.Models.Immutable.ImmutableType] }]</Message>
          <StackTrace>   at Syrx.Commanders.Databases.Tests.Integration.DatabaseCommanderTests.QueryAsync.FourteenTypeMultiple[T1,T2,T3,T4,T5,T6,T7,T8,T9,T10,T11,T12,T13,T14,TResult](FourteenType`15 input) in C:\Projects\Syrx\Syrx.Commanders.Databases\tests\integration\Syrx.Commanders.Databases.Tests.Integration\DatabaseCommanderTests\QueryAsync.Multiple.cs:line 428&#xD;
--- End of stack trace from previous location ---</StackTrace>
        </ErrorInfo>
      </Output>
    </UnitTestResult>
[...]
      </RunInfo>
      <RunInfo computerName="SEXTONXPS" outcome="Error" timestamp="2026-06-02T00:49:12.1436074+01:00">
        <Text>[xUnit.net 00:00:01.90]     Syrx.Sqlite.Tests.Integration.DatabaseCommanderTests.SqliteQuery.ThreeTypesWithParameters&lt;ImmutableType, ImmutableType, ImmutableType, ImmutableThreeType&lt;ImmutableType, ImmutableType, ImmutableType, ImmutableType&gt;&gt;(input: ThreeType { One = ImmutableType { Id = 1, Name = entry 1, Value = 10, Modified = 02/06/2026 00:00:00 }, Two = ImmutableType { Id = 2, Name = entry 2, Value = 20, Modified = 02/06/2026 00:00:00 }, Three = ImmutableType { Id = 3, Name = entry 3, Value = 30, Modified = 02/06/2026 00:00:00 }, Map = System.Func`4[Syrx.Commanders.Databases.Tests.Integration.Models.Immutable.ImmutableType,Syrx.Commanders.Databases.Tests.Integration.Models.Immutable.ImmutableType,Syrx.Commanders.Databases.Tests.Integration.Models.Immutable.ImmutableType,Syrx.Commanders.Databases.Tests.Integration.Models.Immutable.ImmutableThreeType`4[Syrx.Commanders.Databases.Tests.Integration.Models.Immutable.ImmutableType,Syrx.Commanders.Databases.Tests.Integration.Models.Immutable.ImmutableType,Syrx.Commanders.Databases.Tests.Integration.Models.Immutable.ImmutableType,Syrx.Commanders.Databases.Tests.Integration.Models.Immutable.ImmutableType]], Parameters = { id = 1 }, Method =  }) [FAIL]</Text>
      </RunInfo>
      <RunInfo computerName="SEXTONXPS" outcome="Error" timestamp="2026-06-02T00:49:12.1467381+01:00">
        <Text>[xUnit.net 00:00:01.90]     Syrx.Sqlite.Tests.Integration.DatabaseCommanderTests.SqliteQuery.ThreeTypesWithParameters&lt;ImmutableType, ImmutableType, ImmutableType, ImmutableThreeType&lt;ImmutableType, ImmutableType, ImmutableType, ImmutableType&gt;&gt;(input: ThreeType { One = ImmutableType { Id = 1, Name = entry 1, Value = 10, Modified = 02/06/2026 00:00:00 }, Two = ImmutableType { Id = 2, Name = entry 2, Value = 20, Modified = 02/06/2026 00:00:00 }, Three = ImmutableType { Id = 3, Name = entry 3, Value = 30, Modified = 02/06/2026 00:00:00 }, Map = System.Func`4[Syrx.Commanders.Databases.Tests.Integration.Models.Immutable.ImmutableType,Syrx.Commanders.Databases.Tests.Integration.Models.Immutable.ImmutableType,Syrx.Commanders.Databases.Tests.Integration.Models.Immutable.ImmutableType,Syrx.Commanders.Databases.Tests.Integration.Models.Immutable.ImmutableThreeType`4[Syrx.Commanders.Databases.Tests.Integration.Models.Immutable.ImmutableType,Syrx.Commanders.Databases.Tests.Integration.Models.Immutable.ImmutableType,Syrx.Commanders.Databases.Tests.Integration.Models.Immutable.ImmutableType,Syrx.Commanders.Databases.Tests.Integration.Models.Immutable.ImmutableType]], Parameters = { id = 1 }, Method =  }) [FAIL]</Text>
      </RunInfo>
      <RunInfo computerName="SEXTONXPS" outcome="Error" timestamp="2026-06-02T00:49:12.1594095+01:00">
        <Text>[xUnit.net 00:00:01.91]     Syrx.Sqlite.Tests.Integration.DatabaseCommanderTests.SqliteQuery.SixteenTypeMultiple&lt;ImmutableType, ImmutableType, ImmutableType, ImmutableType, ImmutableType, ImmutableType, ImmutableType, ImmutableType, ImmutableType, ImmutableType, ImmutableType, ImmutableType, ImmutableType, ImmutableType, ImmutableType, ImmutableType, ImmutableSixteenType&lt;IEnumerable&lt;ImmutableType&gt;, IEnumerable&lt;ImmutableType&gt;, IEnumerable&lt;ImmutableType&gt;, IEnumerable&lt;ImmutableType&gt;, IEnumerable&lt;ImmutableType&gt;, IEnumerable&lt;ImmutableType&gt;, IEnumerable&lt;ImmutableType&gt;, IEnumerable&lt;ImmutableType&gt;, IEnumerable&lt;ImmutableType&gt;, IEnumerable&lt;ImmutableType&gt;, IEnumerable&lt;ImmutableType&gt;, IEnumerable&lt;ImmutableType&gt;, IEnumerable&lt;ImmutableType&gt;, IEnumerable&lt;ImmutableType&gt;, IEnumerable&lt;ImmutableType&gt;, IEnumerable&lt;ImmutableType&gt;, IEnumerable&lt;ImmutableType&gt;&gt;&gt;(input: SixteenType { One = System.Linq.Enumerable+RangeSelectIterator`2[System.Int32,Syrx.Commanders.Databases.Tests.Integration.Models.Immutable.ImmutableType], Two = System.Linq.Enumerable+RangeSelectIterator`2[System.Int32,Syrx.Commanders.Databases.Tests.Integration.Models.Immutable.ImmutableType], Three = System.Linq.Enumerable+RangeSelectIterator`2[System.Int32,Syrx.Commanders.Databases.Tests.Integration.Models.Immutable.ImmutableType], Four = System.Linq.Enumerable+RangeSelectIterator`2[System.Int32,Syrx.Commanders.Databases.Tests.Integration.Models.Immutable.ImmutableType], Five = System.Linq.Enumerable+RangeSelectIterator`2[System.Int32,Syrx.Commanders.Databases.Tests.Integration.Models.Immutable.ImmutableType], Six = System.Linq.Enumerable+RangeSelectIterator`2[System.Int32,Syrx.Commanders.Databases.Tests.Integration.Models.Immutable.ImmutableType], Seven = System.Linq.Enumerable+RangeSelectIterator`2[System.Int32,Syrx.Commanders.Databases.Tests.Integration.Models.Immutable.ImmutableType], Eight = System.Linq.Enumerable+RangeSelectIterator`2[System.Int32,Syrx.Commanders.Databases.Tests.Integration.Models.Immutable.ImmutableType], Nine = System.Linq.Enumerable+RangeSelectIterator`2[System.Int32,Syrx.Commanders.Databases.Tests.Integration.Models.Immutable.ImmutableType], Ten = System.Linq.Enumerable+RangeSelectIterator`2[System.Int32,Syrx.Commanders.Databases.Tests.Integration.Models.Immutable.ImmutableType], Eleven = System.Linq.Enumerable+RangeSelectIterator`2[System.Int32,Syrx.Commanders.Databases.Tests.Integration.Models.Immutable.ImmutableType], Twelve = System.Linq.Enumerable+RangeSelectIterator`2[System.Int32,Syrx.Commanders.Databases.Tests.Integration.Models.Immutable.ImmutableType], Thirteen = System.Linq.Enumerable+RangeSelectIterator`2[System.Int32,Syrx.Commanders.Databases.Tests.Integration.Models.Immutable.ImmutableType], Fourteen = System.Linq.Enumerable+RangeSelectIterator`2[System.Int32,Syrx.Commanders.Databases.Tests.Integration.Models.Immutable.ImmutableType], Fifteen = System.Linq.Enumerable+RangeSelectIterator`2[System.Int32,Syrx.Commanders.Databases.Tests.Integration.Models.Immutable.ImmutableType], Sixteen = System.Linq.Enumerable+RangeSelectIterator`2[System.Int32,Syrx.Commanders.Databases.Tests.Integration.Models.Immutable.ImmutableType], Map = System.Func`17[System.Collections.Generic.IEnumerable`1[Syrx.Commanders.Databases.Tests.Integration.Models.Immutable.ImmutableType],System.Collections.Generic.IEnumerable`1[Syrx.Commanders.Databases.Tests.Integration.Models.Immutable.ImmutableType],System.Collections.Generic.IEnumerable`1[Syrx.Commanders.Databases.Tests.Integration.Models.Immutable.ImmutableType],System.Collections.Generic.IEnumerable`1[Syrx.Commanders.Databases.Tests.Integration.Models.Immutable.ImmutableType],System.Collections.Generic.IEnumerable`1[Syrx.Commanders.Databases.Tests.Integration.Models.Immutable.ImmutableType],System.Collections.Generic.IEnumerable`1[Syrx.Commanders.Databases.Tests.Integration.Models.Immutable.ImmutableType],System.Collections.Generic.IEnumerable`1[Syrx.Commanders.Databases.Tests.Integration.Models.Immutable.ImmutableType],System.Collections.Generic.IEnumerable`1[Syrx.Commanders.Databases.Tests.Integration.Models.Immutable.ImmutableType],System.Collections.Generic.IEnumerable`1[Syrx.Commanders.Databases.Tests.Integration.Models.Immutable.ImmutableType],System.Collections.Generic.IEnumerable`1[Syrx.Commanders.Databases.Tests.Integration.Models.Immutable.ImmutableType],System.Collections.Generic.IEnumerable`1[Syrx.Commanders.Databases.Tests.Integration.Models.Immutable.ImmutableType],System.Collections.Generic.IEnumerable`1[Syrx.Commanders.Databases.Tests.Integration.Models.Immutable.ImmutableType],System.Collections.Generic.IEnumerable`1[Syrx.Commanders.Databases.Tests.Integration.Models.Immutable.ImmutableType],System.Collections.Generic.IEnumerable`1[Syrx.Commanders.Databases.Tests.Integration.Models.Immutable.ImmutableType],System.Collections.Generic.IEnumerable`1[Syrx.Commanders.Databases.Tests.Integration.Models.Immutable.ImmutableType],System.Collections.Generic.IEnumerable`1[Syrx.Commanders.Databases.Tests.Integration.Models.Immutable.ImmutableType],System.Collections.Generic.IEnumerable`1[Syrx.Commanders.Databases.Tests.Integration.Models.Immutable.ImmutableSixteenType`17[System.Collections.Generic.IEnumerable`1[Syrx.Commanders.Databases.Tests.Integration.Models.Immutable.ImmutableType],System.Collections.Generic.IEnumerable`1[Syrx.Commanders.Databases.Tests.Integration.Models.Immutable.ImmutableType],System.Collections.Generic.IEnumerable`1[Syrx.Commanders.Databases.Tests.Integration.Models.Immutable.ImmutableType],System.Collections.Generic.IEnumerable`1[Syrx.Commanders.Databases.Tests.Integration.Models.Immutable.ImmutableType],System.Collections.Generic.IEnumerable`1[Syrx.Commanders.Databases.Tests.Integration.Models.Immutable.ImmutableType],System.Collections.Generic.IEnumerable`1[Syrx.Commanders.Databases.Tests.Integration.Models.Immutable.ImmutableType],System.Collections.Generic.IEnumerable`1[Syrx.Commanders.Databases.Tests.Integration.Models.Immutable.ImmutableType],System.Collections.Generic.IEnumerable`1[Syrx.Commanders.Databases.Tests.Integration.Models.Immutable.ImmutableType],System.Collections.Generic.IEnumerable`1[Syrx.Commanders.Databases.Tests.Integration.Models.Immutable.ImmutableType],System.Collections.Generic.IEnumerable`1[Syrx.Commanders.Databases.Tests.Integration.Models.Immutable.ImmutableType],System.Collections.Generic.IEnumerable`1[Syrx.Commanders.Databases.Tests.Integration.Models.Immutable.ImmutableType],System.Collections.Generic.IEnumerable`1[Syrx.Commanders.Databases.Tests.Integration.Models.Immutable.ImmutableType],System.Collections.Generic.IEnumerable`1[Syrx.Commanders.Databases.Tests.Integration.Models.Immutable.ImmutableType],System.Collections.Generic.IEnumerable`1[Syrx.Commanders.Databases.Tests.Integration.Models.Immutable.ImmutableType],System.Collections.Generic.IEnumerable`1[Syrx.Commanders.Databases.Tests.Integration.Models.Immutable.ImmutableType],System.Collections.Generic.IEnumerable`1[Syrx.Commanders.Databases.Tests.Integration.Models.Immutable.ImmutableType],System.Collections.Generic.IEnumerable`1[Syrx.Commanders.Databases.Tests.Integration.Models.Immutable.ImmutableType]]]], Parameters = , Method =  }) [FAIL]</Text>
      </RunInfo>
      <RunInfo computerName="SEXTONXPS" outcome="Warning" timestamp="2026-06-02T00:49:12.1608054+01:00">
        <Text>[xUnit.net 00:00:01.91]     Syrx.Sqlite.Tests.Integration.DatabaseCommanderTests.SqliteQuery.TwoTypes [SKIP]</Text>
      </RunInfo>
      <RunInfo computerName="SEXTONXPS" outcome="Error" timestamp="2026-06-02T00:49:12.1723326+01:00">
        <Text>[xUnit.net 00:00:01.93]     Syrx.Sqlite.Tests.Integration.DatabaseCommanderTests.SqliteQuery.SixTypeMultiple&lt;ImmutableType, ImmutableType, ImmutableType, ImmutableType, ImmutableType, ImmutableType, ImmutableSixType&lt;IEnumerable&lt;ImmutableType&gt;, IEnumerable&lt;ImmutableType&gt;, IEnumerable&lt;ImmutableType&gt;, IEnumerable&lt;ImmutableType&gt;, IEnumerable&lt;ImmutableType&gt;, IEnumerable&lt;ImmutableType&gt;, IEnumerable&lt;ImmutableType&gt;&gt;&gt;(input: SixType { One = System.Linq.Enumerable+RangeSelectIterator`2[System.Int32,Syrx.Commanders.Databases.Tests.Integration.Models.Immutable.ImmutableType], Two = System.Linq.Enumerable+RangeSelectIterator`2[System.Int32,Syrx.Commanders.Databases.Tests.Integration.Models.Immutable.ImmutableType], Three = System.Linq.Enumerable+RangeSelectIterator`2[System.Int32,Syrx.Commanders.Databases.Tests.Integration.Models.Immutable.ImmutableType], Four = System.Linq.Enumerable+RangeSelectIterator`2[System.Int32,Syrx.Commanders.Databases.Tests.Integration.Models.Immutable.ImmutableType], Five = System.Linq.Enumerable+RangeSelectIterator`2[System.Int32,Syrx.Commanders.Databases.Tests.Integration.Models.Immutable.ImmutableType], Six = System.Linq.Enumerable+RangeSelectIterator`2[System.Int32,Syrx.Commanders.Databases.Tests.Integration.Models.Immutable.ImmutableType], Map = System.Func`7[System.Collections.Generic.IEnumerable`1[Syrx.Commanders.Databases.Tests.Integration.Models.Immutable.ImmutableType],System.Collections.Generic.IEnumerable`1[Syrx.Commanders.Databases.Tests.Integration.Models.Immutable.ImmutableType],System.Collections.Generic.IEnumerable`1[Syrx.Commanders.Databases.Tests.Integration.Models.Immutable.ImmutableType],System.Collections.Generic.IEnumerable`1[Syrx.Commanders.Databases.Tests.Integration.Models.Immutable.ImmutableType],System.Collections.Generic.IEnumerable`1[Syrx.Commanders.Databases.Tests.Integration.Models.Immutable.ImmutableType],System.Collections.Generic.IEnumerable`1[Syrx.Commanders.Databases.Tests.Integration.Models.Immutable.ImmutableType],System.Collections.Generic.IEnumerable`1[Syrx.Commanders.Databases.Tests.Integration.Models.Immutable.ImmutableSixType`7[System.Collections.Generic.IEnumerable`1[Syrx.Commanders.Databases.Tests.Integration.Models.Immutable.ImmutableType],System.Collections.Generic.IEnumerable`1[Syrx.Commanders.Databases.Tests.Integration.Models.Immutable.ImmutableType],System.Collections.Generic.IEnumerable`1[Syrx.Commanders.Databases.Tests.Integration.Models.Immutable.ImmutableType],System.Collections.Generic.IEnumerable`1[Syrx.Commanders.Databases.Tests.Integration.Models.Immutable.ImmutableType],System.Collections.Generic.IEnumerable`1[Syrx.Commanders.Databases.Tests.Integration.Models.Immutable.ImmutableType],System.Collections.Generic.IEnumerable`1[Syrx.Commanders.Databases.Tests.Integration.Models.Immutable.ImmutableType],System.Collections.Generic.IEnumerable`1[Syrx.Commanders.Databases.Tests.Integration.Models.Immutable.ImmutableType]]]], Parameters = , Method =  }) [FAIL]</Text>
      </RunInfo>
      <RunInfo computerName="SEXTONXPS" outcome="Error" timestamp="2026-06-02T00:49:12.1810962+01:00">
        <Text>[xUnit.net 00:00:01.93]     Syrx.Sqlite.Tests.Integration.DatabaseCommanderTests.SqliteQuery.SixTypesWithParameters&lt;ImmutableType, ImmutableType, ImmutableType, ImmutableType, ImmutableType, ImmutableType, ImmutableSixType&lt;ImmutableType, ImmutableType, ImmutableType, ImmutableType, ImmutableType, ImmutableType, ImmutableType&gt;&gt;(input: SixType { One = ImmutableType { Id = 1, Name = entry 1, Value = 10, Modified = 02/06/2026 00:00:00 }, Two = ImmutableType { Id = 2, Name = entry 2, Value = 20, Modified = 02/06/2026 00:00:00 }, Three = ImmutableType { Id = 3, Name = entry 3, Value = 30, Modified = 02/06/2026 00:00:00 }, Four = ImmutableType { Id = 4, Name = entry 4, Value = 40, Modified = 02/06/2026 00:00:00 }, Five = ImmutableType { Id = 5, Name = entry 5, Value = 50, Modified = 02/06/2026 00:00:00 }, Six = ImmutableType { Id = 6, Name = entry 6, Value = 60, Modified = 02/06/2026 00:00:00 }, Map = System.Func`7[Syrx.Commanders.Databases.Tests.Integration.Models.Immutable.ImmutableType,Syrx.Commanders.Databases.Tests.Integration.Models.Immutable.ImmutableType,Syrx.Commanders.Databases.Tests.Integration.Models.Immutable.ImmutableType,Syrx.Commanders.Databases.Tests.Integration.Models.Immutable.ImmutableType,Syrx.Commanders.Databases.Tests.Integration.Models.Immutable.ImmutableType,Syrx.Commanders.Databases.Tests.Integration.Models.Immutable.ImmutableType,Syrx.Commanders.Databases.Tests.Integration.Models.Immutable.ImmutableSixType`7[Syrx.Commanders.Databases.Tests.Integration.Models.Immutable.ImmutableType,Syrx.Commanders.Databases.Tests.Integration.Models.Immutable.ImmutableType,Syrx.Commanders.Databases.Tests.Integration.Models.Immutable.ImmutableType,Syrx.Commanders.Databases.Tests.Integration.Models.Immutable.ImmutableType,Syrx.Commanders.Databases.Tests.Integration.Models.Immutable.ImmutableType,Syrx.Commanders.Databases.Tests.Integration.Models.Immutable.ImmutableType,Syrx.Commanders.Databases.Tests.Integration.Models.Immutable.ImmutableType]], Parameters = { id = 1 }, Method =  }) [FAIL]</Text>
      </RunInfo>
      <RunInfo computerName="SEXTONXPS" outcome="Error" timestamp="2026-06-02T00:49:12.1909131+01:00">
        <Text>[xUnit.net 00:00:01.94]     Syrx.Sqlite.Tests.Integration.DatabaseCommanderTests.SqliteQuery.OneTypeMultiple&lt;ImmutableType, ImmutableOneType&lt;IEnumerable&lt;ImmutableType&gt;, IEnumerable&lt;ImmutableType&gt;&gt;&gt;(input: OneType { One = &lt;&gt;z__ReadOnlySingleElementList`1[Syrx.Commanders.Databases.Tests.Integration.Models.Immutable.ImmutableType], Map = System.Func`2[System.Collections.Generic.IEnumerable`1[Syrx.Commanders.Databases.Tests.Integration.Models.Immutable.ImmutableType],System.Collections.Generic.IEnumerable`1[Syrx.Commanders.Databases.Tests.Integration.Models.Immutable.ImmutableOneType`2[System.Collections.Generic.IEnumerable`1[Syrx.Commanders.Databases.Tests.Integration.Models.Immutable.ImmutableType],System.Collections.Generic.IEnumerable`1[Syrx.Commanders.Databases.Tests.Integration.Models.Immutable.ImmutableType]]]], Parameters = , Method = OneTypeMultiple }) [FAIL]</Text>
      </RunInfo>
      <RunInfo computerName="SEXTONXPS" outcome="Error" timestamp="2026-06-02T00:49:12.1932446+01:00">
        <Text>[xUnit.net 00:00:01.95]     Syrx.Sqlite.Tests.Integration.DatabaseCommanderTests.SqliteQuery.OneTypeMultiple&lt;ImmutableType, ImmutableOneType&lt;IEnumerable&lt;ImmutableType&gt;, IEnumerable&lt;ImmutableType&gt;&gt;&gt;(input: OneType { One = &lt;&gt;z__ReadOnlySingleElementList`1[Syrx.Commanders.Databases.Tests.Integration.Models.Immutable.ImmutableType], Map = System.Func`2[System.Collections.Generic.IEnumerable`1[Syrx.Commanders.Databases.Tests.Integration.Models.Immutable.ImmutableType],System.Collections.Generic.IEnumerable`1[Syrx.Commanders.Databases.Tests.Integration.Models.Immutable.ImmutableOneType`2[System.Collections.Generic.IEnumerable`1[Syrx.Commanders.Databases.Tests.Integration.Models.Immutable.ImmutableType],System.Collections.Generic.IEnumerable`1[Syrx.Commanders.Databases.Tests.Integration.Models.Immutable.ImmutableType]]]], Parameters = { id = 10 }, Method = OneTypeMultiple }) [FAIL]</Text>
      </RunInfo>
      <RunInfo computerName="SEXTONXPS" outcome="Warning" timestamp="2026-06-02T00:49:12.3381956+01:00">
        <Text>[xUnit.net 00:00:02.09]     Syrx.Sqlite.Tests.Integration.DatabaseCommanderTests.SqliteExecuteAsync.SupportsEnlistingInAmbientTransactions [SKIP]</Text>
      </RunInfo>
      <RunInfo computerName="SEXTONXPS" outcome="Warning" timestamp="2026-06-02T00:49:12.3916379+01:00">
        <Text>[xUnit.net 00:00:02.14]     Syrx.Sqlite.Tests.Integration.DatabaseCommanderTests.SqliteExecute.SupportsEnlistingInAmbientTransactions [SKIP]</Text>
      </RunInfo>
    </RunInfos>
  </ResultSummary>
</TestRun>